#
# There is insufficient memory for the Java Runtime Environment to continue.
# Native memory allocation (malloc) failed to allocate 1662736 bytes. Error detail: Chunk::new
# Possible reasons:
#   The system is out of physical RAM or swap space
#   This process is running with CompressedOops enabled, and the Java Heap may be blocking the growth of the native heap
# Possible solutions:
#   Reduce memory load on the system
#   Increase physical memory or swap space
#   Check if swap backing store is full
#   Decrease Java heap size (-Xmx/-Xms)
#   Decrease number of Java threads
#   Decrease Java thread stack sizes (-Xss)
#   Set larger code cache with -XX:ReservedCodeCacheSize=
#   JVM is running with Unscaled Compressed Oops mode in which the Java heap is
#     placed in the first 4GB address space. The Java Heap base address is the
#     maximum limit for the native heap growth. Please use -XX:HeapBaseMinAddress
#     to set the Java Heap base and to place the Java Heap above 4GB virtual address.
# This output file may be truncated or incomplete.
#
#  Out of Memory Error (arena.cpp:168), pid=26440, tid=36092
#
# JRE version: OpenJDK Runtime Environment Temurin-21.0.8+9 (21.0.8+9) (build 21.0.8+9-LTS)
# Java VM: OpenJDK 64-Bit Server VM Temurin-21.0.8+9 (21.0.8+9-LTS, mixed mode, sharing, tiered, compressed oops, compressed class ptrs, parallel gc, windows-amd64)
# No core dump will be written. Minidumps are not enabled by default on client versions of Windows
#

---------------  S U M M A R Y ------------

Command Line: --add-modules=ALL-SYSTEM --add-opens=java.base/java.util=ALL-UNNAMED --add-opens=java.base/java.lang=ALL-UNNAMED --add-opens=java.base/sun.nio.fs=ALL-UNNAMED -Declipse.application=org.eclipse.jdt.ls.core.id1 -Dosgi.bundles.defaultStartLevel=4 -Declipse.product=org.eclipse.jdt.ls.core.product -Djava.import.generatesMetadataFilesAtProjectRoot=false -DDetectVMInstallationsJob.disabled=true -Dfile.encoding=utf8 -XX:+UseParallelGC -XX:GCTimeRatio=4 -XX:AdaptiveSizePolicyWeight=90 -Dsun.zip.disableMemoryMapping=true -Xmx2G -Xms100m -Xlog:disable -javaagent:c:\Users\Avishka\.vscode\extensions\redhat.java-1.44.0-win32-x64\lombok\lombok-1.18.39-4050.jar c:\Users\Avishka\.vscode\extensions\redhat.java-1.44.0-win32-x64\server\plugins\org.eclipse.equinox.launcher_1.7.0.v20250519-0528.jar -configuration c:\Users\Avishka\AppData\Roaming\Code\User\globalStorage\redhat.java\1.44.0\config_ss_win -data c:\Users\Avishka\AppData\Roaming\Code\User\workspaceStorage\bc28ba390c83b240dd2435da20ed720d\redhat.java\ss_ws --pipe=\\.\pipe\lsp-78a1ee9b7b1a4a9127f3c15e389fa60b-sock

Host: Intel(R) Core(TM) Ultra 5 125H, 18 cores, 15G,  Windows 11 , 64 bit Build 26100 (10.0.26100.4768)
Time: Wed Aug 20 18:02:41 2025 Sri Lanka Standard Time elapsed time: 4.368950 seconds (0d 0h 0m 4s)

---------------  T H R E A D  ---------------

Current thread (0x000001ba72b1bab0):  JavaThread "C2 CompilerThread1" daemon [_thread_in_native, id=36092, stack(0x0000001b58000000,0x0000001b58100000) (1024K)]


Current CompileTask:
C2:4368 5075 %     4       org.lombokweb.asm.SymbolTable::<init> @ 98 (554 bytes)

Stack: [0x0000001b58000000,0x0000001b58100000]
Native frames: (J=compiled Java code, j=interpreted, Vv=VM code, C=native code)
V  [jvm.dll+0x6d2449]
V  [jvm.dll+0x8ae341]
V  [jvm.dll+0x8b08be]
V  [jvm.dll+0x8b0fa3]
V  [jvm.dll+0x280c96]
V  [jvm.dll+0xc581d]
V  [jvm.dll+0xc5d53]
V  [jvm.dll+0x3b9162]
V  [jvm.dll+0x1e1213]
V  [jvm.dll+0x249022]
V  [jvm.dll+0x2484af]
V  [jvm.dll+0x1c89ee]
V  [jvm.dll+0x257d4d]
V  [jvm.dll+0x2562ea]
V  [jvm.dll+0x3f2d16]
V  [jvm.dll+0x857e6b]
V  [jvm.dll+0x6d0b0d]
C  [ucrtbase.dll+0x37b0]
C  [KERNEL32.DLL+0x2e8d7]
C  [ntdll.dll+0x3c34c]


---------------  P R O C E S S  ---------------

Threads class SMR info:
_java_thread_list=0x000001ba793d7930, length=53, elements={
0x000001ba5861f9a0, 0x000001ba5ab4c030, 0x000001ba5ab4cce0, 0x000001ba5ab51720,
0x000001ba5ab534b0, 0x000001ba5ab54620, 0x000001ba5ab59000, 0x000001ba7293e540,
0x000001ba72969910, 0x000001ba72a23860, 0x000001ba72b03080, 0x000001ba72b19700,
0x000001ba72b1bab0, 0x000001ba72c1d340, 0x000001ba7455f460, 0x000001ba791e48d0,
0x000001ba791dc470, 0x000001ba7902d820, 0x000001ba791c2260, 0x000001ba7902e480,
0x000001ba79391830, 0x000001ba7964fdb0, 0x000001ba7966c2d0, 0x000001ba79589a50,
0x000001ba796dd940, 0x000001ba796ac450, 0x000001ba7958c840, 0x000001ba7958ae00,
0x000001ba795893c0, 0x000001ba7958a0e0, 0x000001ba7958c1b0, 0x000001ba7958a770,
0x000001ba7958b490, 0x000001ba7958bb20, 0x000001ba7b2da860, 0x000001ba7b2dd650,
0x000001ba7b2db580, 0x000001ba7b2daef0, 0x000001ba7b2dc2a0, 0x000001ba7b2dc930,
0x000001ba7b2de370, 0x000001ba7b2ddce0, 0x000001ba7b2dcfc0, 0x000001ba7b2dea00,
0x000001ba7b2df090, 0x000001ba7b2dbc10, 0x000001ba7b2e0ad0, 0x000001ba7b2e17f0,
0x000001ba7b2df720, 0x000001ba7badefe0, 0x000001ba79890e80, 0x000001ba79887ea0,
0x000001ba79ac9c90
}

Java Threads: ( => current thread )
  0x000001ba5861f9a0 JavaThread "main"                              [_thread_blocked, id=24076, stack(0x0000001b57100000,0x0000001b57200000) (1024K)]
  0x000001ba5ab4c030 JavaThread "Reference Handler"          daemon [_thread_blocked, id=35000, stack(0x0000001b57500000,0x0000001b57600000) (1024K)]
  0x000001ba5ab4cce0 JavaThread "Finalizer"                  daemon [_thread_blocked, id=37348, stack(0x0000001b57600000,0x0000001b57700000) (1024K)]
  0x000001ba5ab51720 JavaThread "Signal Dispatcher"          daemon [_thread_blocked, id=27096, stack(0x0000001b57700000,0x0000001b57800000) (1024K)]
  0x000001ba5ab534b0 JavaThread "Attach Listener"            daemon [_thread_blocked, id=23844, stack(0x0000001b57800000,0x0000001b57900000) (1024K)]
  0x000001ba5ab54620 JavaThread "Service Thread"             daemon [_thread_blocked, id=6976, stack(0x0000001b57900000,0x0000001b57a00000) (1024K)]
  0x000001ba5ab59000 JavaThread "Monitor Deflation Thread"   daemon [_thread_blocked, id=3804, stack(0x0000001b57a00000,0x0000001b57b00000) (1024K)]
  0x000001ba7293e540 JavaThread "C2 CompilerThread0"         daemon [_thread_in_native, id=33192, stack(0x0000001b57b00000,0x0000001b57c00000) (1024K)]
  0x000001ba72969910 JavaThread "C1 CompilerThread0"         daemon [_thread_blocked, id=8684, stack(0x0000001b57c00000,0x0000001b57d00000) (1024K)]
  0x000001ba72a23860 JavaThread "C1 CompilerThread1"         daemon [_thread_blocked, id=37788, stack(0x0000001b57d00000,0x0000001b57e00000) (1024K)]
  0x000001ba72b03080 JavaThread "Common-Cleaner"             daemon [_thread_blocked, id=7780, stack(0x0000001b57e00000,0x0000001b57f00000) (1024K)]
  0x000001ba72b19700 JavaThread "C1 CompilerThread2"         daemon [_thread_blocked, id=23456, stack(0x0000001b57f00000,0x0000001b58000000) (1024K)]
=>0x000001ba72b1bab0 JavaThread "C2 CompilerThread1"         daemon [_thread_in_native, id=36092, stack(0x0000001b58000000,0x0000001b58100000) (1024K)]
  0x000001ba72c1d340 JavaThread "C1 CompilerThread3"         daemon [_thread_blocked, id=17400, stack(0x0000001b58100000,0x0000001b58200000) (1024K)]
  0x000001ba7455f460 JavaThread "Notification Thread"        daemon [_thread_blocked, id=37760, stack(0x0000001b58200000,0x0000001b58300000) (1024K)]
  0x000001ba791e48d0 JavaThread "Active Thread: Equinox Container: d4f88b49-dd02-4884-8958-b1016af06319"        [_thread_blocked, id=36480, stack(0x0000001b58b00000,0x0000001b58c00000) (1024K)]
  0x000001ba791dc470 JavaThread "Framework Event Dispatcher: Equinox Container: d4f88b49-dd02-4884-8958-b1016af06319" daemon [_thread_blocked, id=5036, stack(0x0000001b58d00000,0x0000001b58e00000) (1024K)]
  0x000001ba7902d820 JavaThread "Start Level: Equinox Container: d4f88b49-dd02-4884-8958-b1016af06319" daemon [_thread_blocked, id=38516, stack(0x0000001b58e00000,0x0000001b58f00000) (1024K)]
  0x000001ba791c2260 JavaThread "SCR Component Actor"        daemon [_thread_blocked, id=36440, stack(0x0000001b58f00000,0x0000001b59000000) (1024K)]
  0x000001ba7902e480 JavaThread "SCR Component Registry"     daemon [_thread_blocked, id=4500, stack(0x0000001b59000000,0x0000001b59100000) (1024K)]
  0x000001ba79391830 JavaThread "Worker-JM"                         [_thread_blocked, id=30056, stack(0x0000001b59100000,0x0000001b59200000) (1024K)]
  0x000001ba7964fdb0 JavaThread "JNA Cleaner"                daemon [_thread_blocked, id=39704, stack(0x0000001b58300000,0x0000001b58400000) (1024K)]
  0x000001ba7966c2d0 JavaThread "Worker-0"                          [_thread_blocked, id=13752, stack(0x0000001b58a00000,0x0000001b58b00000) (1024K)]
  0x000001ba79589a50 JavaThread "Worker-1"                          [_thread_blocked, id=12380, stack(0x0000001b59400000,0x0000001b59500000) (1024K)]
  0x000001ba796dd940 JavaThread "C2 CompilerThread2"         daemon [_thread_in_native, id=29604, stack(0x0000001b59900000,0x0000001b59a00000) (1024K)]
  0x000001ba796ac450 JavaThread "C2 CompilerThread3"         daemon [_thread_blocked, id=35520, stack(0x0000001b59a00000,0x0000001b59b00000) (1024K)]
  0x000001ba7958c840 JavaThread "Thread-2"                   daemon [_thread_in_native, id=31556, stack(0x0000001b59d00000,0x0000001b59e00000) (1024K)]
  0x000001ba7958ae00 JavaThread "Thread-3"                   daemon [_thread_in_native, id=32764, stack(0x0000001b59e00000,0x0000001b59f00000) (1024K)]
  0x000001ba795893c0 JavaThread "Thread-4"                   daemon [_thread_in_native, id=35972, stack(0x0000001b59f00000,0x0000001b5a000000) (1024K)]
  0x000001ba7958a0e0 JavaThread "Thread-5"                   daemon [_thread_in_native, id=3108, stack(0x0000001b5a000000,0x0000001b5a100000) (1024K)]
  0x000001ba7958c1b0 JavaThread "Thread-6"                   daemon [_thread_in_native, id=37672, stack(0x0000001b5a100000,0x0000001b5a200000) (1024K)]
  0x000001ba7958a770 JavaThread "Thread-7"                   daemon [_thread_in_native, id=38456, stack(0x0000001b5a200000,0x0000001b5a300000) (1024K)]
  0x000001ba7958b490 JavaThread "Thread-8"                   daemon [_thread_in_native, id=30364, stack(0x0000001b5a300000,0x0000001b5a400000) (1024K)]
  0x000001ba7958bb20 JavaThread "Thread-9"                   daemon [_thread_in_native, id=18436, stack(0x0000001b5a400000,0x0000001b5a500000) (1024K)]
  0x000001ba7b2da860 JavaThread "Thread-10"                  daemon [_thread_in_native, id=9300, stack(0x0000001b5a500000,0x0000001b5a600000) (1024K)]
  0x000001ba7b2dd650 JavaThread "Thread-11"                  daemon [_thread_in_native, id=38844, stack(0x0000001b5a600000,0x0000001b5a700000) (1024K)]
  0x000001ba7b2db580 JavaThread "Thread-12"                  daemon [_thread_in_native, id=38508, stack(0x0000001b5a700000,0x0000001b5a800000) (1024K)]
  0x000001ba7b2daef0 JavaThread "Thread-13"                  daemon [_thread_in_native, id=39008, stack(0x0000001b5a800000,0x0000001b5a900000) (1024K)]
  0x000001ba7b2dc2a0 JavaThread "Thread-14"                  daemon [_thread_in_native, id=33108, stack(0x0000001b5a900000,0x0000001b5aa00000) (1024K)]
  0x000001ba7b2dc930 JavaThread "Thread-15"                  daemon [_thread_in_native, id=31020, stack(0x0000001b5aa00000,0x0000001b5ab00000) (1024K)]
  0x000001ba7b2de370 JavaThread "Thread-16"                  daemon [_thread_in_native, id=9384, stack(0x0000001b5ab00000,0x0000001b5ac00000) (1024K)]
  0x000001ba7b2ddce0 JavaThread "Thread-17"                  daemon [_thread_in_native, id=22760, stack(0x0000001b5ac00000,0x0000001b5ad00000) (1024K)]
  0x000001ba7b2dcfc0 JavaThread "Thread-18"                  daemon [_thread_in_native, id=31792, stack(0x0000001b5ad00000,0x0000001b5ae00000) (1024K)]
  0x000001ba7b2dea00 JavaThread "Thread-19"                  daemon [_thread_in_native, id=38016, stack(0x0000001b5ae00000,0x0000001b5af00000) (1024K)]
  0x000001ba7b2df090 JavaThread "Thread-20"                  daemon [_thread_in_native, id=7104, stack(0x0000001b5af00000,0x0000001b5b000000) (1024K)]
  0x000001ba7b2dbc10 JavaThread "pool-2-thread-1"                   [_thread_blocked, id=23324, stack(0x0000001b5b000000,0x0000001b5b100000) (1024K)]
  0x000001ba7b2e0ad0 JavaThread "Worker-2"                          [_thread_blocked, id=32848, stack(0x0000001b5b100000,0x0000001b5b200000) (1024K)]
  0x000001ba7b2e17f0 JavaThread "WorkspaceEventsHandler"            [_thread_blocked, id=34256, stack(0x0000001b5b200000,0x0000001b5b300000) (1024K)]
  0x000001ba7b2df720 JavaThread "pool-1-thread-1"                   [_thread_in_vm, id=26572, stack(0x0000001b5b300000,0x0000001b5b400000) (1024K)]
  0x000001ba7badefe0 JavaThread "C2 CompilerThread4"         daemon [_thread_blocked, id=3188, stack(0x0000001b5b400000,0x0000001b5b500000) (1024K)]
  0x000001ba79890e80 JavaThread "C2 CompilerThread5"         daemon [_thread_in_native, id=38104, stack(0x0000001b5b500000,0x0000001b5b600000) (1024K)]
  0x000001ba79887ea0 JavaThread "C2 CompilerThread6"         daemon [_thread_blocked, id=32448, stack(0x0000001b5b600000,0x0000001b5b700000) (1024K)]
  0x000001ba79ac9c90 JavaThread "C2 CompilerThread7"         daemon [_thread_in_native, id=33664, stack(0x0000001b5b700000,0x0000001b5b800000) (1024K)]
Total: 53

Other Threads:
  0x000001ba5ac5abe0 VMThread "VM Thread"                           [id=37056, stack(0x0000001b57400000,0x0000001b57500000) (1024K)]
  0x000001ba5aa3ca00 WatcherThread "VM Periodic Task Thread"        [id=21596, stack(0x0000001b57300000,0x0000001b57400000) (1024K)]
  0x000001ba5abd6c50 WorkerThread "GC Thread#0"                     [id=27508, stack(0x0000001b57200000,0x0000001b57300000) (1024K)]
  0x000001ba748bd550 WorkerThread "GC Thread#1"                     [id=33432, stack(0x0000001b58400000,0x0000001b58500000) (1024K)]
  0x000001ba793a2660 WorkerThread "GC Thread#2"                     [id=26796, stack(0x0000001b58500000,0x0000001b58600000) (1024K)]
  0x000001ba74cf6980 WorkerThread "GC Thread#3"                     [id=36936, stack(0x0000001b58600000,0x0000001b58700000) (1024K)]
  0x000001ba74cf6d20 WorkerThread "GC Thread#4"                     [id=12348, stack(0x0000001b58700000,0x0000001b58800000) (1024K)]
  0x000001ba79407cd0 WorkerThread "GC Thread#5"                     [id=36164, stack(0x0000001b58800000,0x0000001b58900000) (1024K)]
  0x000001ba79408070 WorkerThread "GC Thread#6"                     [id=31372, stack(0x0000001b58900000,0x0000001b58a00000) (1024K)]
  0x000001ba79075c70 WorkerThread "GC Thread#7"                     [id=29888, stack(0x0000001b58c00000,0x0000001b58d00000) (1024K)]
  0x000001ba794152a0 WorkerThread "GC Thread#8"                     [id=20608, stack(0x0000001b59200000,0x0000001b59300000) (1024K)]
  0x000001ba79416120 WorkerThread "GC Thread#9"                     [id=39416, stack(0x0000001b59300000,0x0000001b59400000) (1024K)]
  0x000001ba79415640 WorkerThread "GC Thread#10"                    [id=33140, stack(0x0000001b59500000,0x0000001b59600000) (1024K)]
  0x000001ba79415d80 WorkerThread "GC Thread#11"                    [id=39312, stack(0x0000001b59600000,0x0000001b59700000) (1024K)]
  0x000001ba794159e0 WorkerThread "GC Thread#12"                    [id=9184, stack(0x0000001b59700000,0x0000001b59800000) (1024K)]
  0x000001ba794164c0 WorkerThread "GC Thread#13"                    [id=31876, stack(0x0000001b59800000,0x0000001b59900000) (1024K)]
Total: 16

Threads with active compile tasks:
C2 CompilerThread0  4380 5157       4       org.eclipse.osgi.internal.loader.BundleLoader::searchHooks (192 bytes)
C2 CompilerThread1  4380 5075 %     4       org.lombokweb.asm.SymbolTable::<init> @ 98 (554 bytes)
C2 CompilerThread2  4380 5119       4       org.lombokweb.asm.ClassReader::readMethod (1070 bytes)
C2 CompilerThread5  4380 5113 %     4       org.lombokweb.asm.ClassReader::readCode @ 92 (5117 bytes)
C2 CompilerThread7  4380 5174       4       java.lang.String::split (242 bytes)
Total: 5

VM state: not at safepoint (normal execution)

VM Mutex/Monitor currently owned by a thread: None

Heap address: 0x0000000080000000, size: 2048 MB, Compressed Oops mode: 32-bit

CDS archive(s) mapped at: [0x000001ba00000000-0x000001ba00ba0000-0x000001ba00ba0000), size 12189696, SharedBaseAddress: 0x000001ba00000000, ArchiveRelocationMode: 1.
Compressed class space mapped at: 0x000001ba01000000-0x000001ba41000000, reserved size: 1073741824
Narrow klass base: 0x000001ba00000000, Narrow klass shift: 0, Narrow klass range: 0x100000000

GC Precious Log:
 CardTable entry size: 512
 CPUs: 18 total, 18 available
 Memory: 16053M
 Large Page Support: Disabled
 NUMA Support: Disabled
 Compressed Oops: Enabled (32-bit)
 Alignments: Space 512K, Generation 512K, Heap 2M
 Heap Min Capacity: 100M
 Heap Initial Capacity: 100M
 Heap Max Capacity: 2G
 Pre-touch: Disabled
 Parallel Workers: 14

Heap:
 PSYoungGen      total 23040K, used 17972K [0x00000000d5580000, 0x00000000d6e00000, 0x0000000100000000)
  eden space 22016K, 77% used [0x00000000d5580000,0x00000000d6642c28,0x00000000d6b00000)
  from space 1024K, 79% used [0x00000000d6b00000,0x00000000d6bca548,0x00000000d6c00000)
  to   space 1536K, 0% used [0x00000000d6c80000,0x00000000d6c80000,0x00000000d6e00000)
 ParOldGen       total 68608K, used 30208K [0x0000000080000000, 0x0000000084300000, 0x00000000d5580000)
  object space 68608K, 44% used [0x0000000080000000,0x0000000081d80020,0x0000000084300000)
 Metaspace       used 37906K, committed 38848K, reserved 1114112K
  class space    used 3805K, committed 4224K, reserved 1048576K

Card table byte_map: [0x000001ba5a550000,0x000001ba5a960000] _byte_map_base: 0x000001ba5a150000

Marking Bits: (ParMarkBitMap*) 0x00007ff879c3a340
 Begin Bits: [0x000001ba6d050000, 0x000001ba6f050000)
 End Bits:   [0x000001ba6f050000, 0x000001ba71050000)

Polling page: 0x000001ba58980000

Metaspace:

Usage:
  Non-class:     33.30 MB used.
      Class:      3.72 MB used.
       Both:     37.02 MB used.

Virtual space:
  Non-class space:       64.00 MB reserved,      33.81 MB ( 53%) committed,  1 nodes.
      Class space:        1.00 GB reserved,       4.12 MB ( <1%) committed,  1 nodes.
             Both:        1.06 GB reserved,      37.94 MB (  3%) committed. 

Chunk freelists:
   Non-Class:  14.02 MB
       Class:  11.83 MB
        Both:  25.84 MB

MaxMetaspaceSize: unlimited
CompressedClassSpaceSize: 1.00 GB
Initial GC threshold: 21.00 MB
Current GC threshold: 58.38 MB
CDS: on
 - commit_granule_bytes: 65536.
 - commit_granule_words: 8192.
 - virtual_space_node_default_size: 8388608.
 - enlarge_chunks_in_place: 1.
 - use_allocation_guard: 0.


Internal statistics:

num_allocs_failed_limit: 6.
num_arena_births: 684.
num_arena_deaths: 14.
num_vsnodes_births: 2.
num_vsnodes_deaths: 0.
num_space_committed: 607.
num_space_uncommitted: 0.
num_chunks_returned_to_freelist: 20.
num_chunks_taken_from_freelist: 2201.
num_chunk_merges: 12.
num_chunk_splits: 1441.
num_chunks_enlarged: 931.
num_inconsistent_stats: 0.

CodeHeap 'non-profiled nmethods': size=119168Kb used=2831Kb max_used=2857Kb free=116336Kb
 bounds [0x000001ba65940000, 0x000001ba65c20000, 0x000001ba6cda0000]
CodeHeap 'profiled nmethods': size=119104Kb used=10067Kb max_used=10563Kb free=109036Kb
 bounds [0x000001ba5dda0000, 0x000001ba5e810000, 0x000001ba651f0000]
CodeHeap 'non-nmethods': size=7488Kb used=3088Kb max_used=3161Kb free=4399Kb
 bounds [0x000001ba651f0000, 0x000001ba65510000, 0x000001ba65940000]
CodeCache: size=245760Kb, used=15986Kb, max_used=16581Kb, free=229771Kb
 total_blobs=5473, nmethods=4791, adapters=583, full_count=0
Compilation: enabled, stopped_count=0, restarted_count=0

Compilation events (20 events):
Event: 3.334 Thread 0x000001ba72b19700 nmethod 5208 0x000001ba65a17910 code [0x000001ba65a17aa0, 0x000001ba65a17b68]
Event: 3.334 Thread 0x000001ba72969910 5198       3       lombok.eclipse.EclipseAST::buildStatement (57 bytes)
Event: 3.334 Thread 0x000001ba72c1d340 nmethod 5207 0x000001ba65a31990 code [0x000001ba65a31b20, 0x000001ba65a31be8]
Event: 3.334 Thread 0x000001ba72b19700 5200       3       lombok.core.AST::fieldsOf (69 bytes)
Event: 3.334 Thread 0x000001ba72a23860 5201       3       lombok.eclipse.EclipseAST::buildTree (10 bytes)
Event: 3.334 Thread 0x000001ba72c1d340 5202       3       lombok.eclipse.EclipseAST::buildTree (182 bytes)
Event: 3.335 Thread 0x000001ba72969910 nmethod 5198 0x000001ba5e2f5e90 code [0x000001ba5e2f60c0, 0x000001ba5e2f69d0]
Event: 3.335 Thread 0x000001ba72a23860 nmethod 5201 0x000001ba5e2ef390 code [0x000001ba5e2ef540, 0x000001ba5e2ef788]
Event: 3.335 Thread 0x000001ba72b19700 nmethod 5200 0x000001ba5dfb9190 code [0x000001ba5dfb93e0, 0x000001ba5dfb9cf0]
Event: 3.335 Thread 0x000001ba72a23860 5203   !   3       lombok.eclipse.EclipseAST::$SWITCH_TABLE$lombok$core$AST$Kind (157 bytes)
Event: 3.336 Thread 0x000001ba72969910 5212       3       org.eclipse.jdt.internal.compiler.ast.SingleTypeReference::getTypeName (12 bytes)
Event: 3.336 Thread 0x000001ba72b19700 5209       3       lombok.core.LombokImmutableList::size (6 bytes)
Event: 3.336 Thread 0x000001ba72c1d340 nmethod 5202 0x000001ba5e0cb110 code [0x000001ba5e0cb4c0, 0x000001ba5e0ccb38]
Event: 3.336 Thread 0x000001ba72969910 nmethod 5212 0x000001ba5ddce910 code [0x000001ba5ddceac0, 0x000001ba5ddcedb0]
Event: 3.336 Thread 0x000001ba72b19700 nmethod 5209 0x000001ba5df59090 code [0x000001ba5df59220, 0x000001ba5df59338]
Event: 3.337 Thread 0x000001ba72a23860 nmethod 5203 0x000001ba5de6b090 code [0x000001ba5de6b2a0, 0x000001ba5de6b940]
Event: 3.337 Thread 0x000001ba796ac450 nmethod 5211 0x000001ba65a31610 code [0x000001ba65a317a0, 0x000001ba65a31870]
Event: 3.338 Thread 0x000001ba7badefe0 nmethod 5204 0x000001ba65987010 code [0x000001ba659871a0, 0x000001ba659874b8]
Event: 3.340 Thread 0x000001ba79887ea0 5213       4       java.lang.ThreadLocal$ThreadLocalMap::set (133 bytes)
Event: 3.348 Thread 0x000001ba79887ea0 nmethod 5213 0x000001ba65a10490 code [0x000001ba65a10660, 0x000001ba65a10a10]

GC Heap History (20 events):
Event: 2.341 GC heap before
{Heap before GC invocations=12 (full 1):
 PSYoungGen      total 26112K, used 25758K [0x00000000d5580000, 0x00000000d7480000, 0x0000000100000000)
  eden space 23040K, 100% used [0x00000000d5580000,0x00000000d6c00000,0x00000000d6c00000)
  from space 3072K, 88% used [0x00000000d7180000,0x00000000d7427b38,0x00000000d7480000)
  to   space 3584K, 0% used [0x00000000d6d80000,0x00000000d6d80000,0x00000000d7100000)
 ParOldGen       total 68608K, used 14721K [0x0000000080000000, 0x0000000084300000, 0x00000000d5580000)
  object space 68608K, 21% used [0x0000000080000000,0x0000000080e60588,0x0000000084300000)
 Metaspace       used 31842K, committed 32768K, reserved 1114112K
  class space    used 3167K, committed 3584K, reserved 1048576K
}
Event: 2.344 GC heap after
{Heap after GC invocations=12 (full 1):
 PSYoungGen      total 25600K, used 2656K [0x00000000d5580000, 0x00000000d7200000, 0x0000000100000000)
  eden space 22528K, 0% used [0x00000000d5580000,0x00000000d5580000,0x00000000d6b80000)
  from space 3072K, 86% used [0x00000000d6d80000,0x00000000d7018010,0x00000000d7080000)
  to   space 1536K, 0% used [0x00000000d7080000,0x00000000d7080000,0x00000000d7200000)
 ParOldGen       total 68608K, used 17222K [0x0000000080000000, 0x0000000084300000, 0x00000000d5580000)
  object space 68608K, 25% used [0x0000000080000000,0x00000000810d19a8,0x0000000084300000)
 Metaspace       used 31842K, committed 32768K, reserved 1114112K
  class space    used 3167K, committed 3584K, reserved 1048576K
}
Event: 2.423 GC heap before
{Heap before GC invocations=13 (full 1):
 PSYoungGen      total 25600K, used 25184K [0x00000000d5580000, 0x00000000d7200000, 0x0000000100000000)
  eden space 22528K, 100% used [0x00000000d5580000,0x00000000d6b80000,0x00000000d6b80000)
  from space 3072K, 86% used [0x00000000d6d80000,0x00000000d7018010,0x00000000d7080000)
  to   space 1536K, 0% used [0x00000000d7080000,0x00000000d7080000,0x00000000d7200000)
 ParOldGen       total 68608K, used 17222K [0x0000000080000000, 0x0000000084300000, 0x00000000d5580000)
  object space 68608K, 25% used [0x0000000080000000,0x00000000810d19a8,0x0000000084300000)
 Metaspace       used 32268K, committed 33216K, reserved 1114112K
  class space    used 3233K, committed 3648K, reserved 1048576K
}
Event: 2.425 GC heap after
{Heap after GC invocations=13 (full 1):
 PSYoungGen      total 23552K, used 1521K [0x00000000d5580000, 0x00000000d7600000, 0x0000000100000000)
  eden space 22016K, 0% used [0x00000000d5580000,0x00000000d5580000,0x00000000d6b00000)
  from space 1536K, 99% used [0x00000000d7080000,0x00000000d71fc420,0x00000000d7200000)
  to   space 5632K, 0% used [0x00000000d6b00000,0x00000000d6b00000,0x00000000d7080000)
 ParOldGen       total 68608K, used 20574K [0x0000000080000000, 0x0000000084300000, 0x00000000d5580000)
  object space 68608K, 29% used [0x0000000080000000,0x00000000814179a8,0x0000000084300000)
 Metaspace       used 32268K, committed 33216K, reserved 1114112K
  class space    used 3233K, committed 3648K, reserved 1048576K
}
Event: 2.471 GC heap before
{Heap before GC invocations=14 (full 1):
 PSYoungGen      total 23552K, used 23537K [0x00000000d5580000, 0x00000000d7600000, 0x0000000100000000)
  eden space 22016K, 100% used [0x00000000d5580000,0x00000000d6b00000,0x00000000d6b00000)
  from space 1536K, 99% used [0x00000000d7080000,0x00000000d71fc420,0x00000000d7200000)
  to   space 5632K, 0% used [0x00000000d6b00000,0x00000000d6b00000,0x00000000d7080000)
 ParOldGen       total 68608K, used 20574K [0x0000000080000000, 0x0000000084300000, 0x00000000d5580000)
  object space 68608K, 29% used [0x0000000080000000,0x00000000814179a8,0x0000000084300000)
 Metaspace       used 32297K, committed 33216K, reserved 1114112K
  class space    used 3234K, committed 3648K, reserved 1048576K
}
Event: 2.474 GC heap after
{Heap after GC invocations=14 (full 1):
 PSYoungGen      total 25088K, used 2724K [0x00000000d5580000, 0x00000000d7200000, 0x0000000100000000)
  eden space 22016K, 0% used [0x00000000d5580000,0x00000000d5580000,0x00000000d6b00000)
  from space 3072K, 88% used [0x00000000d6b00000,0x00000000d6da9000,0x00000000d6e00000)
  to   space 3584K, 0% used [0x00000000d6e80000,0x00000000d6e80000,0x00000000d7200000)
 ParOldGen       total 68608K, used 22081K [0x0000000080000000, 0x0000000084300000, 0x00000000d5580000)
  object space 68608K, 32% used [0x0000000080000000,0x00000000815906b0,0x0000000084300000)
 Metaspace       used 32297K, committed 33216K, reserved 1114112K
  class space    used 3234K, committed 3648K, reserved 1048576K
}
Event: 2.503 GC heap before
{Heap before GC invocations=15 (full 1):
 PSYoungGen      total 25088K, used 24740K [0x00000000d5580000, 0x00000000d7200000, 0x0000000100000000)
  eden space 22016K, 100% used [0x00000000d5580000,0x00000000d6b00000,0x00000000d6b00000)
  from space 3072K, 88% used [0x00000000d6b00000,0x00000000d6da9000,0x00000000d6e00000)
  to   space 3584K, 0% used [0x00000000d6e80000,0x00000000d6e80000,0x00000000d7200000)
 ParOldGen       total 68608K, used 22081K [0x0000000080000000, 0x0000000084300000, 0x00000000d5580000)
  object space 68608K, 32% used [0x0000000080000000,0x00000000815906b0,0x0000000084300000)
 Metaspace       used 32317K, committed 33280K, reserved 1114112K
  class space    used 3235K, committed 3712K, reserved 1048576K
}
Event: 2.505 GC heap after
{Heap after GC invocations=15 (full 1):
 PSYoungGen      total 24576K, used 2368K [0x00000000d5580000, 0x00000000d7100000, 0x0000000100000000)
  eden space 22016K, 0% used [0x00000000d5580000,0x00000000d5580000,0x00000000d6b00000)
  from space 2560K, 92% used [0x00000000d6e80000,0x00000000d70d0000,0x00000000d7100000)
  to   space 3072K, 0% used [0x00000000d6b00000,0x00000000d6b00000,0x00000000d6e00000)
 ParOldGen       total 68608K, used 24566K [0x0000000080000000, 0x0000000084300000, 0x00000000d5580000)
  object space 68608K, 35% used [0x0000000080000000,0x00000000817fdb10,0x0000000084300000)
 Metaspace       used 32317K, committed 33280K, reserved 1114112K
  class space    used 3235K, committed 3712K, reserved 1048576K
}
Event: 2.537 GC heap before
{Heap before GC invocations=16 (full 1):
 PSYoungGen      total 24576K, used 24384K [0x00000000d5580000, 0x00000000d7100000, 0x0000000100000000)
  eden space 22016K, 100% used [0x00000000d5580000,0x00000000d6b00000,0x00000000d6b00000)
  from space 2560K, 92% used [0x00000000d6e80000,0x00000000d70d0000,0x00000000d7100000)
  to   space 3072K, 0% used [0x00000000d6b00000,0x00000000d6b00000,0x00000000d6e00000)
 ParOldGen       total 68608K, used 24566K [0x0000000080000000, 0x0000000084300000, 0x00000000d5580000)
  object space 68608K, 35% used [0x0000000080000000,0x00000000817fdb10,0x0000000084300000)
 Metaspace       used 32354K, committed 33344K, reserved 1114112K
  class space    used 3235K, committed 3712K, reserved 1048576K
}
Event: 2.539 GC heap after
{Heap after GC invocations=16 (full 1):
 PSYoungGen      total 24576K, used 2488K [0x00000000d5580000, 0x00000000d7000000, 0x0000000100000000)
  eden space 22016K, 0% used [0x00000000d5580000,0x00000000d5580000,0x00000000d6b00000)
  from space 2560K, 97% used [0x00000000d6b00000,0x00000000d6d6e210,0x00000000d6d80000)
  to   space 2560K, 0% used [0x00000000d6d80000,0x00000000d6d80000,0x00000000d7000000)
 ParOldGen       total 68608K, used 26694K [0x0000000080000000, 0x0000000084300000, 0x00000000d5580000)
  object space 68608K, 38% used [0x0000000080000000,0x0000000081a11b10,0x0000000084300000)
 Metaspace       used 32354K, committed 33344K, reserved 1114112K
  class space    used 3235K, committed 3712K, reserved 1048576K
}
Event: 2.878 GC heap before
{Heap before GC invocations=17 (full 1):
 PSYoungGen      total 24576K, used 24504K [0x00000000d5580000, 0x00000000d7000000, 0x0000000100000000)
  eden space 22016K, 100% used [0x00000000d5580000,0x00000000d6b00000,0x00000000d6b00000)
  from space 2560K, 97% used [0x00000000d6b00000,0x00000000d6d6e210,0x00000000d6d80000)
  to   space 2560K, 0% used [0x00000000d6d80000,0x00000000d6d80000,0x00000000d7000000)
 ParOldGen       total 68608K, used 26694K [0x0000000080000000, 0x0000000084300000, 0x00000000d5580000)
  object space 68608K, 38% used [0x0000000080000000,0x0000000081a11b10,0x0000000084300000)
 Metaspace       used 34712K, committed 35648K, reserved 1114112K
  class space    used 3496K, committed 3904K, reserved 1048576K
}
Event: 2.881 GC heap after
{Heap after GC invocations=17 (full 1):
 PSYoungGen      total 23552K, used 1274K [0x00000000d5580000, 0x00000000d6f00000, 0x0000000100000000)
  eden space 22016K, 0% used [0x00000000d5580000,0x00000000d5580000,0x00000000d6b00000)
  from space 1536K, 82% used [0x00000000d6d80000,0x00000000d6ebeb18,0x00000000d6f00000)
  to   space 2048K, 0% used [0x00000000d6b00000,0x00000000d6b00000,0x00000000d6d00000)
 ParOldGen       total 68608K, used 29039K [0x0000000080000000, 0x0000000084300000, 0x00000000d5580000)
  object space 68608K, 42% used [0x0000000080000000,0x0000000081c5bd20,0x0000000084300000)
 Metaspace       used 34712K, committed 35648K, reserved 1114112K
  class space    used 3496K, committed 3904K, reserved 1048576K
}
Event: 2.948 GC heap before
{Heap before GC invocations=18 (full 1):
 PSYoungGen      total 23552K, used 9059K [0x00000000d5580000, 0x00000000d6f00000, 0x0000000100000000)
  eden space 22016K, 35% used [0x00000000d5580000,0x00000000d5d1a3d8,0x00000000d6b00000)
  from space 1536K, 82% used [0x00000000d6d80000,0x00000000d6ebeb18,0x00000000d6f00000)
  to   space 2048K, 0% used [0x00000000d6b00000,0x00000000d6b00000,0x00000000d6d00000)
 ParOldGen       total 68608K, used 29039K [0x0000000080000000, 0x0000000084300000, 0x00000000d5580000)
  object space 68608K, 42% used [0x0000000080000000,0x0000000081c5bd20,0x0000000084300000)
 Metaspace       used 34919K, committed 35840K, reserved 1114112K
  class space    used 3536K, committed 3968K, reserved 1048576K
}
Event: 2.949 GC heap after
{Heap after GC invocations=18 (full 1):
 PSYoungGen      total 24064K, used 621K [0x00000000d5580000, 0x00000000d6e00000, 0x0000000100000000)
  eden space 22016K, 0% used [0x00000000d5580000,0x00000000d5580000,0x00000000d6b00000)
  from space 2048K, 30% used [0x00000000d6b00000,0x00000000d6b9b6f0,0x00000000d6d00000)
  to   space 1024K, 0% used [0x00000000d6d00000,0x00000000d6d00000,0x00000000d6e00000)
 ParOldGen       total 68608K, used 30135K [0x0000000080000000, 0x0000000084300000, 0x00000000d5580000)
  object space 68608K, 43% used [0x0000000080000000,0x0000000081d6dee8,0x0000000084300000)
 Metaspace       used 34919K, committed 35840K, reserved 1114112K
  class space    used 3536K, committed 3968K, reserved 1048576K
}
Event: 2.949 GC heap before
{Heap before GC invocations=19 (full 2):
 PSYoungGen      total 24064K, used 621K [0x00000000d5580000, 0x00000000d6e00000, 0x0000000100000000)
  eden space 22016K, 0% used [0x00000000d5580000,0x00000000d5580000,0x00000000d6b00000)
  from space 2048K, 30% used [0x00000000d6b00000,0x00000000d6b9b6f0,0x00000000d6d00000)
  to   space 1024K, 0% used [0x00000000d6d00000,0x00000000d6d00000,0x00000000d6e00000)
 ParOldGen       total 68608K, used 30135K [0x0000000080000000, 0x0000000084300000, 0x00000000d5580000)
  object space 68608K, 43% used [0x0000000080000000,0x0000000081d6dee8,0x0000000084300000)
 Metaspace       used 34919K, committed 35840K, reserved 1114112K
  class space    used 3536K, committed 3968K, reserved 1048576K
}
Event: 2.982 GC heap after
{Heap after GC invocations=19 (full 2):
 PSYoungGen      total 24064K, used 0K [0x00000000d5580000, 0x00000000d6e00000, 0x0000000100000000)
  eden space 22016K, 0% used [0x00000000d5580000,0x00000000d5580000,0x00000000d6b00000)
  from space 2048K, 0% used [0x00000000d6b00000,0x00000000d6b00000,0x00000000d6d00000)
  to   space 1024K, 0% used [0x00000000d6d00000,0x00000000d6d00000,0x00000000d6e00000)
 ParOldGen       total 68608K, used 29027K [0x0000000080000000, 0x0000000084300000, 0x00000000d5580000)
  object space 68608K, 42% used [0x0000000080000000,0x0000000081c58da0,0x0000000084300000)
 Metaspace       used 34919K, committed 35840K, reserved 1114112K
  class space    used 3536K, committed 3968K, reserved 1048576K
}
Event: 3.154 GC heap before
{Heap before GC invocations=20 (full 2):
 PSYoungGen      total 24064K, used 22016K [0x00000000d5580000, 0x00000000d6e00000, 0x0000000100000000)
  eden space 22016K, 100% used [0x00000000d5580000,0x00000000d6b00000,0x00000000d6b00000)
  from space 2048K, 0% used [0x00000000d6b00000,0x00000000d6b00000,0x00000000d6d00000)
  to   space 1024K, 0% used [0x00000000d6d00000,0x00000000d6d00000,0x00000000d6e00000)
 ParOldGen       total 68608K, used 29027K [0x0000000080000000, 0x0000000084300000, 0x00000000d5580000)
  object space 68608K, 42% used [0x0000000080000000,0x0000000081c58da0,0x0000000084300000)
 Metaspace       used 36422K, committed 37312K, reserved 1114112K
  class space    used 3665K, committed 4096K, reserved 1048576K
}
Event: 3.156 GC heap after
{Heap after GC invocations=20 (full 2):
 PSYoungGen      total 23040K, used 1020K [0x00000000d5580000, 0x00000000d6f00000, 0x0000000100000000)
  eden space 22016K, 0% used [0x00000000d5580000,0x00000000d5580000,0x00000000d6b00000)
  from space 1024K, 99% used [0x00000000d6d00000,0x00000000d6dff3d0,0x00000000d6e00000)
  to   space 2048K, 0% used [0x00000000d6b00000,0x00000000d6b00000,0x00000000d6d00000)
 ParOldGen       total 68608K, used 29475K [0x0000000080000000, 0x0000000084300000, 0x00000000d5580000)
  object space 68608K, 42% used [0x0000000080000000,0x0000000081cc8cb0,0x0000000084300000)
 Metaspace       used 36422K, committed 37312K, reserved 1114112K
  class space    used 3665K, committed 4096K, reserved 1048576K
}
Event: 3.208 GC heap before
{Heap before GC invocations=21 (full 2):
 PSYoungGen      total 23040K, used 23036K [0x00000000d5580000, 0x00000000d6f00000, 0x0000000100000000)
  eden space 22016K, 100% used [0x00000000d5580000,0x00000000d6b00000,0x00000000d6b00000)
  from space 1024K, 99% used [0x00000000d6d00000,0x00000000d6dff3d0,0x00000000d6e00000)
  to   space 2048K, 0% used [0x00000000d6b00000,0x00000000d6b00000,0x00000000d6d00000)
 ParOldGen       total 68608K, used 29475K [0x0000000080000000, 0x0000000084300000, 0x00000000d5580000)
  object space 68608K, 42% used [0x0000000080000000,0x0000000081cc8cb0,0x0000000084300000)
 Metaspace       used 36445K, committed 37440K, reserved 1114112K
  class space    used 3665K, committed 4096K, reserved 1048576K
}
Event: 3.209 GC heap after
{Heap after GC invocations=21 (full 2):
 PSYoungGen      total 23040K, used 809K [0x00000000d5580000, 0x00000000d6e00000, 0x0000000100000000)
  eden space 22016K, 0% used [0x00000000d5580000,0x00000000d5580000,0x00000000d6b00000)
  from space 1024K, 79% used [0x00000000d6b00000,0x00000000d6bca548,0x00000000d6c00000)
  to   space 1536K, 0% used [0x00000000d6c80000,0x00000000d6c80000,0x00000000d6e00000)
 ParOldGen       total 68608K, used 30208K [0x0000000080000000, 0x0000000084300000, 0x00000000d5580000)
  object space 68608K, 44% used [0x0000000080000000,0x0000000081d80020,0x0000000084300000)
 Metaspace       used 36445K, committed 37440K, reserved 1114112K
  class space    used 3665K, committed 4096K, reserved 1048576K
}

Dll operation events (10 events):
Event: 0.005 Loaded shared library c:\Users\Avishka\.vscode\extensions\redhat.java-1.44.0-win32-x64\jre\21.0.8-win32-x86_64\bin\java.dll
Event: 0.044 Loaded shared library c:\Users\Avishka\.vscode\extensions\redhat.java-1.44.0-win32-x64\jre\21.0.8-win32-x86_64\bin\zip.dll
Event: 0.057 Loaded shared library C:\Users\Avishka\.vscode\extensions\redhat.java-1.44.0-win32-x64\jre\21.0.8-win32-x86_64\bin\instrument.dll
Event: 0.060 Loaded shared library C:\Users\Avishka\.vscode\extensions\redhat.java-1.44.0-win32-x64\jre\21.0.8-win32-x86_64\bin\net.dll
Event: 0.061 Loaded shared library C:\Users\Avishka\.vscode\extensions\redhat.java-1.44.0-win32-x64\jre\21.0.8-win32-x86_64\bin\nio.dll
Event: 0.063 Loaded shared library C:\Users\Avishka\.vscode\extensions\redhat.java-1.44.0-win32-x64\jre\21.0.8-win32-x86_64\bin\zip.dll
Event: 0.073 Loaded shared library C:\Users\Avishka\.vscode\extensions\redhat.java-1.44.0-win32-x64\jre\21.0.8-win32-x86_64\bin\jimage.dll
Event: 0.115 Loaded shared library c:\Users\Avishka\.vscode\extensions\redhat.java-1.44.0-win32-x64\jre\21.0.8-win32-x86_64\bin\verify.dll
Event: 0.701 Loaded shared library C:\Users\Avishka\AppData\Roaming\Code\User\globalStorage\redhat.java\1.44.0\config_ss_win\org.eclipse.equinox.launcher\org.eclipse.equinox.launcher.win32.win32.x86_64_1.2.1400.v20250730-1736\eclipse_11913.dll
Event: 1.200 Loaded shared library C:\Users\Avishka\AppData\Local\Temp\jna-1036935967\jna15230207823726446334.dll

Deoptimization events (20 events):
Event: 3.175 Thread 0x000001ba7b2df720 Uncommon trap: trap_request=0xffffffde fr.pc=0x000001ba65ae5e0c relative=0x00000000000083ec
Event: 3.175 Thread 0x000001ba7b2df720 Uncommon trap: reason=class_check action=maybe_recompile pc=0x000001ba65ae5e0c method=lombok.patcher.PatchScript$MethodPatcher.visitMethod(ILjava/lang/String;Ljava/lang/String;Ljava/lang/String;[Ljava/lang/String;)Lorg/lombokweb/asm/MethodVisitor; @ 101 c
Event: 3.175 Thread 0x000001ba7b2df720 DEOPT PACKING pc=0x000001ba65ae5e0c sp=0x0000001b5b3f9b70
Event: 3.175 Thread 0x000001ba7b2df720 DEOPT UNPACKING pc=0x000001ba65243aa2 sp=0x0000001b5b3f9b18 mode 2
Event: 3.175 Thread 0x000001ba7b2df720 Uncommon trap: trap_request=0xffffffde fr.pc=0x000001ba65a87b08 relative=0x0000000000001148
Event: 3.175 Thread 0x000001ba7b2df720 Uncommon trap: reason=class_check action=maybe_recompile pc=0x000001ba65a87b08 method=lombok.patcher.PatchScript$MethodPatcher.visitMethod(ILjava/lang/String;Ljava/lang/String;Ljava/lang/String;[Ljava/lang/String;)Lorg/lombokweb/asm/MethodVisitor; @ 101 c
Event: 3.175 Thread 0x000001ba7b2df720 DEOPT PACKING pc=0x000001ba65a87b08 sp=0x0000001b5b3f9b20
Event: 3.175 Thread 0x000001ba7b2df720 DEOPT UNPACKING pc=0x000001ba65243aa2 sp=0x0000001b5b3f9b18 mode 2
Event: 3.186 Thread 0x000001ba7b2df720 DEOPT PACKING pc=0x000001ba5e328cb3 sp=0x0000001b5b3f9cd0
Event: 3.186 Thread 0x000001ba7b2df720 DEOPT UNPACKING pc=0x000001ba65244242 sp=0x0000001b5b3f9200 mode 0
Event: 3.198 Thread 0x000001ba7b2df720 DEOPT PACKING pc=0x000001ba5e328cb3 sp=0x0000001b5b3f9cd0
Event: 3.198 Thread 0x000001ba7b2df720 DEOPT UNPACKING pc=0x000001ba65244242 sp=0x0000001b5b3f9200 mode 0
Event: 3.218 Thread 0x000001ba7b2df720 Uncommon trap: trap_request=0xffffff6e fr.pc=0x000001ba659a6cb8 relative=0x0000000000000978
Event: 3.218 Thread 0x000001ba7b2df720 Uncommon trap: reason=loop_limit_check action=maybe_recompile pc=0x000001ba659a6cb8 method=java.util.regex.Pattern$StartS.match(Ljava/util/regex/Matcher;ILjava/lang/CharSequence;)Z @ 34 c2
Event: 3.218 Thread 0x000001ba7b2df720 DEOPT PACKING pc=0x000001ba659a6cb8 sp=0x0000001b5b3f98d0
Event: 3.218 Thread 0x000001ba7b2df720 DEOPT UNPACKING pc=0x000001ba65243aa2 sp=0x0000001b5b3f9830 mode 2
Event: 3.294 Thread 0x000001ba7b2df720 Uncommon trap: trap_request=0xffffffcc fr.pc=0x000001ba65a126a8 relative=0x00000000000016c8
Event: 3.294 Thread 0x000001ba7b2df720 Uncommon trap: reason=intrinsic_or_type_checked_inlining action=make_not_entrant pc=0x000001ba65a126a8 method=java.util.ArrayList$SubList.toArray([Ljava/lang/Object;)[Ljava/lang/Object; @ 58 c2
Event: 3.294 Thread 0x000001ba7b2df720 DEOPT PACKING pc=0x000001ba65a126a8 sp=0x0000001b5b3fd390
Event: 3.294 Thread 0x000001ba7b2df720 DEOPT UNPACKING pc=0x000001ba65243aa2 sp=0x0000001b5b3fd2b8 mode 2

Classes loaded (20 events):
Event: 2.390 Loading class java/nio/channels/NonWritableChannelException
Event: 2.390 Loading class java/nio/channels/NonWritableChannelException done
Event: 2.592 Loading class java/lang/ExceptionInInitializerError
Event: 2.592 Loading class java/lang/ExceptionInInitializerError done
Event: 2.744 Loading class sun/misc/Unsafe
Event: 2.744 Loading class sun/misc/Unsafe done
Event: 2.931 Loading class java/util/Vector$1
Event: 2.931 Loading class java/util/Vector$1 done
Event: 3.101 Loading class java/util/regex/Pattern$Caret
Event: 3.101 Loading class java/util/regex/Pattern$Caret done
Event: 3.299 Loading class java/util/stream/ReferencePipeline$4
Event: 3.300 Loading class java/util/stream/ReferencePipeline$4 done
Event: 3.300 Loading class java/util/stream/Nodes$IntFixedNodeBuilder
Event: 3.300 Loading class java/util/stream/Node$Builder$OfInt
Event: 3.300 Loading class java/util/stream/Node$Builder$OfInt done
Event: 3.300 Loading class java/util/stream/Nodes$IntArrayNode
Event: 3.300 Loading class java/util/stream/Nodes$IntArrayNode done
Event: 3.300 Loading class java/util/stream/Nodes$IntFixedNodeBuilder done
Event: 3.300 Loading class java/util/stream/ReferencePipeline$4$1
Event: 3.300 Loading class java/util/stream/ReferencePipeline$4$1 done

Classes unloaded (7 events):
Event: 1.451 Thread 0x000001ba5ac5abe0 Unloading class 0x000001ba0118cc00 'java/lang/invoke/LambdaForm$MH+0x000001ba0118cc00'
Event: 1.451 Thread 0x000001ba5ac5abe0 Unloading class 0x000001ba0118c800 'java/lang/invoke/LambdaForm$MH+0x000001ba0118c800'
Event: 1.451 Thread 0x000001ba5ac5abe0 Unloading class 0x000001ba0118c400 'java/lang/invoke/LambdaForm$MH+0x000001ba0118c400'
Event: 1.451 Thread 0x000001ba5ac5abe0 Unloading class 0x000001ba0118c000 'java/lang/invoke/LambdaForm$MH+0x000001ba0118c000'
Event: 1.451 Thread 0x000001ba5ac5abe0 Unloading class 0x000001ba0118bc00 'java/lang/invoke/LambdaForm$BMH+0x000001ba0118bc00'
Event: 1.451 Thread 0x000001ba5ac5abe0 Unloading class 0x000001ba0118b800 'java/lang/invoke/LambdaForm$DMH+0x000001ba0118b800'
Event: 1.451 Thread 0x000001ba5ac5abe0 Unloading class 0x000001ba0118a400 'java/lang/invoke/LambdaForm$DMH+0x000001ba0118a400'

Classes redefined (0 events):
No events

Internal exceptions (20 events):
Event: 1.957 Thread 0x000001ba5861f9a0 Exception <a 'java/lang/NoSuchMethodError'{0x00000000d643b5f0}: 'void java.lang.invoke.DirectMethodHandle$Holder.invokeSpecial(java.lang.Object, java.lang.Object, java.lang.Object, java.lang.Object, java.lang.Object, java.lang.Object)'> (0x00000000d643b5f0) 
thrown [s\src\hotspot\share\interpreter\linkResolver.cpp, line 773]
Event: 1.958 Thread 0x000001ba5861f9a0 Exception <a 'java/lang/IncompatibleClassChangeError'{0x00000000d6443868}: Found class java.lang.Object, but interface was expected> (0x00000000d6443868) 
thrown [s\src\hotspot\share\interpreter\linkResolver.cpp, line 840]
Event: 1.959 Thread 0x000001ba5861f9a0 Exception <a 'java/lang/IncompatibleClassChangeError'{0x00000000d64455c0}: Found class java.lang.Object, but interface was expected> (0x00000000d64455c0) 
thrown [s\src\hotspot\share\interpreter\linkResolver.cpp, line 840]
Event: 2.095 Thread 0x000001ba7b2df720 Exception <a 'java/lang/NoSuchMethodError'{0x00000000d59d6ef0}: 'java.lang.Object java.lang.invoke.DirectMethodHandle$Holder.invokeInterface(java.lang.Object, java.lang.Object, java.lang.Object)'> (0x00000000d59d6ef0) 
thrown [s\src\hotspot\share\interpreter\linkResolver.cpp, line 773]
Event: 2.107 Thread 0x000001ba7b2df720 Exception <a 'java/io/FileNotFoundException'{0x00000000d5a68168}> (0x00000000d5a68168) 
thrown [s\src\hotspot\share\prims\jni.cpp, line 520]
Event: 2.124 Thread 0x000001ba7b2df720 Exception <a 'sun/nio/fs/WindowsException'{0x00000000d603d948}> (0x00000000d603d948) 
thrown [s\src\hotspot\share\prims\jni.cpp, line 520]
Event: 2.180 Thread 0x000001ba7b2df720 Exception <a 'java/lang/IncompatibleClassChangeError'{0x00000000d6321d80}: Found class java.lang.Object, but interface was expected> (0x00000000d6321d80) 
thrown [s\src\hotspot\share\interpreter\linkResolver.cpp, line 840]
Event: 2.190 Thread 0x000001ba7b2df720 Implicit null exception at 0x000001ba65b3bd66 to 0x000001ba65b3cee4
Event: 2.241 Thread 0x000001ba7b2df720 Implicit null exception at 0x000001ba65b22aaa to 0x000001ba65b22d74
Event: 2.241 Thread 0x000001ba7b2df720 Exception <a 'java/lang/NoSuchMethodError'{0x00000000d676ff88}: 'long java.lang.invoke.DirectMethodHandle$Holder.invokeStatic(java.lang.Object, java.lang.Object, int)'> (0x00000000d676ff88) 
thrown [s\src\hotspot\share\interpreter\linkResolver.cpp, line 773]
Event: 2.242 Thread 0x000001ba7b2df720 Exception <a 'java/lang/NoSuchMethodError'{0x00000000d677a7d8}: 'java.lang.Object java.lang.invoke.DelegatingMethodHandle$Holder.reinvoke_L(java.lang.Object, int, long, java.lang.Object, java.lang.Object, int, java.lang.Object)'> (0x00000000d677a7d8) 
thrown [s\src\hotspot\share\interpreter\linkResolver.cpp, line 773]
Event: 2.301 Thread 0x000001ba7b2df720 Exception <a 'java/lang/NoSuchMethodError'{0x00000000d5613d58}: 'java.lang.Object java.lang.invoke.DirectMethodHandle$Holder.invokeStaticInit(java.lang.Object, java.lang.Object, java.lang.Object, java.lang.Object, java.lang.Object, java.lang.Object, java.lang.Object)'> (0x00000000d5613d58) 
thrown [s\src\hotspot\share\interpreter\linkResolver.cpp, line 773]
Event: 2.301 Thread 0x000001ba7b2df720 Exception <a 'java/lang/NoSuchMethodError'{0x00000000d5618eb0}: 'java.lang.Object java.lang.invoke.Invokers$Holder.invoke_MT(java.lang.Object, java.lang.Object, java.lang.Object, java.lang.Object, java.lang.Object, java.lang.Object, java.lang.Object, java.lang.Object, java.lang.Object, java.lang.Object)'> (0x00000000d5618eb0) 
thrown [s\src\hotspot\share\interpreter\linkResolver.cpp, line 773]
Event: 2.304 Thread 0x000001ba7b2df720 Exception <a 'java/lang/NoSuchMethodError'{0x00000000d565d400}: 'int java.lang.invoke.DirectMethodHandle$Holder.invokeVirtual(java.lang.Object, java.lang.Object, java.lang.Object)'> (0x00000000d565d400) 
thrown [s\src\hotspot\share\interpreter\linkResolver.cpp, line 773]
Event: 2.304 Thread 0x000001ba7b2df720 Exception <a 'java/lang/NoSuchMethodError'{0x00000000d56617a8}: 'int java.lang.invoke.DirectMethodHandle$Holder.invokeStaticInit(java.lang.Object, int, int)'> (0x00000000d56617a8) 
thrown [s\src\hotspot\share\interpreter\linkResolver.cpp, line 773]
Event: 2.304 Thread 0x000001ba7b2df720 Exception <a 'java/lang/NoSuchMethodError'{0x00000000d5668f50}: 'int java.lang.invoke.DirectMethodHandle$Holder.invokeStaticInit(java.lang.Object, long, long)'> (0x00000000d5668f50) 
thrown [s\src\hotspot\share\interpreter\linkResolver.cpp, line 773]
Event: 2.304 Thread 0x000001ba7b2df720 Exception <a 'java/lang/NoSuchMethodError'{0x00000000d566fc98}: 'int java.lang.invoke.DirectMethodHandle$Holder.invokeStaticInit(java.lang.Object, float, float)'> (0x00000000d566fc98) 
thrown [s\src\hotspot\share\interpreter\linkResolver.cpp, line 773]
Event: 2.305 Thread 0x000001ba7b2df720 Exception <a 'java/lang/NoSuchMethodError'{0x00000000d56769d8}: 'int java.lang.invoke.DirectMethodHandle$Holder.invokeStaticInit(java.lang.Object, double, double)'> (0x00000000d56769d8) 
thrown [s\src\hotspot\share\interpreter\linkResolver.cpp, line 773]
Event: 2.305 Thread 0x000001ba7b2df720 Exception <a 'java/lang/NoSuchMethodError'{0x00000000d567b490}: 'int java.lang.invoke.DirectMethodHandle$Holder.invokeStatic(java.lang.Object, long)'> (0x00000000d567b490) 
thrown [s\src\hotspot\share\interpreter\linkResolver.cpp, line 773]
Event: 2.308 Thread 0x000001ba7b2df720 Exception <a 'java/lang/NoSuchMethodError'{0x00000000d569a198}: 'int java.lang.invoke.Invokers$Holder.linkToTargetMethod(java.lang.Object, java.lang.Object)'> (0x00000000d569a198) 
thrown [s\src\hotspot\share\interpreter\linkResolver.cpp, line 773]

ZGC Phase Switch (0 events):
No events

VM Operations (20 events):
Event: 2.471 Executing VM operation: ParallelGCFailedAllocation (Allocation Failure)
Event: 2.474 Executing VM operation: ParallelGCFailedAllocation (Allocation Failure) done
Event: 2.502 Executing VM operation: ParallelGCFailedAllocation (Allocation Failure)
Event: 2.505 Executing VM operation: ParallelGCFailedAllocation (Allocation Failure) done
Event: 2.537 Executing VM operation: ParallelGCFailedAllocation (Allocation Failure)
Event: 2.539 Executing VM operation: ParallelGCFailedAllocation (Allocation Failure) done
Event: 2.768 Executing VM operation: HandshakeAllThreads (Deoptimize)
Event: 2.768 Executing VM operation: HandshakeAllThreads (Deoptimize) done
Event: 2.878 Executing VM operation: ParallelGCFailedAllocation (Allocation Failure)
Event: 2.881 Executing VM operation: ParallelGCFailedAllocation (Allocation Failure) done
Event: 2.948 Executing VM operation: CollectForMetadataAllocation (Metadata GC Threshold)
Event: 2.982 Executing VM operation: CollectForMetadataAllocation (Metadata GC Threshold) done
Event: 3.154 Executing VM operation: ParallelGCFailedAllocation (Allocation Failure)
Event: 3.156 Executing VM operation: ParallelGCFailedAllocation (Allocation Failure) done
Event: 3.208 Executing VM operation: ParallelGCFailedAllocation (Allocation Failure)
Event: 3.209 Executing VM operation: ParallelGCFailedAllocation (Allocation Failure) done
Event: 3.295 Executing VM operation: HandshakeAllThreads (Deoptimize)
Event: 3.295 Executing VM operation: HandshakeAllThreads (Deoptimize) done
Event: 4.305 Executing VM operation: Cleanup
Event: 4.306 Executing VM operation: Cleanup done

Memory protections (0 events):
No events

Nmethod flushes (20 events):
Event: 2.964 Thread 0x000001ba5ac5abe0 flushing  nmethod 0x000001ba5e1bf910
Event: 2.964 Thread 0x000001ba5ac5abe0 flushing  nmethod 0x000001ba5e215790
Event: 2.964 Thread 0x000001ba5ac5abe0 flushing  nmethod 0x000001ba5e215c10
Event: 2.964 Thread 0x000001ba5ac5abe0 flushing  nmethod 0x000001ba5e216910
Event: 2.964 Thread 0x000001ba5ac5abe0 flushing  nmethod 0x000001ba5e248710
Event: 2.964 Thread 0x000001ba5ac5abe0 flushing  nmethod 0x000001ba5e249690
Event: 2.964 Thread 0x000001ba5ac5abe0 flushing  nmethod 0x000001ba5e24da10
Event: 2.964 Thread 0x000001ba5ac5abe0 flushing  nmethod 0x000001ba5e261510
Event: 2.964 Thread 0x000001ba5ac5abe0 flushing  nmethod 0x000001ba5e262f90
Event: 2.964 Thread 0x000001ba5ac5abe0 flushing  nmethod 0x000001ba5e264390
Event: 2.964 Thread 0x000001ba5ac5abe0 flushing  nmethod 0x000001ba5e264710
Event: 2.964 Thread 0x000001ba5ac5abe0 flushing  nmethod 0x000001ba5e26b590
Event: 2.964 Thread 0x000001ba5ac5abe0 flushing  nmethod 0x000001ba5e26bd90
Event: 2.964 Thread 0x000001ba5ac5abe0 flushing  nmethod 0x000001ba5e28e390
Event: 2.964 Thread 0x000001ba5ac5abe0 flushing  nmethod 0x000001ba5e29a690
Event: 2.964 Thread 0x000001ba5ac5abe0 flushing  nmethod 0x000001ba5e2dd290
Event: 2.964 Thread 0x000001ba5ac5abe0 flushing  nmethod 0x000001ba5e2de790
Event: 2.964 Thread 0x000001ba5ac5abe0 flushing  nmethod 0x000001ba5e2df590
Event: 2.964 Thread 0x000001ba5ac5abe0 flushing  nmethod 0x000001ba5e2ef390
Event: 2.964 Thread 0x000001ba5ac5abe0 flushing  nmethod 0x000001ba5e2f5e90

Events (20 events):
Event: 1.829 Thread 0x000001ba5861f9a0 Thread added: 0x000001ba7b2dd650
Event: 1.829 Thread 0x000001ba5861f9a0 Thread added: 0x000001ba7b2db580
Event: 1.829 Thread 0x000001ba5861f9a0 Thread added: 0x000001ba7b2daef0
Event: 1.829 Thread 0x000001ba5861f9a0 Thread added: 0x000001ba7b2dc2a0
Event: 1.829 Thread 0x000001ba5861f9a0 Thread added: 0x000001ba7b2dc930
Event: 1.829 Thread 0x000001ba5861f9a0 Thread added: 0x000001ba7b2de370
Event: 1.829 Thread 0x000001ba5861f9a0 Thread added: 0x000001ba7b2ddce0
Event: 1.829 Thread 0x000001ba5861f9a0 Thread added: 0x000001ba7b2dcfc0
Event: 1.829 Thread 0x000001ba5861f9a0 Thread added: 0x000001ba7b2dea00
Event: 1.829 Thread 0x000001ba5861f9a0 Thread added: 0x000001ba7b2df090
Event: 1.859 Thread 0x000001ba5861f9a0 Thread added: 0x000001ba7b2dbc10
Event: 1.935 Thread 0x000001ba79589a50 Thread added: 0x000001ba7b2e0ad0
Event: 1.972 Thread 0x000001ba5861f9a0 Thread added: 0x000001ba7b2e17f0
Event: 1.973 Thread 0x000001ba5861f9a0 Thread added: 0x000001ba7b2df720
Event: 2.018 Thread 0x000001ba72c1d340 Thread added: 0x000001ba7badefe0
Event: 2.020 Thread 0x000001ba72b19700 Thread added: 0x000001ba79890e80
Event: 2.032 Thread 0x000001ba72c1d340 Thread added: 0x000001ba79887ea0
Event: 2.035 Thread 0x000001ba72a23860 Thread added: 0x000001ba79ac8eb0
Event: 3.101 Thread 0x000001ba79ac8eb0 Thread exited: 0x000001ba79ac8eb0
Event: 3.219 Thread 0x000001ba7badefe0 Thread added: 0x000001ba79ac9c90


Dynamic libraries:
0x00007ff60b760000 - 0x00007ff60b76e000 	c:\Users\Avishka\.vscode\extensions\redhat.java-1.44.0-win32-x64\jre\21.0.8-win32-x86_64\bin\java.exe
0x00007ff911ae0000 - 0x00007ff911d47000 	C:\Windows\SYSTEM32\ntdll.dll
0x00007ff911110000 - 0x00007ff9111d9000 	C:\Windows\System32\KERNEL32.DLL
0x00007ff90f030000 - 0x00007ff90f420000 	C:\Windows\System32\KERNELBASE.dll
0x00007ff90f570000 - 0x00007ff90f6bb000 	C:\Windows\System32\ucrtbase.dll
0x00007ff907440000 - 0x00007ff907458000 	c:\Users\Avishka\.vscode\extensions\redhat.java-1.44.0-win32-x64\jre\21.0.8-win32-x86_64\bin\jli.dll
0x00007ff8ff360000 - 0x00007ff8ff37e000 	c:\Users\Avishka\.vscode\extensions\redhat.java-1.44.0-win32-x64\jre\21.0.8-win32-x86_64\bin\VCRUNTIME140.dll
0x00007ff910780000 - 0x00007ff910945000 	C:\Windows\System32\USER32.dll
0x00007ff8f7fe0000 - 0x00007ff8f827a000 	C:\Windows\WinSxS\amd64_microsoft.windows.common-controls_6595b64144ccf1df_6.0.26100.4768_none_3e0c112ce331287c\COMCTL32.dll
0x00007ff90f6c0000 - 0x00007ff90f6e7000 	C:\Windows\System32\win32u.dll
0x00007ff911330000 - 0x00007ff91135b000 	C:\Windows\System32\GDI32.dll
0x00007ff911900000 - 0x00007ff9119a9000 	C:\Windows\System32\msvcrt.dll
0x00007ff90f430000 - 0x00007ff90f568000 	C:\Windows\System32\gdi32full.dll
0x00007ff90ef80000 - 0x00007ff90f023000 	C:\Windows\System32\msvcp_win.dll
0x00007ff910950000 - 0x00007ff91097f000 	C:\Windows\System32\IMM32.DLL
0x00007ff8f5560000 - 0x00007ff8f5652000 	C:\Program Files\Windhawk\Engine\1.6.1\64\windhawk.dll
0x00007ff9111e0000 - 0x00007ff911294000 	C:\Windows\System32\ADVAPI32.dll
0x00007ff9102a0000 - 0x00007ff910346000 	C:\Windows\System32\sechost.dll
0x00007ff9104c0000 - 0x00007ff9105d8000 	C:\Windows\System32\RPCRT4.dll
0x00007ff907650000 - 0x00007ff90765c000 	c:\Users\Avishka\.vscode\extensions\redhat.java-1.44.0-win32-x64\jre\21.0.8-win32-x86_64\bin\vcruntime140_1.dll
0x00007ff8d42a0000 - 0x00007ff8d432d000 	c:\Users\Avishka\.vscode\extensions\redhat.java-1.44.0-win32-x64\jre\21.0.8-win32-x86_64\bin\msvcp140.dll
0x00007ff878f80000 - 0x00007ff879d17000 	c:\Users\Avishka\.vscode\extensions\redhat.java-1.44.0-win32-x64\jre\21.0.8-win32-x86_64\bin\server\jvm.dll
0x00007ff90fff0000 - 0x00007ff910064000 	C:\Windows\System32\WS2_32.dll
0x00007ff90ea90000 - 0x00007ff90eaee000 	C:\Windows\SYSTEM32\POWRPROF.dll
0x00007ff903d30000 - 0x00007ff903d3b000 	C:\Windows\SYSTEM32\VERSION.dll
0x00007ff8fc0d0000 - 0x00007ff8fc105000 	C:\Windows\SYSTEM32\WINMM.dll
0x00007ff90ea50000 - 0x00007ff90ea64000 	C:\Windows\SYSTEM32\UMPDC.dll
0x00007ff90d960000 - 0x00007ff90d97b000 	C:\Windows\SYSTEM32\kernel.appcore.dll
0x00007ff9060d0000 - 0x00007ff9060da000 	c:\Users\Avishka\.vscode\extensions\redhat.java-1.44.0-win32-x64\jre\21.0.8-win32-x86_64\bin\jimage.dll
0x00007ff90c3d0000 - 0x00007ff90c611000 	C:\Windows\SYSTEM32\DBGHELP.DLL
0x00007ff910c30000 - 0x00007ff910fb5000 	C:\Windows\System32\combase.dll
0x00007ff9119b0000 - 0x00007ff911a90000 	C:\Windows\System32\OLEAUT32.dll
0x00007ff8ff260000 - 0x00007ff8ff2a3000 	C:\Windows\SYSTEM32\dbgcore.DLL
0x00007ff90eca0000 - 0x00007ff90ed39000 	C:\Windows\System32\bcryptPrimitives.dll
0x00007ff904ed0000 - 0x00007ff904edf000 	c:\Users\Avishka\.vscode\extensions\redhat.java-1.44.0-win32-x64\jre\21.0.8-win32-x86_64\bin\instrument.dll
0x00007ff8f5680000 - 0x00007ff8f569f000 	c:\Users\Avishka\.vscode\extensions\redhat.java-1.44.0-win32-x64\jre\21.0.8-win32-x86_64\bin\java.dll
0x00007ff90f8a0000 - 0x00007ff90ffed000 	C:\Windows\System32\SHELL32.dll
0x00007ff90f6f0000 - 0x00007ff90f863000 	C:\Windows\System32\wintypes.dll
0x00007ff90c7b0000 - 0x00007ff90d010000 	C:\Windows\SYSTEM32\windows.storage.dll
0x00007ff9105e0000 - 0x00007ff9106d5000 	C:\Windows\System32\SHCORE.dll
0x00007ff9112a0000 - 0x00007ff91130a000 	C:\Windows\System32\shlwapi.dll
0x00007ff90eb30000 - 0x00007ff90eb59000 	C:\Windows\SYSTEM32\profapi.dll
0x00007ff8f5660000 - 0x00007ff8f5678000 	c:\Users\Avishka\.vscode\extensions\redhat.java-1.44.0-win32-x64\jre\21.0.8-win32-x86_64\bin\zip.dll
0x00007ff904ea0000 - 0x00007ff904eb0000 	C:\Users\Avishka\.vscode\extensions\redhat.java-1.44.0-win32-x64\jre\21.0.8-win32-x86_64\bin\net.dll
0x00007ff907e90000 - 0x00007ff907fae000 	C:\Windows\SYSTEM32\WINHTTP.dll
0x00007ff90ded0000 - 0x00007ff90df3b000 	C:\Windows\system32\mswsock.dll
0x00007ff8f4780000 - 0x00007ff8f4796000 	C:\Users\Avishka\.vscode\extensions\redhat.java-1.44.0-win32-x64\jre\21.0.8-win32-x86_64\bin\nio.dll
0x00007ff902300000 - 0x00007ff902310000 	c:\Users\Avishka\.vscode\extensions\redhat.java-1.44.0-win32-x64\jre\21.0.8-win32-x86_64\bin\verify.dll
0x00007ff8db8b0000 - 0x00007ff8db8f5000 	C:\Users\Avishka\AppData\Roaming\Code\User\globalStorage\redhat.java\1.44.0\config_ss_win\org.eclipse.equinox.launcher\org.eclipse.equinox.launcher.win32.win32.x86_64_1.2.1400.v20250730-1736\eclipse_11913.dll
0x00007ff9100d0000 - 0x00007ff910270000 	C:\Windows\System32\ole32.dll
0x00007ff90e160000 - 0x00007ff90e17b000 	C:\Windows\SYSTEM32\CRYPTSP.dll
0x00007ff90d8c0000 - 0x00007ff90d8fb000 	C:\Windows\system32\rsaenh.dll
0x00007ff90df70000 - 0x00007ff90df9b000 	C:\Windows\SYSTEM32\USERENV.dll
0x00007ff90eb00000 - 0x00007ff90eb26000 	C:\Windows\SYSTEM32\bcrypt.dll
0x00007ff90e150000 - 0x00007ff90e15c000 	C:\Windows\SYSTEM32\CRYPTBASE.dll
0x00007ff90d340000 - 0x00007ff90d373000 	C:\Windows\SYSTEM32\IPHLPAPI.DLL
0x00007ff910290000 - 0x00007ff91029a000 	C:\Windows\System32\NSI.dll
0x00007ff8db550000 - 0x00007ff8db599000 	C:\Users\Avishka\AppData\Local\Temp\jna-1036935967\jna15230207823726446334.dll
0x00007ff910280000 - 0x00007ff910288000 	C:\Windows\System32\PSAPI.DLL
0x00007ff908310000 - 0x00007ff90832f000 	C:\Windows\SYSTEM32\dhcpcsvc6.DLL
0x00007ff908280000 - 0x00007ff9082a5000 	C:\Windows\SYSTEM32\dhcpcsvc.DLL

JVMTI agents:
c:\Users\Avishka\.vscode\extensions\redhat.java-1.44.0-win32-x64\lombok\lombok-1.18.39-4050.jar path:c:\Users\Avishka\.vscode\extensions\redhat.java-1.44.0-win32-x64\jre\21.0.8-win32-x86_64\bin\instrument.dll, loaded, initialized, instrumentlib options:none

dbghelp: loaded successfully - version: 4.0.5 - missing functions: none
symbol engine: initialized successfully - sym options: 0x614 - pdb path: .;c:\Users\Avishka\.vscode\extensions\redhat.java-1.44.0-win32-x64\jre\21.0.8-win32-x86_64\bin;C:\Windows\SYSTEM32;C:\Windows\WinSxS\amd64_microsoft.windows.common-controls_6595b64144ccf1df_6.0.26100.4768_none_3e0c112ce331287c;C:\Program Files\Windhawk\Engine\1.6.1\64;c:\Users\Avishka\.vscode\extensions\redhat.java-1.44.0-win32-x64\jre\21.0.8-win32-x86_64\bin\server;C:\Users\Avishka\AppData\Roaming\Code\User\globalStorage\redhat.java\1.44.0\config_ss_win\org.eclipse.equinox.launcher\org.eclipse.equinox.launcher.win32.win32.x86_64_1.2.1400.v20250730-1736;C:\Users\Avishka\AppData\Local\Temp\jna-1036935967

VM Arguments:
jvm_args: --add-modules=ALL-SYSTEM --add-opens=java.base/java.util=ALL-UNNAMED --add-opens=java.base/java.lang=ALL-UNNAMED --add-opens=java.base/sun.nio.fs=ALL-UNNAMED -Declipse.application=org.eclipse.jdt.ls.core.id1 -Dosgi.bundles.defaultStartLevel=4 -Declipse.product=org.eclipse.jdt.ls.core.product -Djava.import.generatesMetadataFilesAtProjectRoot=false -DDetectVMInstallationsJob.disabled=true -Dfile.encoding=utf8 -XX:+UseParallelGC -XX:GCTimeRatio=4 -XX:AdaptiveSizePolicyWeight=90 -Dsun.zip.disableMemoryMapping=true -Xmx2G -Xms100m -Xlog:disable -javaagent:c:\Users\Avishka\.vscode\extensions\redhat.java-1.44.0-win32-x64\lombok\lombok-1.18.39-4050.jar 
java_command: c:\Users\Avishka\.vscode\extensions\redhat.java-1.44.0-win32-x64\server\plugins\org.eclipse.equinox.launcher_1.7.0.v20250519-0528.jar -configuration c:\Users\Avishka\AppData\Roaming\Code\User\globalStorage\redhat.java\1.44.0\config_ss_win -data c:\Users\Avishka\AppData\Roaming\Code\User\workspaceStorage\bc28ba390c83b240dd2435da20ed720d\redhat.java\ss_ws --pipe=\\.\pipe\lsp-78a1ee9b7b1a4a9127f3c15e389fa60b-sock
java_class_path (initial): c:\Users\Avishka\.vscode\extensions\redhat.java-1.44.0-win32-x64\server\plugins\org.eclipse.equinox.launcher_1.7.0.v20250519-0528.jar
Launcher Type: SUN_STANDARD

[Global flags]
    uintx AdaptiveSizePolicyWeight                 = 90                                        {product} {command line}
     intx CICompilerCount                          = 12                                        {product} {ergonomic}
    uintx GCTimeRatio                              = 4                                         {product} {command line}
   size_t InitialHeapSize                          = 104857600                                 {product} {command line}
   size_t MaxHeapSize                              = 2147483648                                {product} {command line}
   size_t MaxNewSize                               = 715653120                                 {product} {ergonomic}
   size_t MinHeapDeltaBytes                        = 524288                                    {product} {ergonomic}
   size_t MinHeapSize                              = 104857600                                 {product} {command line}
   size_t NewSize                                  = 34603008                                  {product} {ergonomic}
    uintx NonNMethodCodeHeapSize                   = 7602480                                {pd product} {ergonomic}
    uintx NonProfiledCodeHeapSize                  = 122027880                              {pd product} {ergonomic}
   size_t OldSize                                  = 70254592                                  {product} {ergonomic}
    uintx ProfiledCodeHeapSize                     = 122027880                              {pd product} {ergonomic}
    uintx ReservedCodeCacheSize                    = 251658240                              {pd product} {ergonomic}
     bool SegmentedCodeCache                       = true                                      {product} {ergonomic}
   size_t SoftMaxHeapSize                          = 2147483648                             {manageable} {ergonomic}
     bool UseCompressedOops                        = true                           {product lp64_product} {ergonomic}
     bool UseLargePagesIndividualAllocation        = false                                  {pd product} {ergonomic}
     bool UseParallelGC                            = true                                      {product} {command line}

Logging:
Log output configuration:
 #0: stdout all=off uptime,level,tags foldmultilines=false
 #1: stderr all=off uptime,level,tags foldmultilines=false

Environment Variables:
JAVA_HOME=C:\Program Files\Java\jdk-17
PATH=C:\Program Files\Common Files\Oracle\Java\javapath;C:\Windows\system32;C:\Windows;C:\Windows\System32\Wbem;C:\Windows\System32\WindowsPowerShell\v1.0\;C:\Windows\System32\OpenSSH\;C:\Program Files\nodejs\;C:\ProgramData\Microsoft\Windows\Start Menu\Programs\Node.js;C:\Program Files\dotnet\;C:\Users\Avishka\Downloads\jdk-17.0.12_windows-x64_bin.exe;C:\Program Files\Git\cmd;C:\Flutter\flutter\bin;C:\Program Files\MariaDB 11.7\bin;C:\Users\Avishka\Downloads\exiftool-13.30_64\exiftool-13.30_64;C:\Program Files\Docker\Docker\resources\bin;C:\Users\Avishka\Downloads\dotnet-sdk-8.0.411-win-x64.exe;C:\Users\Avishka\Desktop\apache-cassandra-4.0.18\bin;C:\Users\Avishka\Desktop\apache-cassandra-4.0.18\bin;C:\Users\Avishka\Desktop\mongosh-2.5.6-win32-x64\bin;C:\Program Files\MongoDB\Server\8.0\bin;C:\Users\Avishka\Documents\apache-maven-3.8.9\bin;C:\Users\Avishka\Documents\apache-maven-3.8.9\bin;C:\Program Files\Common Files\Oracle\Java\javapath;C:\Windows\system32;C:\Windows;C:\Windows\System32\Wbem;C:\Windows\System32\WindowsPowerShell\v1.0\;C:\Windows\System32\OpenSSH\;C:\Program Files\nodejs\;C:\ProgramData\Microsoft\Windows\Start Menu\Programs\Node.js;C:\Program Files\dotnet\;C:\Users\Avishka\Downloads\jdk-17.0.12_windows-x64_bin.exe;C:\Program Files\Git\cmd;C:\Flutter\flutter\bin;C:\Program Files\MariaDB 11.7\bin;C:\Users\Avishka\Downloads\exiftool-13.30_64\exiftool-13.30_64;C:\Program Files\Docker\Docker\resources\bin;C:\Users\Avishka\Downloads\dotnet-sdk-8.0.411-win-x64.exe;C:\Users\Avishka\Desktop\apache-cassandra-4.0.18\bin;C:\Users\Avishka\Desktop\apache-cassandra-4.0.18\bin;C:\Users\Avishka\Desktop\mongosh-2.5.6-win32-x64\bin;C:\Program Files\MongoDB\Server\8.0\bin;C:\Users\Avishka\Documents\apache-maven-3.8.9\bin;C:\Users\Avishka\Documents\apache-maven-3.8.9\bin;;C:\Program Files\Java\jdk-17\bin;C:\Users\Avishka\AppData\Local\Programs\Microsoft VS Code\bin;C:\Users\Avishka\.dotnet\tools
USERNAME=Avishka
OS=Windows_NT
PROCESSOR_IDENTIFIER=Intel64 Family 6 Model 170 Stepping 4, GenuineIntel
TMP=C:\Users\Avishka\AppData\Local\Temp
TEMP=C:\Users\Avishka\AppData\Local\Temp




Periodic native trim disabled

---------------  S Y S T E M  ---------------

OS:
 Windows 11 , 64 bit Build 26100 (10.0.26100.4768)
OS uptime: 6 days 8:51 hours
Hyper-V role detected

CPU: total 18 (initial active 18) (9 cores per cpu, 2 threads per core) family 6 model 170 stepping 4 microcode 0x24, cx8, cmov, fxsr, ht, mmx, 3dnowpref, sse, sse2, sse3, ssse3, sse4.1, sse4.2, popcnt, lzcnt, tsc, tscinvbit, avx, avx2, aes, erms, clmul, bmi1, bmi2, adx, sha, fma, vzeroupper, clflush, clflushopt, clwb, hv, serialize, rdtscp, rdpid, fsrm, f16c, cet_ibt, cet_ss
Processor Information for processor 0
  Max Mhz: 1200, Current Mhz: 1200, Mhz Limit: 1200
Processor Information for processor 1
  Max Mhz: 1200, Current Mhz: 1200, Mhz Limit: 1200
Processor Information for processor 2
  Max Mhz: 700, Current Mhz: 700, Mhz Limit: 700
Processor Information for processor 3
  Max Mhz: 700, Current Mhz: 700, Mhz Limit: 700
Processor Information for processor 4
  Max Mhz: 700, Current Mhz: 700, Mhz Limit: 700
Processor Information for processor 5
  Max Mhz: 700, Current Mhz: 700, Mhz Limit: 700
Processor Information for processor 6
  Max Mhz: 700, Current Mhz: 700, Mhz Limit: 700
Processor Information for processor 7
  Max Mhz: 700, Current Mhz: 700, Mhz Limit: 700
Processor Information for processor 8
  Max Mhz: 700, Current Mhz: 700, Mhz Limit: 700
Processor Information for processor 9
  Max Mhz: 700, Current Mhz: 700, Mhz Limit: 700
Processor Information for processor 10
  Max Mhz: 1200, Current Mhz: 1200, Mhz Limit: 1200
Processor Information for processor 11
  Max Mhz: 1200, Current Mhz: 1200, Mhz Limit: 1200
Processor Information for processor 12
  Max Mhz: 1200, Current Mhz: 1200, Mhz Limit: 1200
Processor Information for processor 13
  Max Mhz: 1200, Current Mhz: 1200, Mhz Limit: 1200
Processor Information for processor 14
  Max Mhz: 1200, Current Mhz: 1200, Mhz Limit: 1200
Processor Information for processor 15
  Max Mhz: 1200, Current Mhz: 1200, Mhz Limit: 1200
Processor Information for processor 16
  Max Mhz: 700, Current Mhz: 700, Mhz Limit: 700
Processor Information for processor 17
  Max Mhz: 700, Current Mhz: 700, Mhz Limit: 700

Memory: 4k page, system-wide physical 16053M (3281M free)
TotalPageFile size 20149M (AvailPageFile size 27M)
current process WorkingSet (physical memory assigned to process): 224M, peak: 232M
current process commit charge ("private bytes"): 350M, peak: 359M

vm_info: OpenJDK 64-Bit Server VM (21.0.8+9-LTS) for windows-amd64 JRE (21.0.8+9-LTS), built on 2025-07-15T00:00:00Z by "admin" with MS VC++ 17.7 (VS2022)

END.
