#
# There is insufficient memory for the Java Runtime Environment to continue.
# Native memory allocation (malloc) failed to allocate 1407216 bytes. Error detail: Chunk::new
# Possible reasons:
#   The system is out of physical RAM or swap space
#   This process is running with CompressedOops enabled, and the Java Heap may be blocking the growth of the native heap
# Possible solutions:
#   Reduce memory load on the system
#   Increase physical memory or swap space
#   Check if swap backing store is full
#   Decrease Java heap size (-Xmx/-Xms)
#   Decrease number of Java threads
#   Decrease Java thread stack sizes (-Xss)
#   Set larger code cache with -XX:ReservedCodeCacheSize=
#   JVM is running with Unscaled Compressed Oops mode in which the Java heap is
#     placed in the first 4GB address space. The Java Heap base address is the
#     maximum limit for the native heap growth. Please use -XX:HeapBaseMinAddress
#     to set the Java Heap base and to place the Java Heap above 4GB virtual address.
# This output file may be truncated or incomplete.
#
#  Out of Memory Error (arena.cpp:168), pid=22000, tid=7196
#
# JRE version: OpenJDK Runtime Environment Temurin-21.0.8+9 (21.0.8+9) (build 21.0.8+9-LTS)
# Java VM: OpenJDK 64-Bit Server VM Temurin-21.0.8+9 (21.0.8+9-LTS, mixed mode, sharing, tiered, compressed oops, compressed class ptrs, parallel gc, windows-amd64)
# No core dump will be written. Minidumps are not enabled by default on client versions of Windows
#

---------------  S U M M A R Y ------------

Command Line: --add-modules=ALL-SYSTEM --add-opens=java.base/java.util=ALL-UNNAMED --add-opens=java.base/java.lang=ALL-UNNAMED --add-opens=java.base/sun.nio.fs=ALL-UNNAMED -Declipse.application=org.eclipse.jdt.ls.core.id1 -Dosgi.bundles.defaultStartLevel=4 -Declipse.product=org.eclipse.jdt.ls.core.product -Djava.import.generatesMetadataFilesAtProjectRoot=false -DDetectVMInstallationsJob.disabled=true -Dfile.encoding=utf8 -XX:+UseParallelGC -XX:GCTimeRatio=4 -XX:AdaptiveSizePolicyWeight=90 -Dsun.zip.disableMemoryMapping=true -Xmx2G -Xms100m -Xlog:disable -javaagent:c:\Users\Avishka\.vscode\extensions\redhat.java-1.44.0-win32-x64\lombok\lombok-1.18.39-4050.jar -XX:+HeapDumpOnOutOfMemoryError -XX:HeapDumpPath=c:\Users\Avishka\AppData\Roaming\Code\User\workspaceStorage\bc28ba390c83b240dd2435da20ed720d\redhat.java -Daether.dependencyCollector.impl=bf c:\Users\Avishka\.vscode\extensions\redhat.java-1.44.0-win32-x64\server\plugins\org.eclipse.equinox.launcher_1.7.0.v20250519-0528.jar -configuration c:\Users\Avishka\AppData\Roaming\Code\User\globalStorage\redhat.java\1.44.0\config_win -data c:\Users\Avishka\AppData\Roaming\Code\User\workspaceStorage\bc28ba390c83b240dd2435da20ed720d\redhat.java\jdt_ws --pipe=\\.\pipe\lsp-0d7eaa3faa5d6c32dc23900d6bebd960-sock

Host: Intel(R) Core(TM) Ultra 5 125H, 18 cores, 15G,  Windows 11 , 64 bit Build 26100 (10.0.26100.4768)
Time: Wed Aug 20 18:02:59 2025 Sri Lanka Standard Time elapsed time: 6.996845 seconds (0d 0h 0m 6s)

---------------  T H R E A D  ---------------

Current thread (0x0000024dfe4c2c10):  JavaThread "C2 CompilerThread7" daemon [_thread_in_native, id=7196, stack(0x0000009bd8900000,0x0000009bd8a00000) (1024K)]


Current CompileTask:
C2:6997 6972   !   4       org.eclipse.osgi.internal.loader.classpath.ClasspathManager::findClassImpl (343 bytes)

Stack: [0x0000009bd8900000,0x0000009bd8a00000]
Native frames: (J=compiled Java code, j=interpreted, Vv=VM code, C=native code)
V  [jvm.dll+0x6d2449]
V  [jvm.dll+0x8ae341]
V  [jvm.dll+0x8b08be]
V  [jvm.dll+0x8b0fa3]
V  [jvm.dll+0x280c96]
V  [jvm.dll+0xc581d]
V  [jvm.dll+0xc5d53]
V  [jvm.dll+0x3b9162]
V  [jvm.dll+0x1e1409]
V  [jvm.dll+0x249022]
V  [jvm.dll+0x2484af]
V  [jvm.dll+0x1c89ee]
V  [jvm.dll+0x257d4d]
V  [jvm.dll+0x2562ea]
V  [jvm.dll+0x3f2d16]
V  [jvm.dll+0x857e6b]
V  [jvm.dll+0x6d0b0d]
C  [ucrtbase.dll+0x37b0]
C  [KERNEL32.DLL+0x2e8d7]
C  [ntdll.dll+0x3c34c]


---------------  P R O C E S S  ---------------

Threads class SMR info:
_java_thread_list=0x0000024dd516cd10, length=54, elements={
0x0000024def20e760, 0x0000024df185e330, 0x0000024df173eac0, 0x0000024df174a710,
0x0000024df174b5e0, 0x0000024df174c2d0, 0x0000024dfa531900, 0x0000024dfa540020,
0x0000024dfa5420d0, 0x0000024dfa534060, 0x0000024dfa755010, 0x0000024dfa7576c0,
0x0000024dfa530be0, 0x0000024dfca72970, 0x0000024dfa532cb0, 0x0000024dfa531270,
0x0000024dfa533340, 0x0000024dfa5339d0, 0x0000024dfa532620, 0x0000024dfd37da80,
0x0000024dfd37ac90, 0x0000024dfd37e7a0, 0x0000024dfd37ee30, 0x0000024dfd37b9b0,
0x0000024dfd37f4c0, 0x0000024dfd37c6d0, 0x0000024dfd37cd60, 0x0000024dfd37d3f0,
0x0000024dfd37c040, 0x0000024dfd380f00, 0x0000024dfd3801e0, 0x0000024dfd381590,
0x0000024dfd3822b0, 0x0000024dfd381c20, 0x0000024dfd380870, 0x0000024dfd37fb50,
0x0000024dd64126a0, 0x0000024dd6414e00, 0x0000024dd6414770, 0x0000024dd6411980,
0x0000024dd6415490, 0x0000024dd64140e0, 0x0000024dd6412010, 0x0000024dd64161b0,
0x0000024dd6412d30, 0x0000024dd6415b20, 0x0000024dd6416840, 0x0000024dfe4c54f0,
0x0000024dfe4c5bc0, 0x0000024dfe4c4080, 0x0000024dd6416ed0, 0x0000024dd6413a50,
0x0000024dfe4c2c10, 0x0000024dd6418910
}

Java Threads: ( => current thread )
  0x0000024def20e760 JavaThread "main"                              [_thread_blocked, id=36836, stack(0x0000009bd3f00000,0x0000009bd4000000) (1024K)]
  0x0000024df185e330 JavaThread "Reference Handler"          daemon [_thread_blocked, id=39920, stack(0x0000009bd4300000,0x0000009bd4400000) (1024K)]
  0x0000024df173eac0 JavaThread "Finalizer"                  daemon [_thread_blocked, id=24904, stack(0x0000009bd4400000,0x0000009bd4500000) (1024K)]
  0x0000024df174a710 JavaThread "Signal Dispatcher"          daemon [_thread_blocked, id=34900, stack(0x0000009bd4500000,0x0000009bd4600000) (1024K)]
  0x0000024df174b5e0 JavaThread "Attach Listener"            daemon [_thread_blocked, id=35204, stack(0x0000009bd4600000,0x0000009bd4700000) (1024K)]
  0x0000024df174c2d0 JavaThread "Service Thread"             daemon [_thread_blocked, id=35564, stack(0x0000009bd4700000,0x0000009bd4800000) (1024K)]
  0x0000024dfa531900 JavaThread "Monitor Deflation Thread"   daemon [_thread_blocked, id=18728, stack(0x0000009bd4800000,0x0000009bd4900000) (1024K)]
  0x0000024dfa540020 JavaThread "C2 CompilerThread0"         daemon [_thread_in_native, id=23256, stack(0x0000009bd4900000,0x0000009bd4a00000) (1024K)]
  0x0000024dfa5420d0 JavaThread "C1 CompilerThread0"         daemon [_thread_blocked, id=39804, stack(0x0000009bd4a00000,0x0000009bd4b00000) (1024K)]
  0x0000024dfa534060 JavaThread "Common-Cleaner"             daemon [_thread_blocked, id=4156, stack(0x0000009bd4c00000,0x0000009bd4d00000) (1024K)]
  0x0000024dfa755010 JavaThread "C2 CompilerThread1"         daemon [_thread_in_native, id=38792, stack(0x0000009bd4d00000,0x0000009bd4e00000) (1024K)]
  0x0000024dfa7576c0 JavaThread "C2 CompilerThread2"         daemon [_thread_in_native, id=29660, stack(0x0000009bd4e00000,0x0000009bd4f00000) (1024K)]
  0x0000024dfa530be0 JavaThread "Notification Thread"        daemon [_thread_blocked, id=35248, stack(0x0000009bd5100000,0x0000009bd5200000) (1024K)]
  0x0000024dfca72970 JavaThread "C2 CompilerThread3"         daemon [_thread_in_native, id=33476, stack(0x0000009bd5800000,0x0000009bd5900000) (1024K)]
  0x0000024dfa532cb0 JavaThread "Active Thread: Equinox Container: e420872c-18c4-4e5b-ba5f-a1ef245304d3"        [_thread_blocked, id=2620, stack(0x0000009bd5a00000,0x0000009bd5b00000) (1024K)]
  0x0000024dfa531270 JavaThread "Refresh Thread: Equinox Container: e420872c-18c4-4e5b-ba5f-a1ef245304d3" daemon [_thread_blocked, id=37368, stack(0x0000009bd5c00000,0x0000009bd5d00000) (1024K)]
  0x0000024dfa533340 JavaThread "Framework Event Dispatcher: Equinox Container: e420872c-18c4-4e5b-ba5f-a1ef245304d3" daemon [_thread_blocked, id=34524, stack(0x0000009bd5d00000,0x0000009bd5e00000) (1024K)]
  0x0000024dfa5339d0 JavaThread "Start Level: Equinox Container: e420872c-18c4-4e5b-ba5f-a1ef245304d3" daemon [_thread_blocked, id=27888, stack(0x0000009bd5e00000,0x0000009bd5f00000) (1024K)]
  0x0000024dfa532620 JavaThread "Bundle File Closer"         daemon [_thread_blocked, id=39616, stack(0x0000009bd6200000,0x0000009bd6300000) (1024K)]
  0x0000024dfd37da80 JavaThread "SCR Component Actor"        daemon [_thread_blocked, id=29312, stack(0x0000009bd6300000,0x0000009bd6400000) (1024K)]
  0x0000024dfd37ac90 JavaThread "Worker-JM"                         [_thread_blocked, id=37688, stack(0x0000009bd6600000,0x0000009bd6700000) (1024K)]
  0x0000024dfd37e7a0 JavaThread "JNA Cleaner"                daemon [_thread_blocked, id=30904, stack(0x0000009bd6900000,0x0000009bd6a00000) (1024K)]
  0x0000024dfd37ee30 JavaThread "Worker-0"                          [_thread_blocked, id=2484, stack(0x0000009bd6a00000,0x0000009bd6b00000) (1024K)]
  0x0000024dfd37b9b0 JavaThread "Worker-1: Building"                [_thread_in_native, id=20896, stack(0x0000009bd6b00000,0x0000009bd6c00000) (1024K)]
  0x0000024dfd37f4c0 JavaThread "Java indexing"              daemon [_thread_blocked, id=38712, stack(0x0000009bd5900000,0x0000009bd5a00000) (1024K)]
  0x0000024dfd37c6d0 JavaThread "Worker-2: Repository registry initialization"        [_thread_blocked, id=36908, stack(0x0000009bd6e00000,0x0000009bd6f00000) (1024K)]
  0x0000024dfd37cd60 JavaThread "Worker-3: Java indexing... "        [_thread_blocked, id=26836, stack(0x0000009bd6f00000,0x0000009bd7000000) (1024K)]
  0x0000024dfd37d3f0 JavaThread "Thread-2"                   daemon [_thread_in_native, id=37584, stack(0x0000009bd7000000,0x0000009bd7100000) (1024K)]
  0x0000024dfd37c040 JavaThread "Thread-3"                   daemon [_thread_in_native, id=7676, stack(0x0000009bd7100000,0x0000009bd7200000) (1024K)]
  0x0000024dfd380f00 JavaThread "Thread-4"                   daemon [_thread_in_native, id=16660, stack(0x0000009bd7200000,0x0000009bd7300000) (1024K)]
  0x0000024dfd3801e0 JavaThread "Thread-5"                   daemon [_thread_in_native, id=12104, stack(0x0000009bd7300000,0x0000009bd7400000) (1024K)]
  0x0000024dfd381590 JavaThread "Thread-6"                   daemon [_thread_in_native, id=26660, stack(0x0000009bd7400000,0x0000009bd7500000) (1024K)]
  0x0000024dfd3822b0 JavaThread "Thread-7"                   daemon [_thread_in_native, id=38444, stack(0x0000009bd7500000,0x0000009bd7600000) (1024K)]
  0x0000024dfd381c20 JavaThread "Thread-8"                   daemon [_thread_in_native, id=23760, stack(0x0000009bd7600000,0x0000009bd7700000) (1024K)]
  0x0000024dfd380870 JavaThread "Thread-9"                   daemon [_thread_in_native, id=33732, stack(0x0000009bd7700000,0x0000009bd7800000) (1024K)]
  0x0000024dfd37fb50 JavaThread "Thread-10"                  daemon [_thread_in_native, id=8968, stack(0x0000009bd7800000,0x0000009bd7900000) (1024K)]
  0x0000024dd64126a0 JavaThread "Thread-11"                  daemon [_thread_in_native, id=22996, stack(0x0000009bd7900000,0x0000009bd7a00000) (1024K)]
  0x0000024dd6414e00 JavaThread "Thread-12"                  daemon [_thread_in_native, id=38848, stack(0x0000009bd7a00000,0x0000009bd7b00000) (1024K)]
  0x0000024dd6414770 JavaThread "Thread-13"                  daemon [_thread_in_native, id=20724, stack(0x0000009bd7b00000,0x0000009bd7c00000) (1024K)]
  0x0000024dd6411980 JavaThread "Thread-14"                  daemon [_thread_in_native, id=38840, stack(0x0000009bd7c00000,0x0000009bd7d00000) (1024K)]
  0x0000024dd6415490 JavaThread "Thread-15"                  daemon [_thread_in_native, id=12120, stack(0x0000009bd7d00000,0x0000009bd7e00000) (1024K)]
  0x0000024dd64140e0 JavaThread "Thread-16"                  daemon [_thread_in_native, id=27800, stack(0x0000009bd7e00000,0x0000009bd7f00000) (1024K)]
  0x0000024dd6412010 JavaThread "Thread-17"                  daemon [_thread_in_native, id=30368, stack(0x0000009bd7f00000,0x0000009bd8000000) (1024K)]
  0x0000024dd64161b0 JavaThread "Thread-18"                  daemon [_thread_in_native, id=39500, stack(0x0000009bd8000000,0x0000009bd8100000) (1024K)]
  0x0000024dd6412d30 JavaThread "Thread-19"                  daemon [_thread_in_native, id=35736, stack(0x0000009bd8100000,0x0000009bd8200000) (1024K)]
  0x0000024dd6415b20 JavaThread "Thread-20"                  daemon [_thread_in_native, id=34060, stack(0x0000009bd8200000,0x0000009bd8300000) (1024K)]
  0x0000024dd6416840 JavaThread "pool-2-thread-1"                   [_thread_blocked, id=37148, stack(0x0000009bd8300000,0x0000009bd8400000) (1024K)]
  0x0000024dfe4c54f0 JavaThread "C2 CompilerThread4"         daemon [_thread_in_native, id=39168, stack(0x0000009bd8400000,0x0000009bd8500000) (1024K)]
  0x0000024dfe4c5bc0 JavaThread "C2 CompilerThread5"         daemon [_thread_in_native, id=38860, stack(0x0000009bd8500000,0x0000009bd8600000) (1024K)]
  0x0000024dfe4c4080 JavaThread "C2 CompilerThread6"         daemon [_thread_in_native, id=37156, stack(0x0000009bd8600000,0x0000009bd8700000) (1024K)]
  0x0000024dd6416ed0 JavaThread "WorkspaceEventsHandler"            [_thread_blocked, id=32960, stack(0x0000009bd8700000,0x0000009bd8800000) (1024K)]
  0x0000024dd6413a50 JavaThread "pool-1-thread-1"                   [_thread_blocked, id=16552, stack(0x0000009bd8800000,0x0000009bd8900000) (1024K)]
=>0x0000024dfe4c2c10 JavaThread "C2 CompilerThread7"         daemon [_thread_in_native, id=7196, stack(0x0000009bd8900000,0x0000009bd8a00000) (1024K)]
  0x0000024dd6418910 JavaThread "Worker-4"                          [_thread_blocked, id=37492, stack(0x0000009bd8a00000,0x0000009bd8b00000) (1024K)]
Total: 54

Other Threads:
  0x0000024df17346f0 VMThread "VM Thread"                           [id=25056, stack(0x0000009bd4200000,0x0000009bd4300000) (1024K)]
  0x0000024df162ca00 WatcherThread "VM Periodic Task Thread"        [id=18948, stack(0x0000009bd4100000,0x0000009bd4200000) (1024K)]
  0x0000024df17ccae0 WorkerThread "GC Thread#0"                     [id=39524, stack(0x0000009bd4000000,0x0000009bd4100000) (1024K)]
  0x0000024dfc71a950 WorkerThread "GC Thread#1"                     [id=13384, stack(0x0000009bd5200000,0x0000009bd5300000) (1024K)]
  0x0000024dfc71acf0 WorkerThread "GC Thread#2"                     [id=27668, stack(0x0000009bd5300000,0x0000009bd5400000) (1024K)]
  0x0000024dfc6a09d0 WorkerThread "GC Thread#3"                     [id=7364, stack(0x0000009bd5400000,0x0000009bd5500000) (1024K)]
  0x0000024dfc6a0d70 WorkerThread "GC Thread#4"                     [id=32952, stack(0x0000009bd5500000,0x0000009bd5600000) (1024K)]
  0x0000024dfc2361a0 WorkerThread "GC Thread#5"                     [id=29016, stack(0x0000009bd5600000,0x0000009bd5700000) (1024K)]
  0x0000024dfc236540 WorkerThread "GC Thread#6"                     [id=39344, stack(0x0000009bd5700000,0x0000009bd5800000) (1024K)]
  0x0000024dfcb435b0 WorkerThread "GC Thread#7"                     [id=34808, stack(0x0000009bd5b00000,0x0000009bd5c00000) (1024K)]
  0x0000024dfcf4d8d0 WorkerThread "GC Thread#8"                     [id=3204, stack(0x0000009bd5f00000,0x0000009bd6000000) (1024K)]
  0x0000024dfcff44d0 WorkerThread "GC Thread#9"                     [id=23488, stack(0x0000009bd6000000,0x0000009bd6100000) (1024K)]
  0x0000024dfcff4870 WorkerThread "GC Thread#10"                    [id=36132, stack(0x0000009bd6100000,0x0000009bd6200000) (1024K)]
  0x0000024dfcff4fb0 WorkerThread "GC Thread#11"                    [id=17820, stack(0x0000009bd6500000,0x0000009bd6600000) (1024K)]
  0x0000024dfcff5a90 WorkerThread "GC Thread#12"                    [id=39080, stack(0x0000009bd6700000,0x0000009bd6800000) (1024K)]
  0x0000024dfcff56f0 WorkerThread "GC Thread#13"                    [id=37524, stack(0x0000009bd6800000,0x0000009bd6900000) (1024K)]
Total: 16

Threads with active compile tasks:
C2 CompilerThread0  7009 7202       4       jdk.internal.jrtfs.JrtFileSystem::newByteChannel (44 bytes)
C2 CompilerThread1  7009 7215       4       org.eclipse.jdt.internal.compiler.classfmt.ClassFileReader::getMemberTypes (151 bytes)
C2 CompilerThread2  7009 7104       4       java.net.URI::<init> (51 bytes)
C2 CompilerThread3  7009 7103       4       java.net.URI::<init> (13 bytes)
C2 CompilerThread4  7009 7201       4       jdk.internal.jrtfs.SystemImage$1::getResource (9 bytes)
C2 CompilerThread5  7009 7205       4       jdk.internal.jrtfs.JrtFileSystem::getFileContent (49 bytes)
C2 CompilerThread6  7010 7206       4       jdk.internal.jimage.ImageReader$SharedImageReader::getResource (44 bytes)
C2 CompilerThread7  7010 6972   !   4       org.eclipse.osgi.internal.loader.classpath.ClasspathManager::findClassImpl (343 bytes)
Total: 8

VM state: not at safepoint (normal execution)

VM Mutex/Monitor currently owned by a thread: None

Heap address: 0x0000000080000000, size: 2048 MB, Compressed Oops mode: 32-bit

CDS archive(s) mapped at: [0x0000024d8f000000-0x0000024d8fba0000-0x0000024d8fba0000), size 12189696, SharedBaseAddress: 0x0000024d8f000000, ArchiveRelocationMode: 1.
Compressed class space mapped at: 0x0000024d90000000-0x0000024dd0000000, reserved size: 1073741824
Narrow klass base: 0x0000024d8f000000, Narrow klass shift: 0, Narrow klass range: 0x100000000

GC Precious Log:
 CardTable entry size: 512
 CPUs: 18 total, 18 available
 Memory: 16053M
 Large Page Support: Disabled
 NUMA Support: Disabled
 Compressed Oops: Enabled (32-bit)
 Alignments: Space 512K, Generation 512K, Heap 2M
 Heap Min Capacity: 100M
 Heap Initial Capacity: 100M
 Heap Max Capacity: 2G
 Pre-touch: Disabled
 Parallel Workers: 14

Heap:
 PSYoungGen      total 3584K, used 1171K [0x00000000d5580000, 0x00000000d5a80000, 0x0000000100000000)
  eden space 2560K, 13% used [0x00000000d5580000,0x00000000d55d7310,0x00000000d5800000)
  from space 1024K, 80% used [0x00000000d5800000,0x00000000d58cdab8,0x00000000d5900000)
  to   space 1024K, 0% used [0x00000000d5980000,0x00000000d5980000,0x00000000d5a80000)
 ParOldGen       total 168448K, used 168202K [0x0000000080000000, 0x000000008a480000, 0x00000000d5580000)
  object space 168448K, 99% used [0x0000000080000000,0x000000008a442ae8,0x000000008a480000)
 Metaspace       used 44169K, committed 45376K, reserved 1114112K
  class space    used 4692K, committed 5248K, reserved 1048576K

Card table byte_map: [0x0000024df1140000,0x0000024df1550000] _byte_map_base: 0x0000024df0d40000

Marking Bits: (ParMarkBitMap*) 0x00007ff879c3a340
 Begin Bits: [0x0000024df4c40000, 0x0000024df6c40000)
 End Bits:   [0x0000024df6c40000, 0x0000024df8c40000)

Polling page: 0x0000024def590000

Metaspace:

Usage:
  Non-class:     38.55 MB used.
      Class:      4.58 MB used.
       Both:     43.13 MB used.

Virtual space:
  Non-class space:       64.00 MB reserved,      39.19 MB ( 61%) committed,  1 nodes.
      Class space:        1.00 GB reserved,       5.12 MB ( <1%) committed,  1 nodes.
             Both:        1.06 GB reserved,      44.31 MB (  4%) committed. 

Chunk freelists:
   Non-Class:  8.77 MB
       Class:  10.88 MB
        Both:  19.64 MB

MaxMetaspaceSize: unlimited
CompressedClassSpaceSize: 1.00 GB
Initial GC threshold: 21.00 MB
Current GC threshold: 58.38 MB
CDS: on
 - commit_granule_bytes: 65536.
 - commit_granule_words: 8192.
 - virtual_space_node_default_size: 8388608.
 - enlarge_chunks_in_place: 1.
 - use_allocation_guard: 0.


Internal statistics:

num_allocs_failed_limit: 8.
num_arena_births: 976.
num_arena_deaths: 14.
num_vsnodes_births: 2.
num_vsnodes_deaths: 0.
num_space_committed: 709.
num_space_uncommitted: 0.
num_chunks_returned_to_freelist: 22.
num_chunks_taken_from_freelist: 2971.
num_chunk_merges: 9.
num_chunk_splits: 1845.
num_chunks_enlarged: 1048.
num_inconsistent_stats: 0.

CodeHeap 'non-profiled nmethods': size=119168Kb used=4342Kb max_used=4342Kb free=114825Kb
 bounds [0x0000024d87ba0000, 0x0000024d87fe0000, 0x0000024d8f000000]
CodeHeap 'profiled nmethods': size=119104Kb used=13675Kb max_used=13675Kb free=105428Kb
 bounds [0x0000024d80000000, 0x0000024d80d60000, 0x0000024d87450000]
CodeHeap 'non-nmethods': size=7488Kb used=1383Kb max_used=3315Kb free=6104Kb
 bounds [0x0000024d87450000, 0x0000024d87790000, 0x0000024d87ba0000]
CodeCache: size=245760Kb, used=19400Kb, max_used=21332Kb, free=226357Kb
 total_blobs=7236, nmethods=6552, adapters=590, full_count=0
Compilation: enabled, stopped_count=0, restarted_count=0

Compilation events (20 events):
Event: 5.944 Thread 0x0000024dfe4c54f0 nmethod 6575 0x0000024d87fd5b10 code [0x0000024d87fd5ca0, 0x0000024d87fd5d28]
Event: 5.945 Thread 0x0000024dfe4c54f0 7201       4       jdk.internal.jrtfs.SystemImage$1::getResource (9 bytes)
Event: 5.945 Thread 0x0000024dfa540020 nmethod 6092 0x0000024d87fd5e10 code [0x0000024d87fd5fa0, 0x0000024d87fd60a0]
Event: 5.945 Thread 0x0000024dfa540020 7202       4       jdk.internal.jrtfs.JrtFileSystem::newByteChannel (44 bytes)
Event: 5.947 Thread 0x0000024dfe4c5bc0 nmethod 7135 0x0000024d87fd6190 code [0x0000024d87fd6640, 0x0000024d87fd9080]
Event: 5.955 Thread 0x0000024dfe4c5bc0 7203       4       jdk.internal.jrtfs.JrtFileSystem::checkOptions (101 bytes)
Event: 5.955 Thread 0x0000024dfa755010 nmethod 7173 0x0000024d87fdaf10 code [0x0000024d87fdb100, 0x0000024d87fdb9d8]
Event: 5.957 Thread 0x0000024dfe4c4080 nmethod 6093 0x0000024d87fdbf10 code [0x0000024d87fdc160, 0x0000024d87fdc618]
Event: 5.957 Thread 0x0000024dfa755010 7204       4       org.eclipse.jdt.internal.compiler.util.SoftClassCache$JdkClasses$$Lambda/0x0000024d90414450::apply (12 bytes)
Event: 5.957 Thread 0x0000024dfe4c5bc0 nmethod 7203 0x0000024d87fdca10 code [0x0000024d87fdcba0, 0x0000024d87fdcc40]
Event: 5.958 Thread 0x0000024dfe4c5bc0 7205       4       jdk.internal.jrtfs.JrtFileSystem::getFileContent (49 bytes)
Event: 5.958 Thread 0x0000024dfe4c4080 7206       4       jdk.internal.jimage.ImageReader$SharedImageReader::getResource (44 bytes)
Event: 5.960 Thread 0x0000024dfa755010 nmethod 7204 0x0000024d87fdcd90 code [0x0000024d87fdcf20, 0x0000024d87fdd070]
Event: 5.960 Thread 0x0000024dfa755010 7209       4       org.eclipse.jdt.internal.core.util.Util::indexOfJavaLikeExtension (116 bytes)
Event: 5.961 Thread 0x0000024dfa8694c0 7211       3       org.eclipse.sisu.space.asm.SymbolTable::get (13 bytes)
Event: 5.961 Thread 0x0000024dfa8694c0 nmethod 7211 0x0000024d80d5ad90 code [0x0000024d80d5af40, 0x0000024d80d5b098]
Event: 5.970 Thread 0x0000024dfa755010 nmethod 7209 0x0000024d87fdd190 code [0x0000024d87fdd340, 0x0000024d87fdd660]
Event: 5.971 Thread 0x0000024dfa755010 7215       4       org.eclipse.jdt.internal.compiler.classfmt.ClassFileReader::getMemberTypes (151 bytes)
Event: 5.976 Thread 0x0000024dfa5420d0 7217       3       java.lang.reflect.AccessibleObject::isAnnotationPresent (6 bytes)
Event: 5.977 Thread 0x0000024dfa5420d0 nmethod 7217 0x0000024d80d5b190 code [0x0000024d80d5b340, 0x0000024d80d5b5c0]

GC Heap History (20 events):
Event: 5.877 GC heap after
{Heap after GC invocations=110 (full 2):
 PSYoungGen      total 3584K, used 755K [0x00000000d5580000, 0x00000000d5a00000, 0x0000000100000000)
  eden space 2560K, 0% used [0x00000000d5580000,0x00000000d5580000,0x00000000d5800000)
  from space 1024K, 73% used [0x00000000d5900000,0x00000000d59bcf00,0x00000000d5a00000)
  to   space 1024K, 0% used [0x00000000d5800000,0x00000000d5800000,0x00000000d5900000)
 ParOldGen       total 161280K, used 161102K [0x0000000080000000, 0x0000000089d80000, 0x00000000d5580000)
  object space 161280K, 99% used [0x0000000080000000,0x0000000089d539b8,0x0000000089d80000)
 Metaspace       used 43952K, committed 45184K, reserved 1114112K
  class space    used 4664K, committed 5248K, reserved 1048576K
}
Event: 5.900 GC heap before
{Heap before GC invocations=111 (full 2):
 PSYoungGen      total 3584K, used 3315K [0x00000000d5580000, 0x00000000d5a00000, 0x0000000100000000)
  eden space 2560K, 100% used [0x00000000d5580000,0x00000000d5800000,0x00000000d5800000)
  from space 1024K, 73% used [0x00000000d5900000,0x00000000d59bcf00,0x00000000d5a00000)
  to   space 1024K, 0% used [0x00000000d5800000,0x00000000d5800000,0x00000000d5900000)
 ParOldGen       total 161280K, used 161102K [0x0000000080000000, 0x0000000089d80000, 0x00000000d5580000)
  object space 161280K, 99% used [0x0000000080000000,0x0000000089d539b8,0x0000000089d80000)
 Metaspace       used 43976K, committed 45184K, reserved 1114112K
  class space    used 4668K, committed 5248K, reserved 1048576K
}
Event: 5.901 GC heap after
{Heap after GC invocations=111 (full 2):
 PSYoungGen      total 3584K, used 786K [0x00000000d5580000, 0x00000000d5a00000, 0x0000000100000000)
  eden space 2560K, 0% used [0x00000000d5580000,0x00000000d5580000,0x00000000d5800000)
  from space 1024K, 76% used [0x00000000d5800000,0x00000000d58c49c8,0x00000000d5900000)
  to   space 1024K, 0% used [0x00000000d5900000,0x00000000d5900000,0x00000000d5a00000)
 ParOldGen       total 161792K, used 161722K [0x0000000080000000, 0x0000000089e00000, 0x00000000d5580000)
  object space 161792K, 99% used [0x0000000080000000,0x0000000089dee8d0,0x0000000089e00000)
 Metaspace       used 43976K, committed 45184K, reserved 1114112K
  class space    used 4668K, committed 5248K, reserved 1048576K
}
Event: 5.916 GC heap before
{Heap before GC invocations=112 (full 2):
 PSYoungGen      total 3584K, used 3346K [0x00000000d5580000, 0x00000000d5a00000, 0x0000000100000000)
  eden space 2560K, 100% used [0x00000000d5580000,0x00000000d5800000,0x00000000d5800000)
  from space 1024K, 76% used [0x00000000d5800000,0x00000000d58c49c8,0x00000000d5900000)
  to   space 1024K, 0% used [0x00000000d5900000,0x00000000d5900000,0x00000000d5a00000)
 ParOldGen       total 161792K, used 161722K [0x0000000080000000, 0x0000000089e00000, 0x00000000d5580000)
  object space 161792K, 99% used [0x0000000080000000,0x0000000089dee8d0,0x0000000089e00000)
 Metaspace       used 44002K, committed 45248K, reserved 1114112K
  class space    used 4672K, committed 5248K, reserved 1048576K
}
Event: 5.917 GC heap after
{Heap after GC invocations=112 (full 2):
 PSYoungGen      total 3584K, used 866K [0x00000000d5580000, 0x00000000d5a00000, 0x0000000100000000)
  eden space 2560K, 0% used [0x00000000d5580000,0x00000000d5580000,0x00000000d5800000)
  from space 1024K, 84% used [0x00000000d5900000,0x00000000d59d8b70,0x00000000d5a00000)
  to   space 1024K, 0% used [0x00000000d5800000,0x00000000d5800000,0x00000000d5900000)
 ParOldGen       total 162816K, used 162337K [0x0000000080000000, 0x0000000089f00000, 0x00000000d5580000)
  object space 162816K, 99% used [0x0000000080000000,0x0000000089e88558,0x0000000089f00000)
 Metaspace       used 44002K, committed 45248K, reserved 1114112K
  class space    used 4672K, committed 5248K, reserved 1048576K
}
Event: 5.923 GC heap before
{Heap before GC invocations=113 (full 2):
 PSYoungGen      total 3584K, used 3426K [0x00000000d5580000, 0x00000000d5a00000, 0x0000000100000000)
  eden space 2560K, 99% used [0x00000000d5580000,0x00000000d57ffff0,0x00000000d5800000)
  from space 1024K, 84% used [0x00000000d5900000,0x00000000d59d8b70,0x00000000d5a00000)
  to   space 1024K, 0% used [0x00000000d5800000,0x00000000d5800000,0x00000000d5900000)
 ParOldGen       total 162816K, used 162337K [0x0000000080000000, 0x0000000089f00000, 0x00000000d5580000)
  object space 162816K, 99% used [0x0000000080000000,0x0000000089e88558,0x0000000089f00000)
 Metaspace       used 44015K, committed 45248K, reserved 1114112K
  class space    used 4674K, committed 5248K, reserved 1048576K
}
Event: 5.924 GC heap after
{Heap after GC invocations=113 (full 2):
 PSYoungGen      total 3584K, used 832K [0x00000000d5580000, 0x00000000d5a00000, 0x0000000100000000)
  eden space 2560K, 0% used [0x00000000d5580000,0x00000000d5580000,0x00000000d5800000)
  from space 1024K, 81% used [0x00000000d5800000,0x00000000d58d0000,0x00000000d5900000)
  to   space 1024K, 0% used [0x00000000d5900000,0x00000000d5900000,0x00000000d5a00000)
 ParOldGen       total 163328K, used 162967K [0x0000000080000000, 0x0000000089f80000, 0x00000000d5580000)
  object space 163328K, 99% used [0x0000000080000000,0x0000000089f25e80,0x0000000089f80000)
 Metaspace       used 44015K, committed 45248K, reserved 1114112K
  class space    used 4674K, committed 5248K, reserved 1048576K
}
Event: 5.929 GC heap before
{Heap before GC invocations=114 (full 2):
 PSYoungGen      total 3584K, used 3392K [0x00000000d5580000, 0x00000000d5a00000, 0x0000000100000000)
  eden space 2560K, 100% used [0x00000000d5580000,0x00000000d5800000,0x00000000d5800000)
  from space 1024K, 81% used [0x00000000d5800000,0x00000000d58d0000,0x00000000d5900000)
  to   space 1024K, 0% used [0x00000000d5900000,0x00000000d5900000,0x00000000d5a00000)
 ParOldGen       total 163328K, used 162967K [0x0000000080000000, 0x0000000089f80000, 0x00000000d5580000)
  object space 163328K, 99% used [0x0000000080000000,0x0000000089f25e80,0x0000000089f80000)
 Metaspace       used 44028K, committed 45248K, reserved 1114112K
  class space    used 4675K, committed 5248K, reserved 1048576K
}
Event: 5.930 GC heap after
{Heap after GC invocations=114 (full 2):
 PSYoungGen      total 3584K, used 851K [0x00000000d5580000, 0x00000000d5a00000, 0x0000000100000000)
  eden space 2560K, 0% used [0x00000000d5580000,0x00000000d5580000,0x00000000d5800000)
  from space 1024K, 83% used [0x00000000d5900000,0x00000000d59d4f40,0x00000000d5a00000)
  to   space 1024K, 0% used [0x00000000d5800000,0x00000000d5800000,0x00000000d5900000)
 ParOldGen       total 163840K, used 163631K [0x0000000080000000, 0x000000008a000000, 0x00000000d5580000)
  object space 163840K, 99% used [0x0000000080000000,0x0000000089fcbf38,0x000000008a000000)
 Metaspace       used 44028K, committed 45248K, reserved 1114112K
  class space    used 4675K, committed 5248K, reserved 1048576K
}
Event: 5.937 GC heap before
{Heap before GC invocations=115 (full 2):
 PSYoungGen      total 3584K, used 3411K [0x00000000d5580000, 0x00000000d5a00000, 0x0000000100000000)
  eden space 2560K, 100% used [0x00000000d5580000,0x00000000d5800000,0x00000000d5800000)
  from space 1024K, 83% used [0x00000000d5900000,0x00000000d59d4f40,0x00000000d5a00000)
  to   space 1024K, 0% used [0x00000000d5800000,0x00000000d5800000,0x00000000d5900000)
 ParOldGen       total 163840K, used 163631K [0x0000000080000000, 0x000000008a000000, 0x00000000d5580000)
  object space 163840K, 99% used [0x0000000080000000,0x0000000089fcbf38,0x000000008a000000)
 Metaspace       used 44045K, committed 45248K, reserved 1114112K
  class space    used 4677K, committed 5248K, reserved 1048576K
}
Event: 5.938 GC heap after
{Heap after GC invocations=115 (full 2):
 PSYoungGen      total 3584K, used 847K [0x00000000d5580000, 0x00000000d5a00000, 0x0000000100000000)
  eden space 2560K, 0% used [0x00000000d5580000,0x00000000d5580000,0x00000000d5800000)
  from space 1024K, 82% used [0x00000000d5800000,0x00000000d58d3ed0,0x00000000d5900000)
  to   space 1024K, 0% used [0x00000000d5900000,0x00000000d5900000,0x00000000d5a00000)
 ParOldGen       total 164352K, used 164311K [0x0000000080000000, 0x000000008a080000, 0x00000000d5580000)
  object space 164352K, 99% used [0x0000000080000000,0x000000008a075f38,0x000000008a080000)
 Metaspace       used 44045K, committed 45248K, reserved 1114112K
  class space    used 4677K, committed 5248K, reserved 1048576K
}
Event: 5.946 GC heap before
{Heap before GC invocations=116 (full 2):
 PSYoungGen      total 3584K, used 3407K [0x00000000d5580000, 0x00000000d5a00000, 0x0000000100000000)
  eden space 2560K, 100% used [0x00000000d5580000,0x00000000d5800000,0x00000000d5800000)
  from space 1024K, 82% used [0x00000000d5800000,0x00000000d58d3ed0,0x00000000d5900000)
  to   space 1024K, 0% used [0x00000000d5900000,0x00000000d5900000,0x00000000d5a00000)
 ParOldGen       total 164352K, used 164311K [0x0000000080000000, 0x000000008a080000, 0x00000000d5580000)
  object space 164352K, 99% used [0x0000000080000000,0x000000008a075f38,0x000000008a080000)
 Metaspace       used 44073K, committed 45312K, reserved 1114112K
  class space    used 4680K, committed 5248K, reserved 1048576K
}
Event: 5.947 GC heap after
{Heap after GC invocations=116 (full 2):
 PSYoungGen      total 3584K, used 858K [0x00000000d5580000, 0x00000000d5a00000, 0x0000000100000000)
  eden space 2560K, 0% used [0x00000000d5580000,0x00000000d5580000,0x00000000d5800000)
  from space 1024K, 83% used [0x00000000d5900000,0x00000000d59d6b78,0x00000000d5a00000)
  to   space 1024K, 0% used [0x00000000d5800000,0x00000000d5800000,0x00000000d5900000)
 ParOldGen       total 165376K, used 164965K [0x0000000080000000, 0x000000008a180000, 0x00000000d5580000)
  object space 165376K, 99% used [0x0000000080000000,0x000000008a119510,0x000000008a180000)
 Metaspace       used 44073K, committed 45312K, reserved 1114112K
  class space    used 4680K, committed 5248K, reserved 1048576K
}
Event: 5.953 GC heap before
{Heap before GC invocations=117 (full 2):
 PSYoungGen      total 3584K, used 3418K [0x00000000d5580000, 0x00000000d5a00000, 0x0000000100000000)
  eden space 2560K, 100% used [0x00000000d5580000,0x00000000d5800000,0x00000000d5800000)
  from space 1024K, 83% used [0x00000000d5900000,0x00000000d59d6b78,0x00000000d5a00000)
  to   space 1024K, 0% used [0x00000000d5800000,0x00000000d5800000,0x00000000d5900000)
 ParOldGen       total 165376K, used 164965K [0x0000000080000000, 0x000000008a180000, 0x00000000d5580000)
  object space 165376K, 99% used [0x0000000080000000,0x000000008a119510,0x000000008a180000)
 Metaspace       used 44092K, committed 45312K, reserved 1114112K
  class space    used 4682K, committed 5248K, reserved 1048576K
}
Event: 5.954 GC heap after
{Heap after GC invocations=117 (full 2):
 PSYoungGen      total 3584K, used 899K [0x00000000d5580000, 0x00000000d5a00000, 0x0000000100000000)
  eden space 2560K, 0% used [0x00000000d5580000,0x00000000d5580000,0x00000000d5800000)
  from space 1024K, 87% used [0x00000000d5800000,0x00000000d58e0f78,0x00000000d5900000)
  to   space 1024K, 0% used [0x00000000d5900000,0x00000000d5900000,0x00000000d5a00000)
 ParOldGen       total 165888K, used 165624K [0x0000000080000000, 0x000000008a200000, 0x00000000d5580000)
  object space 165888K, 99% used [0x0000000080000000,0x000000008a1be388,0x000000008a200000)
 Metaspace       used 44092K, committed 45312K, reserved 1114112K
  class space    used 4682K, committed 5248K, reserved 1048576K
}
Event: 5.964 GC heap before
{Heap before GC invocations=118 (full 2):
 PSYoungGen      total 3584K, used 3459K [0x00000000d5580000, 0x00000000d5a00000, 0x0000000100000000)
  eden space 2560K, 100% used [0x00000000d5580000,0x00000000d5800000,0x00000000d5800000)
  from space 1024K, 87% used [0x00000000d5800000,0x00000000d58e0f78,0x00000000d5900000)
  to   space 1024K, 0% used [0x00000000d5900000,0x00000000d5900000,0x00000000d5a00000)
 ParOldGen       total 165888K, used 165624K [0x0000000080000000, 0x000000008a200000, 0x00000000d5580000)
  object space 165888K, 99% used [0x0000000080000000,0x000000008a1be388,0x000000008a200000)
 Metaspace       used 44115K, committed 45312K, reserved 1114112K
  class space    used 4687K, committed 5248K, reserved 1048576K
}
Event: 5.965 GC heap after
{Heap after GC invocations=118 (full 2):
 PSYoungGen      total 3584K, used 833K [0x00000000d5580000, 0x00000000d5a00000, 0x0000000100000000)
  eden space 2560K, 0% used [0x00000000d5580000,0x00000000d5580000,0x00000000d5800000)
  from space 1024K, 81% used [0x00000000d5900000,0x00000000d59d0788,0x00000000d5a00000)
  to   space 1024K, 0% used [0x00000000d5800000,0x00000000d5800000,0x00000000d5900000)
 ParOldGen       total 166400K, used 166259K [0x0000000080000000, 0x000000008a280000, 0x00000000d5580000)
  object space 166400K, 99% used [0x0000000080000000,0x000000008a25ce90,0x000000008a280000)
 Metaspace       used 44115K, committed 45312K, reserved 1114112K
  class space    used 4687K, committed 5248K, reserved 1048576K
}
Event: 5.973 GC heap before
{Heap before GC invocations=119 (full 2):
 PSYoungGen      total 3584K, used 3393K [0x00000000d5580000, 0x00000000d5a00000, 0x0000000100000000)
  eden space 2560K, 100% used [0x00000000d5580000,0x00000000d5800000,0x00000000d5800000)
  from space 1024K, 81% used [0x00000000d5900000,0x00000000d59d0788,0x00000000d5a00000)
  to   space 1024K, 0% used [0x00000000d5800000,0x00000000d5800000,0x00000000d5900000)
 ParOldGen       total 166400K, used 166259K [0x0000000080000000, 0x000000008a280000, 0x00000000d5580000)
  object space 166400K, 99% used [0x0000000080000000,0x000000008a25ce90,0x000000008a280000)
 Metaspace       used 44134K, committed 45376K, reserved 1114112K
  class space    used 4689K, committed 5248K, reserved 1048576K
}
Event: 5.974 GC heap after
{Heap after GC invocations=119 (full 2):
 PSYoungGen      total 3584K, used 865K [0x00000000d5580000, 0x00000000d5a00000, 0x0000000100000000)
  eden space 2560K, 0% used [0x00000000d5580000,0x00000000d5580000,0x00000000d5800000)
  from space 1024K, 84% used [0x00000000d5800000,0x00000000d58d8498,0x00000000d5900000)
  to   space 1024K, 0% used [0x00000000d5900000,0x00000000d5900000,0x00000000d5a00000)
 ParOldGen       total 166912K, used 166873K [0x0000000080000000, 0x000000008a300000, 0x00000000d5580000)
  object space 166912K, 99% used [0x0000000080000000,0x000000008a2f6580,0x000000008a300000)
 Metaspace       used 44134K, committed 45376K, reserved 1114112K
  class space    used 4689K, committed 5248K, reserved 1048576K
}
Event: 5.979 GC heap before
{Heap before GC invocations=120 (full 2):
 PSYoungGen      total 3584K, used 3425K [0x00000000d5580000, 0x00000000d5a00000, 0x0000000100000000)
  eden space 2560K, 100% used [0x00000000d5580000,0x00000000d5800000,0x00000000d5800000)
  from space 1024K, 84% used [0x00000000d5800000,0x00000000d58d8498,0x00000000d5900000)
  to   space 1024K, 0% used [0x00000000d5900000,0x00000000d5900000,0x00000000d5a00000)
 ParOldGen       total 166912K, used 166873K [0x0000000080000000, 0x000000008a300000, 0x00000000d5580000)
  object space 166912K, 99% used [0x0000000080000000,0x000000008a2f6580,0x000000008a300000)
 Metaspace       used 44148K, committed 45376K, reserved 1114112K
  class space    used 4690K, committed 5248K, reserved 1048576K
}

Dll operation events (10 events):
Event: 0.007 Loaded shared library c:\Users\Avishka\.vscode\extensions\redhat.java-1.44.0-win32-x64\jre\21.0.8-win32-x86_64\bin\java.dll
Event: 0.055 Loaded shared library c:\Users\Avishka\.vscode\extensions\redhat.java-1.44.0-win32-x64\jre\21.0.8-win32-x86_64\bin\zip.dll
Event: 0.070 Loaded shared library C:\Users\Avishka\.vscode\extensions\redhat.java-1.44.0-win32-x64\jre\21.0.8-win32-x86_64\bin\instrument.dll
Event: 0.073 Loaded shared library C:\Users\Avishka\.vscode\extensions\redhat.java-1.44.0-win32-x64\jre\21.0.8-win32-x86_64\bin\net.dll
Event: 0.074 Loaded shared library C:\Users\Avishka\.vscode\extensions\redhat.java-1.44.0-win32-x64\jre\21.0.8-win32-x86_64\bin\nio.dll
Event: 0.076 Loaded shared library C:\Users\Avishka\.vscode\extensions\redhat.java-1.44.0-win32-x64\jre\21.0.8-win32-x86_64\bin\zip.dll
Event: 0.087 Loaded shared library C:\Users\Avishka\.vscode\extensions\redhat.java-1.44.0-win32-x64\jre\21.0.8-win32-x86_64\bin\jimage.dll
Event: 0.130 Loaded shared library c:\Users\Avishka\.vscode\extensions\redhat.java-1.44.0-win32-x64\jre\21.0.8-win32-x86_64\bin\verify.dll
Event: 0.745 Loaded shared library C:\Users\Avishka\AppData\Roaming\Code\User\globalStorage\redhat.java\1.44.0\config_win\org.eclipse.equinox.launcher\org.eclipse.equinox.launcher.win32.win32.x86_64_1.2.1400.v20250730-1736\eclipse_11913.dll
Event: 1.605 Loaded shared library C:\Users\Avishka\AppData\Local\Temp\jna-1036935967\jna16983097094478243713.dll

Deoptimization events (20 events):
Event: 4.722 Thread 0x0000024dfd37f4c0 DEOPT PACKING pc=0x0000024d80b5a6f2 sp=0x0000009bd59fe810
Event: 4.722 Thread 0x0000024dfd37f4c0 DEOPT UNPACKING pc=0x0000024d874a4242 sp=0x0000009bd59fdd88 mode 0
Event: 4.731 Thread 0x0000024dfd37f4c0 DEOPT PACKING pc=0x0000024d80b5a6f2 sp=0x0000009bd59fe810
Event: 4.731 Thread 0x0000024dfd37f4c0 DEOPT UNPACKING pc=0x0000024d874a4242 sp=0x0000009bd59fdd88 mode 0
Event: 4.740 Thread 0x0000024dfd37f4c0 DEOPT PACKING pc=0x0000024d80b5a6f2 sp=0x0000009bd59fe810
Event: 4.740 Thread 0x0000024dfd37f4c0 DEOPT UNPACKING pc=0x0000024d874a4242 sp=0x0000009bd59fdd88 mode 0
Event: 4.747 Thread 0x0000024dfd37f4c0 DEOPT PACKING pc=0x0000024d80b5a6f2 sp=0x0000009bd59fe810
Event: 4.747 Thread 0x0000024dfd37f4c0 DEOPT UNPACKING pc=0x0000024d874a4242 sp=0x0000009bd59fdd88 mode 0
Event: 4.754 Thread 0x0000024dfd37f4c0 DEOPT PACKING pc=0x0000024d80b5a6f2 sp=0x0000009bd59fe810
Event: 4.754 Thread 0x0000024dfd37f4c0 DEOPT UNPACKING pc=0x0000024d874a4242 sp=0x0000009bd59fdd88 mode 0
Event: 4.755 Thread 0x0000024dfd37f4c0 Uncommon trap: trap_request=0xffffff45 fr.pc=0x0000024d87d401a8 relative=0x0000000000000ba8
Event: 4.755 Thread 0x0000024dfd37f4c0 Uncommon trap: reason=unstable_if action=reinterpret pc=0x0000024d87d401a8 method=java.util.concurrent.ConcurrentHashMap.transfer([Ljava/util/concurrent/ConcurrentHashMap$Node;[Ljava/util/concurrent/ConcurrentHashMap$Node;)V @ 26 c2
Event: 4.755 Thread 0x0000024dfd37f4c0 DEOPT PACKING pc=0x0000024d87d401a8 sp=0x0000009bd59fea60
Event: 4.755 Thread 0x0000024dfd37f4c0 DEOPT UNPACKING pc=0x0000024d874a3aa2 sp=0x0000009bd59fe9c0 mode 2
Event: 4.765 Thread 0x0000024dfd37f4c0 DEOPT PACKING pc=0x0000024d80b5a6f2 sp=0x0000009bd59fe810
Event: 4.765 Thread 0x0000024dfd37f4c0 DEOPT UNPACKING pc=0x0000024d874a4242 sp=0x0000009bd59fdd88 mode 0
Event: 5.789 Thread 0x0000024dfd37f4c0 DEOPT PACKING pc=0x0000024d80b5a6f2 sp=0x0000009bd59fe9d0
Event: 5.789 Thread 0x0000024dfd37f4c0 DEOPT UNPACKING pc=0x0000024d874a4242 sp=0x0000009bd59fdf48 mode 0
Event: 5.796 Thread 0x0000024dfd37f4c0 DEOPT PACKING pc=0x0000024d80b5a6f2 sp=0x0000009bd59fe9d0
Event: 5.796 Thread 0x0000024dfd37f4c0 DEOPT UNPACKING pc=0x0000024d874a4242 sp=0x0000009bd59fdf48 mode 0

Classes loaded (20 events):
Event: 3.480 Loading class sun/reflect/annotation/AnnotatedTypeFactory
Event: 3.480 Loading class sun/reflect/annotation/AnnotatedTypeFactory done
Event: 3.480 Loading class sun/reflect/annotation/AnnotatedTypeFactory$AnnotatedTypeBaseImpl
Event: 3.481 Loading class sun/reflect/annotation/AnnotatedTypeFactory$AnnotatedTypeBaseImpl done
Event: 3.521 Loading class java/lang/invoke/MethodHandleImpl$CountingWrapper
Event: 3.522 Loading class java/lang/invoke/MethodHandleImpl$CountingWrapper done
Event: 3.625 Loading class java/lang/annotation/ElementType
Event: 3.625 Loading class java/lang/annotation/ElementType done
Event: 3.799 Loading class java/lang/annotation/IncompleteAnnotationException
Event: 3.800 Loading class java/lang/annotation/IncompleteAnnotationException done
Event: 4.337 Loading class sun/reflect/annotation/AnnotatedTypeFactory$AnnotatedParameterizedTypeImpl
Event: 4.337 Loading class java/lang/reflect/AnnotatedParameterizedType
Event: 4.337 Loading class java/lang/reflect/AnnotatedParameterizedType done
Event: 4.337 Loading class sun/reflect/annotation/AnnotatedTypeFactory$AnnotatedParameterizedTypeImpl done
Event: 4.545 Loading class java/util/concurrent/CompletionService
Event: 4.545 Loading class java/util/concurrent/CompletionService done
Event: 4.629 Loading class sun/reflect/generics/scope/ConstructorScope
Event: 4.629 Loading class sun/reflect/generics/scope/ConstructorScope done
Event: 4.629 Loading class sun/reflect/generics/tree/VoidDescriptor
Event: 4.629 Loading class sun/reflect/generics/tree/VoidDescriptor done

Classes unloaded (7 events):
Event: 1.903 Thread 0x0000024df17346f0 Unloading class 0x0000024d901a6800 'java/lang/invoke/LambdaForm$MH+0x0000024d901a6800'
Event: 1.903 Thread 0x0000024df17346f0 Unloading class 0x0000024d901a6400 'java/lang/invoke/LambdaForm$MH+0x0000024d901a6400'
Event: 1.903 Thread 0x0000024df17346f0 Unloading class 0x0000024d901a6000 'java/lang/invoke/LambdaForm$MH+0x0000024d901a6000'
Event: 1.903 Thread 0x0000024df17346f0 Unloading class 0x0000024d901a5c00 'java/lang/invoke/LambdaForm$MH+0x0000024d901a5c00'
Event: 1.903 Thread 0x0000024df17346f0 Unloading class 0x0000024d901a5800 'java/lang/invoke/LambdaForm$BMH+0x0000024d901a5800'
Event: 1.903 Thread 0x0000024df17346f0 Unloading class 0x0000024d901a5400 'java/lang/invoke/LambdaForm$DMH+0x0000024d901a5400'
Event: 1.903 Thread 0x0000024df17346f0 Unloading class 0x0000024d901a4000 'java/lang/invoke/LambdaForm$DMH+0x0000024d901a4000'

Classes redefined (0 events):
No events

Internal exceptions (20 events):
Event: 2.898 Thread 0x0000024def20e760 Exception <a 'java/lang/IncompatibleClassChangeError'{0x00000000d57004a8}: Found class java.lang.Object, but interface was expected> (0x00000000d57004a8) 
thrown [s\src\hotspot\share\interpreter\linkResolver.cpp, line 840]
Event: 3.031 Thread 0x0000024dfd37f4c0 Exception <a 'java/io/FileNotFoundException'{0x00000000d5b16ba8}> (0x00000000d5b16ba8) 
thrown [s\src\hotspot\share\prims\jni.cpp, line 520]
Event: 3.031 Thread 0x0000024dfd37f4c0 Exception <a 'java/io/FileNotFoundException'{0x00000000d5b17e18}> (0x00000000d5b17e18) 
thrown [s\src\hotspot\share\prims\jni.cpp, line 520]
Event: 3.035 Thread 0x0000024dfd37f4c0 Exception <a 'java/lang/NoSuchMethodError'{0x00000000d5eb7a30}: 'java.lang.Object java.lang.invoke.DirectMethodHandle$Holder.newInvokeSpecial(java.lang.Object, java.lang.Object, java.lang.Object, int)'> (0x00000000d5eb7a30) 
thrown [s\src\hotspot\share\interpreter\linkResolver.cpp, line 773]
Event: 3.036 Thread 0x0000024dfd37f4c0 Exception <a 'java/lang/NoSuchMethodError'{0x00000000d5ebb6e8}: 'java.lang.Object java.lang.invoke.DirectMethodHandle$Holder.invokeSpecial(java.lang.Object, java.lang.Object, java.lang.Object, java.lang.Object, int)'> (0x00000000d5ebb6e8) 
thrown [s\src\hotspot\share\interpreter\linkResolver.cpp, line 773]
Event: 3.037 Thread 0x0000024dfd37f4c0 Exception <a 'java/lang/NoSuchMethodError'{0x00000000d6030350}: 'java.lang.Object java.lang.invoke.Invokers$Holder.linkToTargetMethod(java.lang.Object, java.lang.Object, int, java.lang.Object)'> (0x00000000d6030350) 
thrown [s\src\hotspot\share\interpreter\linkResolver.cpp, line 773]
Event: 3.040 Thread 0x0000024dfd37f4c0 Exception <a 'java/lang/NoSuchMethodError'{0x00000000d61b1020}: 'void java.lang.invoke.DirectMethodHandle$Holder.invokeStaticInit(java.lang.Object, java.lang.Object, java.lang.Object)'> (0x00000000d61b1020) 
thrown [s\src\hotspot\share\interpreter\linkResolver.cpp, line 773]
Event: 3.059 Thread 0x0000024dfd37c6d0 Exception <a 'java/lang/NoSuchMethodError'{0x00000000d66a6068}: 'java.lang.Object java.lang.invoke.DirectMethodHandle$Holder.invokeSpecialIFC(java.lang.Object, java.lang.Object, java.lang.Object, java.lang.Object)'> (0x00000000d66a6068) 
thrown [s\src\hotspot\share\interpreter\linkResolver.cpp, line 773]
Event: 3.327 Thread 0x0000024dfd37ee30 Exception <a 'java/io/FileNotFoundException'{0x00000000d626d3d0}> (0x00000000d626d3d0) 
thrown [s\src\hotspot\share\prims\jni.cpp, line 520]
Event: 3.327 Thread 0x0000024dfd37ee30 Exception <a 'java/io/FileNotFoundException'{0x00000000d626e3e8}> (0x00000000d626e3e8) 
thrown [s\src\hotspot\share\prims\jni.cpp, line 520]
Event: 3.328 Thread 0x0000024dfd37ee30 Exception <a 'java/io/FileNotFoundException'{0x00000000d626f150}> (0x00000000d626f150) 
thrown [s\src\hotspot\share\prims\jni.cpp, line 520]
Event: 3.364 Thread 0x0000024dfd37f4c0 Implicit null exception at 0x0000024d87d100da to 0x0000024d87d101d8
Event: 3.365 Thread 0x0000024dfd37b9b0 Exception <a 'sun/nio/fs/WindowsException'{0x00000000d570c6b0}> (0x00000000d570c6b0) 
thrown [s\src\hotspot\share\prims\jni.cpp, line 520]
Event: 3.365 Thread 0x0000024dfd37b9b0 Exception <a 'sun/nio/fs/WindowsException'{0x00000000d570cce0}> (0x00000000d570cce0) 
thrown [s\src\hotspot\share\prims\jni.cpp, line 520]
Event: 3.468 Thread 0x0000024dd6413a50 Exception <a 'java/io/FileNotFoundException'{0x00000000d56ce290}> (0x00000000d56ce290) 
thrown [s\src\hotspot\share\prims\jni.cpp, line 520]
Event: 3.520 Thread 0x0000024dd6413a50 Exception <a 'java/lang/NoSuchMethodError'{0x00000000d57dd150}: 'java.lang.Object java.lang.invoke.DirectMethodHandle$Holder.invokeStatic(java.lang.Object, int, java.lang.Object, java.lang.Object)'> (0x00000000d57dd150) 
thrown [s\src\hotspot\share\interpreter\linkResolver.cpp, line 773]
Event: 3.521 Thread 0x0000024dd6413a50 Exception <a 'java/lang/NoSuchMethodError'{0x00000000d5895d58}: 'java.lang.Object java.lang.invoke.DelegatingMethodHandle$Holder.delegate(java.lang.Object, int, java.lang.Object, java.lang.Object)'> (0x00000000d5895d58) 
thrown [s\src\hotspot\share\interpreter\linkResolver.cpp, line 773]
Event: 3.523 Thread 0x0000024dd6413a50 Implicit null exception at 0x0000024d87bc7576 to 0x0000024d87bc78ac
Event: 3.526 Thread 0x0000024dd6413a50 Exception <a 'java/lang/NoSuchMethodError'{0x00000000d5abea38}: 'int java.lang.invoke.Invokers$Holder.linkToTargetMethod(java.lang.Object, java.lang.Object, java.lang.Object)'> (0x00000000d5abea38) 
thrown [s\src\hotspot\share\interpreter\linkResolver.cpp, line 773]
Event: 3.800 Thread 0x0000024dfd37c6d0 Exception <a 'java/lang/NoClassDefFoundError'{0x00000000d5b5b350}: javax/enterprise/inject/Typed> (0x00000000d5b5b350) 
thrown [s\src\hotspot\share\classfile\systemDictionary.cpp, line 301]

ZGC Phase Switch (0 events):
No events

VM Operations (20 events):
Event: 5.877 Executing VM operation: ParallelGCFailedAllocation (Allocation Failure) done
Event: 5.883 Executing VM operation: ParallelGCFailedAllocation (Allocation Failure)
Event: 5.901 Executing VM operation: ParallelGCFailedAllocation (Allocation Failure) done
Event: 5.906 Executing VM operation: ParallelGCFailedAllocation (Allocation Failure)
Event: 5.917 Executing VM operation: ParallelGCFailedAllocation (Allocation Failure) done
Event: 5.923 Executing VM operation: ParallelGCFailedAllocation (Allocation Failure)
Event: 5.924 Executing VM operation: ParallelGCFailedAllocation (Allocation Failure) done
Event: 5.928 Executing VM operation: ParallelGCFailedAllocation (Allocation Failure)
Event: 5.930 Executing VM operation: ParallelGCFailedAllocation (Allocation Failure) done
Event: 5.936 Executing VM operation: ParallelGCFailedAllocation (Allocation Failure)
Event: 5.938 Executing VM operation: ParallelGCFailedAllocation (Allocation Failure) done
Event: 5.945 Executing VM operation: ParallelGCFailedAllocation (Allocation Failure)
Event: 5.947 Executing VM operation: ParallelGCFailedAllocation (Allocation Failure) done
Event: 5.953 Executing VM operation: ParallelGCFailedAllocation (Allocation Failure)
Event: 5.954 Executing VM operation: ParallelGCFailedAllocation (Allocation Failure) done
Event: 5.963 Executing VM operation: ParallelGCFailedAllocation (Allocation Failure)
Event: 5.965 Executing VM operation: ParallelGCFailedAllocation (Allocation Failure) done
Event: 5.972 Executing VM operation: ParallelGCFailedAllocation (Allocation Failure)
Event: 5.974 Executing VM operation: ParallelGCFailedAllocation (Allocation Failure) done
Event: 5.979 Executing VM operation: ParallelGCFailedAllocation (Allocation Failure)

Memory protections (0 events):
No events

Nmethod flushes (20 events):
Event: 2.874 Thread 0x0000024df17346f0 flushing  nmethod 0x0000024d806d3890
Event: 2.874 Thread 0x0000024df17346f0 flushing  nmethod 0x0000024d806ea910
Event: 2.874 Thread 0x0000024df17346f0 flushing  nmethod 0x0000024d806ee490
Event: 2.874 Thread 0x0000024df17346f0 flushing  nmethod 0x0000024d80725110
Event: 2.874 Thread 0x0000024df17346f0 flushing  nmethod 0x0000024d80725510
Event: 2.874 Thread 0x0000024df17346f0 flushing  nmethod 0x0000024d80725e10
Event: 2.874 Thread 0x0000024df17346f0 flushing  nmethod 0x0000024d80727810
Event: 2.874 Thread 0x0000024df17346f0 flushing  nmethod 0x0000024d80729510
Event: 2.874 Thread 0x0000024df17346f0 flushing  nmethod 0x0000024d80729a10
Event: 2.874 Thread 0x0000024df17346f0 flushing  nmethod 0x0000024d8072a310
Event: 2.874 Thread 0x0000024df17346f0 flushing  nmethod 0x0000024d8072b310
Event: 2.874 Thread 0x0000024df17346f0 flushing  nmethod 0x0000024d8072cd90
Event: 2.874 Thread 0x0000024df17346f0 flushing  nmethod 0x0000024d8072e810
Event: 2.874 Thread 0x0000024df17346f0 flushing  nmethod 0x0000024d80790490
Event: 2.874 Thread 0x0000024df17346f0 flushing  nmethod 0x0000024d80796210
Event: 2.874 Thread 0x0000024df17346f0 flushing  nmethod 0x0000024d8079d790
Event: 2.874 Thread 0x0000024df17346f0 flushing  nmethod 0x0000024d8080f990
Event: 2.874 Thread 0x0000024df17346f0 flushing  nmethod 0x0000024d80825390
Event: 2.874 Thread 0x0000024df17346f0 flushing  nmethod 0x0000024d8084b990
Event: 2.874 Thread 0x0000024df17346f0 flushing  nmethod 0x0000024d8085fe10

Events (20 events):
Event: 2.527 Thread 0x0000024def20e760 Thread added: 0x0000024dfd37fb50
Event: 2.527 Thread 0x0000024def20e760 Thread added: 0x0000024dd64126a0
Event: 2.527 Thread 0x0000024def20e760 Thread added: 0x0000024dd6414e00
Event: 2.527 Thread 0x0000024def20e760 Thread added: 0x0000024dd6414770
Event: 2.528 Thread 0x0000024def20e760 Thread added: 0x0000024dd6411980
Event: 2.528 Thread 0x0000024def20e760 Thread added: 0x0000024dd6415490
Event: 2.528 Thread 0x0000024def20e760 Thread added: 0x0000024dd64140e0
Event: 2.528 Thread 0x0000024def20e760 Thread added: 0x0000024dd6412010
Event: 2.528 Thread 0x0000024def20e760 Thread added: 0x0000024dd64161b0
Event: 2.528 Thread 0x0000024def20e760 Thread added: 0x0000024dd6412d30
Event: 2.528 Thread 0x0000024def20e760 Thread added: 0x0000024dd6415b20
Event: 2.557 Thread 0x0000024def20e760 Thread added: 0x0000024dd6416840
Event: 2.575 Thread 0x0000024dfa81bdc0 Thread added: 0x0000024dfe4c54f0
Event: 2.579 Thread 0x0000024dfa606970 Thread added: 0x0000024dfe4c5bc0
Event: 2.580 Thread 0x0000024dfa606970 Thread added: 0x0000024dfe4c4080
Event: 2.920 Thread 0x0000024def20e760 Thread added: 0x0000024dd6416ed0
Event: 2.920 Thread 0x0000024def20e760 Thread added: 0x0000024dd6413a50
Event: 3.000 Thread 0x0000024dfa606970 Thread added: 0x0000024dfe4c2c10
Event: 3.363 Thread 0x0000024dfd37b9b0 Thread added: 0x0000024dd6418910
Event: 5.788 Thread 0x0000024dfa81bdc0 Thread exited: 0x0000024dfa81bdc0


Dynamic libraries:
0x00007ff60b760000 - 0x00007ff60b76e000 	c:\Users\Avishka\.vscode\extensions\redhat.java-1.44.0-win32-x64\jre\21.0.8-win32-x86_64\bin\java.exe
0x00007ff911ae0000 - 0x00007ff911d47000 	C:\Windows\SYSTEM32\ntdll.dll
0x00007ff911110000 - 0x00007ff9111d9000 	C:\Windows\System32\KERNEL32.DLL
0x00007ff90f030000 - 0x00007ff90f420000 	C:\Windows\System32\KERNELBASE.dll
0x00007ff90f570000 - 0x00007ff90f6bb000 	C:\Windows\System32\ucrtbase.dll
0x00007ff907440000 - 0x00007ff907458000 	c:\Users\Avishka\.vscode\extensions\redhat.java-1.44.0-win32-x64\jre\21.0.8-win32-x86_64\bin\jli.dll
0x00007ff8ff360000 - 0x00007ff8ff37e000 	c:\Users\Avishka\.vscode\extensions\redhat.java-1.44.0-win32-x64\jre\21.0.8-win32-x86_64\bin\VCRUNTIME140.dll
0x00007ff910780000 - 0x00007ff910945000 	C:\Windows\System32\USER32.dll
0x00007ff90f6c0000 - 0x00007ff90f6e7000 	C:\Windows\System32\win32u.dll
0x00007ff911330000 - 0x00007ff91135b000 	C:\Windows\System32\GDI32.dll
0x00007ff8f7fe0000 - 0x00007ff8f827a000 	C:\Windows\WinSxS\amd64_microsoft.windows.common-controls_6595b64144ccf1df_6.0.26100.4768_none_3e0c112ce331287c\COMCTL32.dll
0x00007ff90f430000 - 0x00007ff90f568000 	C:\Windows\System32\gdi32full.dll
0x00007ff90ef80000 - 0x00007ff90f023000 	C:\Windows\System32\msvcp_win.dll
0x00007ff911900000 - 0x00007ff9119a9000 	C:\Windows\System32\msvcrt.dll
0x00007ff910950000 - 0x00007ff91097f000 	C:\Windows\System32\IMM32.DLL
0x00007ff8f5560000 - 0x00007ff8f5652000 	C:\Program Files\Windhawk\Engine\1.6.1\64\windhawk.dll
0x00007ff9111e0000 - 0x00007ff911294000 	C:\Windows\System32\ADVAPI32.dll
0x00007ff9102a0000 - 0x00007ff910346000 	C:\Windows\System32\sechost.dll
0x00007ff9104c0000 - 0x00007ff9105d8000 	C:\Windows\System32\RPCRT4.dll
0x00007ff907650000 - 0x00007ff90765c000 	c:\Users\Avishka\.vscode\extensions\redhat.java-1.44.0-win32-x64\jre\21.0.8-win32-x86_64\bin\vcruntime140_1.dll
0x00007ff8d42a0000 - 0x00007ff8d432d000 	c:\Users\Avishka\.vscode\extensions\redhat.java-1.44.0-win32-x64\jre\21.0.8-win32-x86_64\bin\msvcp140.dll
0x00007ff878f80000 - 0x00007ff879d17000 	c:\Users\Avishka\.vscode\extensions\redhat.java-1.44.0-win32-x64\jre\21.0.8-win32-x86_64\bin\server\jvm.dll
0x00007ff90fff0000 - 0x00007ff910064000 	C:\Windows\System32\WS2_32.dll
0x00007ff90ea90000 - 0x00007ff90eaee000 	C:\Windows\SYSTEM32\POWRPROF.dll
0x00007ff8fc0d0000 - 0x00007ff8fc105000 	C:\Windows\SYSTEM32\WINMM.dll
0x00007ff903d30000 - 0x00007ff903d3b000 	C:\Windows\SYSTEM32\VERSION.dll
0x00007ff90ea50000 - 0x00007ff90ea64000 	C:\Windows\SYSTEM32\UMPDC.dll
0x00007ff90d960000 - 0x00007ff90d97b000 	C:\Windows\SYSTEM32\kernel.appcore.dll
0x00007ff9060d0000 - 0x00007ff9060da000 	c:\Users\Avishka\.vscode\extensions\redhat.java-1.44.0-win32-x64\jre\21.0.8-win32-x86_64\bin\jimage.dll
0x00007ff90c3d0000 - 0x00007ff90c611000 	C:\Windows\SYSTEM32\DBGHELP.DLL
0x00007ff910c30000 - 0x00007ff910fb5000 	C:\Windows\System32\combase.dll
0x00007ff9119b0000 - 0x00007ff911a90000 	C:\Windows\System32\OLEAUT32.dll
0x00007ff8ff260000 - 0x00007ff8ff2a3000 	C:\Windows\SYSTEM32\dbgcore.DLL
0x00007ff90eca0000 - 0x00007ff90ed39000 	C:\Windows\System32\bcryptPrimitives.dll
0x00007ff904ed0000 - 0x00007ff904edf000 	c:\Users\Avishka\.vscode\extensions\redhat.java-1.44.0-win32-x64\jre\21.0.8-win32-x86_64\bin\instrument.dll
0x00007ff8f5680000 - 0x00007ff8f569f000 	c:\Users\Avishka\.vscode\extensions\redhat.java-1.44.0-win32-x64\jre\21.0.8-win32-x86_64\bin\java.dll
0x00007ff90f8a0000 - 0x00007ff90ffed000 	C:\Windows\System32\SHELL32.dll
0x00007ff90f6f0000 - 0x00007ff90f863000 	C:\Windows\System32\wintypes.dll
0x00007ff90c7b0000 - 0x00007ff90d010000 	C:\Windows\SYSTEM32\windows.storage.dll
0x00007ff9105e0000 - 0x00007ff9106d5000 	C:\Windows\System32\SHCORE.dll
0x00007ff9112a0000 - 0x00007ff91130a000 	C:\Windows\System32\shlwapi.dll
0x00007ff90eb30000 - 0x00007ff90eb59000 	C:\Windows\SYSTEM32\profapi.dll
0x00007ff8f5660000 - 0x00007ff8f5678000 	c:\Users\Avishka\.vscode\extensions\redhat.java-1.44.0-win32-x64\jre\21.0.8-win32-x86_64\bin\zip.dll
0x00007ff904ea0000 - 0x00007ff904eb0000 	C:\Users\Avishka\.vscode\extensions\redhat.java-1.44.0-win32-x64\jre\21.0.8-win32-x86_64\bin\net.dll
0x00007ff907e90000 - 0x00007ff907fae000 	C:\Windows\SYSTEM32\WINHTTP.dll
0x00007ff90ded0000 - 0x00007ff90df3b000 	C:\Windows\system32\mswsock.dll
0x00007ff8f4780000 - 0x00007ff8f4796000 	C:\Users\Avishka\.vscode\extensions\redhat.java-1.44.0-win32-x64\jre\21.0.8-win32-x86_64\bin\nio.dll
0x00007ff902300000 - 0x00007ff902310000 	c:\Users\Avishka\.vscode\extensions\redhat.java-1.44.0-win32-x64\jre\21.0.8-win32-x86_64\bin\verify.dll
0x00007ff8dc580000 - 0x00007ff8dc5c5000 	C:\Users\Avishka\AppData\Roaming\Code\User\globalStorage\redhat.java\1.44.0\config_win\org.eclipse.equinox.launcher\org.eclipse.equinox.launcher.win32.win32.x86_64_1.2.1400.v20250730-1736\eclipse_11913.dll
0x00007ff9100d0000 - 0x00007ff910270000 	C:\Windows\System32\ole32.dll
0x00007ff90e160000 - 0x00007ff90e17b000 	C:\Windows\SYSTEM32\CRYPTSP.dll
0x00007ff90d8c0000 - 0x00007ff90d8fb000 	C:\Windows\system32\rsaenh.dll
0x00007ff90df70000 - 0x00007ff90df9b000 	C:\Windows\SYSTEM32\USERENV.dll
0x00007ff90eb00000 - 0x00007ff90eb26000 	C:\Windows\SYSTEM32\bcrypt.dll
0x00007ff90e150000 - 0x00007ff90e15c000 	C:\Windows\SYSTEM32\CRYPTBASE.dll
0x00007ff90d340000 - 0x00007ff90d373000 	C:\Windows\SYSTEM32\IPHLPAPI.DLL
0x00007ff910290000 - 0x00007ff91029a000 	C:\Windows\System32\NSI.dll
0x00007ff8db8b0000 - 0x00007ff8db8f9000 	C:\Users\Avishka\AppData\Local\Temp\jna-1036935967\jna16983097094478243713.dll
0x00007ff910280000 - 0x00007ff910288000 	C:\Windows\System32\PSAPI.DLL
0x00007ff908310000 - 0x00007ff90832f000 	C:\Windows\SYSTEM32\dhcpcsvc6.DLL
0x00007ff908280000 - 0x00007ff9082a5000 	C:\Windows\SYSTEM32\dhcpcsvc.DLL

JVMTI agents:
c:\Users\Avishka\.vscode\extensions\redhat.java-1.44.0-win32-x64\lombok\lombok-1.18.39-4050.jar path:c:\Users\Avishka\.vscode\extensions\redhat.java-1.44.0-win32-x64\jre\21.0.8-win32-x86_64\bin\instrument.dll, loaded, initialized, instrumentlib options:none

dbghelp: loaded successfully - version: 4.0.5 - missing functions: none
symbol engine: initialized successfully - sym options: 0x614 - pdb path: .;c:\Users\Avishka\.vscode\extensions\redhat.java-1.44.0-win32-x64\jre\21.0.8-win32-x86_64\bin;C:\Windows\SYSTEM32;C:\Windows\WinSxS\amd64_microsoft.windows.common-controls_6595b64144ccf1df_6.0.26100.4768_none_3e0c112ce331287c;C:\Program Files\Windhawk\Engine\1.6.1\64;c:\Users\Avishka\.vscode\extensions\redhat.java-1.44.0-win32-x64\jre\21.0.8-win32-x86_64\bin\server;C:\Users\Avishka\AppData\Roaming\Code\User\globalStorage\redhat.java\1.44.0\config_win\org.eclipse.equinox.launcher\org.eclipse.equinox.launcher.win32.win32.x86_64_1.2.1400.v20250730-1736;C:\Users\Avishka\AppData\Local\Temp\jna-1036935967

VM Arguments:
jvm_args: --add-modules=ALL-SYSTEM --add-opens=java.base/java.util=ALL-UNNAMED --add-opens=java.base/java.lang=ALL-UNNAMED --add-opens=java.base/sun.nio.fs=ALL-UNNAMED -Declipse.application=org.eclipse.jdt.ls.core.id1 -Dosgi.bundles.defaultStartLevel=4 -Declipse.product=org.eclipse.jdt.ls.core.product -Djava.import.generatesMetadataFilesAtProjectRoot=false -DDetectVMInstallationsJob.disabled=true -Dfile.encoding=utf8 -XX:+UseParallelGC -XX:GCTimeRatio=4 -XX:AdaptiveSizePolicyWeight=90 -Dsun.zip.disableMemoryMapping=true -Xmx2G -Xms100m -Xlog:disable -javaagent:c:\Users\Avishka\.vscode\extensions\redhat.java-1.44.0-win32-x64\lombok\lombok-1.18.39-4050.jar -XX:+HeapDumpOnOutOfMemoryError -XX:HeapDumpPath=c:\Users\Avishka\AppData\Roaming\Code\User\workspaceStorage\bc28ba390c83b240dd2435da20ed720d\redhat.java -Daether.dependencyCollector.impl=bf 
java_command: c:\Users\Avishka\.vscode\extensions\redhat.java-1.44.0-win32-x64\server\plugins\org.eclipse.equinox.launcher_1.7.0.v20250519-0528.jar -configuration c:\Users\Avishka\AppData\Roaming\Code\User\globalStorage\redhat.java\1.44.0\config_win -data c:\Users\Avishka\AppData\Roaming\Code\User\workspaceStorage\bc28ba390c83b240dd2435da20ed720d\redhat.java\jdt_ws --pipe=\\.\pipe\lsp-0d7eaa3faa5d6c32dc23900d6bebd960-sock
java_class_path (initial): c:\Users\Avishka\.vscode\extensions\redhat.java-1.44.0-win32-x64\server\plugins\org.eclipse.equinox.launcher_1.7.0.v20250519-0528.jar
Launcher Type: SUN_STANDARD

[Global flags]
    uintx AdaptiveSizePolicyWeight                 = 90                                        {product} {command line}
     intx CICompilerCount                          = 12                                        {product} {ergonomic}
    uintx GCTimeRatio                              = 4                                         {product} {command line}
     bool HeapDumpOnOutOfMemoryError               = true                                   {manageable} {command line}
    ccstr HeapDumpPath                             = c:\Users\Avishka\AppData\Roaming\Code\User\workspaceStorage\bc28ba390c83b240dd2435da20ed720d\redhat.java         {manageable} {command line}
   size_t InitialHeapSize                          = 104857600                                 {product} {command line}
   size_t MaxHeapSize                              = 2147483648                                {product} {command line}
   size_t MaxNewSize                               = 715653120                                 {product} {ergonomic}
   size_t MinHeapDeltaBytes                        = 524288                                    {product} {ergonomic}
   size_t MinHeapSize                              = 104857600                                 {product} {command line}
   size_t NewSize                                  = 34603008                                  {product} {ergonomic}
    uintx NonNMethodCodeHeapSize                   = 7602480                                {pd product} {ergonomic}
    uintx NonProfiledCodeHeapSize                  = 122027880                              {pd product} {ergonomic}
   size_t OldSize                                  = 70254592                                  {product} {ergonomic}
    uintx ProfiledCodeHeapSize                     = 122027880                              {pd product} {ergonomic}
    uintx ReservedCodeCacheSize                    = 251658240                              {pd product} {ergonomic}
     bool SegmentedCodeCache                       = true                                      {product} {ergonomic}
   size_t SoftMaxHeapSize                          = 2147483648                             {manageable} {ergonomic}
     bool UseCompressedOops                        = true                           {product lp64_product} {ergonomic}
     bool UseLargePagesIndividualAllocation        = false                                  {pd product} {ergonomic}
     bool UseParallelGC                            = true                                      {product} {command line}

Logging:
Log output configuration:
 #0: stdout all=off uptime,level,tags foldmultilines=false
 #1: stderr all=off uptime,level,tags foldmultilines=false

Environment Variables:
JAVA_HOME=C:\Program Files\Java\jdk-17
PATH=C:\Program Files\Common Files\Oracle\Java\javapath;C:\Windows\system32;C:\Windows;C:\Windows\System32\Wbem;C:\Windows\System32\WindowsPowerShell\v1.0\;C:\Windows\System32\OpenSSH\;C:\Program Files\nodejs\;C:\ProgramData\Microsoft\Windows\Start Menu\Programs\Node.js;C:\Program Files\dotnet\;C:\Users\Avishka\Downloads\jdk-17.0.12_windows-x64_bin.exe;C:\Program Files\Git\cmd;C:\Flutter\flutter\bin;C:\Program Files\MariaDB 11.7\bin;C:\Users\Avishka\Downloads\exiftool-13.30_64\exiftool-13.30_64;C:\Program Files\Docker\Docker\resources\bin;C:\Users\Avishka\Downloads\dotnet-sdk-8.0.411-win-x64.exe;C:\Users\Avishka\Desktop\apache-cassandra-4.0.18\bin;C:\Users\Avishka\Desktop\apache-cassandra-4.0.18\bin;C:\Users\Avishka\Desktop\mongosh-2.5.6-win32-x64\bin;C:\Program Files\MongoDB\Server\8.0\bin;C:\Users\Avishka\Documents\apache-maven-3.8.9\bin;C:\Users\Avishka\Documents\apache-maven-3.8.9\bin;C:\Program Files\Common Files\Oracle\Java\javapath;C:\Windows\system32;C:\Windows;C:\Windows\System32\Wbem;C:\Windows\System32\WindowsPowerShell\v1.0\;C:\Windows\System32\OpenSSH\;C:\Program Files\nodejs\;C:\ProgramData\Microsoft\Windows\Start Menu\Programs\Node.js;C:\Program Files\dotnet\;C:\Users\Avishka\Downloads\jdk-17.0.12_windows-x64_bin.exe;C:\Program Files\Git\cmd;C:\Flutter\flutter\bin;C:\Program Files\MariaDB 11.7\bin;C:\Users\Avishka\Downloads\exiftool-13.30_64\exiftool-13.30_64;C:\Program Files\Docker\Docker\resources\bin;C:\Users\Avishka\Downloads\dotnet-sdk-8.0.411-win-x64.exe;C:\Users\Avishka\Desktop\apache-cassandra-4.0.18\bin;C:\Users\Avishka\Desktop\apache-cassandra-4.0.18\bin;C:\Users\Avishka\Desktop\mongosh-2.5.6-win32-x64\bin;C:\Program Files\MongoDB\Server\8.0\bin;C:\Users\Avishka\Documents\apache-maven-3.8.9\bin;C:\Users\Avishka\Documents\apache-maven-3.8.9\bin;;C:\Program Files\Java\jdk-17\bin;C:\Users\Avishka\AppData\Local\Programs\Microsoft VS Code\bin;C:\Users\Avishka\.dotnet\tools
USERNAME=Avishka
OS=Windows_NT
PROCESSOR_IDENTIFIER=Intel64 Family 6 Model 170 Stepping 4, GenuineIntel
TMP=C:\Users\Avishka\AppData\Local\Temp
TEMP=C:\Users\Avishka\AppData\Local\Temp




Periodic native trim disabled

---------------  S Y S T E M  ---------------

OS:
 Windows 11 , 64 bit Build 26100 (10.0.26100.4768)
OS uptime: 6 days 8:51 hours
Hyper-V role detected

CPU: total 18 (initial active 18) (9 cores per cpu, 2 threads per core) family 6 model 170 stepping 4 microcode 0x24, cx8, cmov, fxsr, ht, mmx, 3dnowpref, sse, sse2, sse3, ssse3, sse4.1, sse4.2, popcnt, lzcnt, tsc, tscinvbit, avx, avx2, aes, erms, clmul, bmi1, bmi2, adx, sha, fma, vzeroupper, clflush, clflushopt, clwb, hv, serialize, rdtscp, rdpid, fsrm, f16c, cet_ibt, cet_ss
Processor Information for processor 0
  Max Mhz: 1200, Current Mhz: 1200, Mhz Limit: 1200
Processor Information for processor 1
  Max Mhz: 1200, Current Mhz: 1200, Mhz Limit: 1200
Processor Information for processor 2
  Max Mhz: 700, Current Mhz: 700, Mhz Limit: 700
Processor Information for processor 3
  Max Mhz: 700, Current Mhz: 700, Mhz Limit: 700
Processor Information for processor 4
  Max Mhz: 700, Current Mhz: 700, Mhz Limit: 700
Processor Information for processor 5
  Max Mhz: 700, Current Mhz: 700, Mhz Limit: 700
Processor Information for processor 6
  Max Mhz: 700, Current Mhz: 700, Mhz Limit: 700
Processor Information for processor 7
  Max Mhz: 700, Current Mhz: 700, Mhz Limit: 700
Processor Information for processor 8
  Max Mhz: 700, Current Mhz: 700, Mhz Limit: 700
Processor Information for processor 9
  Max Mhz: 700, Current Mhz: 700, Mhz Limit: 700
Processor Information for processor 10
  Max Mhz: 1200, Current Mhz: 1200, Mhz Limit: 1200
Processor Information for processor 11
  Max Mhz: 1200, Current Mhz: 1200, Mhz Limit: 1200
Processor Information for processor 12
  Max Mhz: 1200, Current Mhz: 1200, Mhz Limit: 1200
Processor Information for processor 13
  Max Mhz: 1200, Current Mhz: 1200, Mhz Limit: 1200
Processor Information for processor 14
  Max Mhz: 1200, Current Mhz: 1200, Mhz Limit: 1200
Processor Information for processor 15
  Max Mhz: 1200, Current Mhz: 1200, Mhz Limit: 1200
Processor Information for processor 16
  Max Mhz: 700, Current Mhz: 700, Mhz Limit: 700
Processor Information for processor 17
  Max Mhz: 700, Current Mhz: 700, Mhz Limit: 700

Memory: 4k page, system-wide physical 16053M (3176M free)
TotalPageFile size 20149M (AvailPageFile size 7M)
current process WorkingSet (physical memory assigned to process): 450M, peak: 464M
current process commit charge ("private bytes"): 493M, peak: 516M

vm_info: OpenJDK 64-Bit Server VM (21.0.8+9-LTS) for windows-amd64 JRE (21.0.8+9-LTS), built on 2025-07-15T00:00:00Z by "admin" with MS VC++ 17.7 (VS2022)

END.
