#
# There is insufficient memory for the Java Runtime Environment to continue.
# Native memory allocation (malloc) failed to allocate 1956080 bytes. Error detail: Chunk::new
# Possible reasons:
#   The system is out of physical RAM or swap space
#   This process is running with CompressedOops enabled, and the Java Heap may be blocking the growth of the native heap
# Possible solutions:
#   Reduce memory load on the system
#   Increase physical memory or swap space
#   Check if swap backing store is full
#   Decrease Java heap size (-Xmx/-Xms)
#   Decrease number of Java threads
#   Decrease Java thread stack sizes (-Xss)
#   Set larger code cache with -XX:ReservedCodeCacheSize=
#   JVM is running with Unscaled Compressed Oops mode in which the Java heap is
#     placed in the first 4GB address space. The Java Heap base address is the
#     maximum limit for the native heap growth. Please use -XX:HeapBaseMinAddress
#     to set the Java Heap base and to place the Java Heap above 4GB virtual address.
# This output file may be truncated or incomplete.
#
#  Out of Memory Error (arena.cpp:168), pid=13304, tid=38180
#
# JRE version: OpenJDK Runtime Environment Temurin-21.0.8+9 (21.0.8+9) (build 21.0.8+9-LTS)
# Java VM: OpenJDK 64-Bit Server VM Temurin-21.0.8+9 (21.0.8+9-LTS, mixed mode, sharing, tiered, compressed oops, compressed class ptrs, parallel gc, windows-amd64)
# No core dump will be written. Minidumps are not enabled by default on client versions of Windows
#

---------------  S U M M A R Y ------------

Command Line: --add-modules=ALL-SYSTEM --add-opens=java.base/java.util=ALL-UNNAMED --add-opens=java.base/java.lang=ALL-UNNAMED --add-opens=java.base/sun.nio.fs=ALL-UNNAMED -Declipse.application=org.eclipse.jdt.ls.core.id1 -Dosgi.bundles.defaultStartLevel=4 -Declipse.product=org.eclipse.jdt.ls.core.product -Djava.import.generatesMetadataFilesAtProjectRoot=false -DDetectVMInstallationsJob.disabled=true -Dfile.encoding=utf8 -XX:+UseParallelGC -XX:GCTimeRatio=4 -XX:AdaptiveSizePolicyWeight=90 -Dsun.zip.disableMemoryMapping=true -Xmx2G -Xms100m -Xlog:disable -javaagent:c:\Users\Avishka\.vscode\extensions\redhat.java-1.44.0-win32-x64\lombok\lombok-1.18.39-4050.jar c:\Users\Avishka\.vscode\extensions\redhat.java-1.44.0-win32-x64\server\plugins\org.eclipse.equinox.launcher_1.7.0.v20250519-0528.jar -configuration c:\Users\Avishka\AppData\Roaming\Code\User\globalStorage\redhat.java\1.44.0\config_ss_win -data c:\Users\Avishka\AppData\Roaming\Code\User\workspaceStorage\bc28ba390c83b240dd2435da20ed720d\redhat.java\ss_ws --pipe=\\.\pipe\lsp-088563182434d5982420c4a0a2efcb3d-sock

Host: Intel(R) Core(TM) Ultra 5 125H, 18 cores, 15G,  Windows 11 , 64 bit Build 26100 (10.0.26100.4768)
Time: Wed Aug 20 18:02:36 2025 Sri Lanka Standard Time elapsed time: 18.171977 seconds (0d 0h 0m 18s)

---------------  T H R E A D  ---------------

Current thread (0x000001d05b066410):  JavaThread "C2 CompilerThread0" daemon [_thread_in_native, id=38180, stack(0x0000000f59f00000,0x0000000f5a000000) (1024K)]


Current CompileTask:
C2:18172 5089 %     4       org.lombokweb.asm.SymbolTable::<init> @ 98 (554 bytes)

Stack: [0x0000000f59f00000,0x0000000f5a000000]
Native frames: (J=compiled Java code, j=interpreted, Vv=VM code, C=native code)
V  [jvm.dll+0x6d2449]
V  [jvm.dll+0x8ae341]
V  [jvm.dll+0x8b08be]
V  [jvm.dll+0x8b0fa3]
V  [jvm.dll+0x280c96]
V  [jvm.dll+0xc581d]
V  [jvm.dll+0xc5d53]
V  [jvm.dll+0x3b919c]
V  [jvm.dll+0x385315]
V  [jvm.dll+0x38477a]
V  [jvm.dll+0x248ed0]
V  [jvm.dll+0x2484af]
V  [jvm.dll+0x1c89ee]
V  [jvm.dll+0x257d4d]
V  [jvm.dll+0x2562ea]
V  [jvm.dll+0x3f2d16]
V  [jvm.dll+0x857e6b]
V  [jvm.dll+0x6d0b0d]
C  [ucrtbase.dll+0x37b0]
C  [KERNEL32.DLL+0x2e8d7]
C  [ntdll.dll+0x3c34c]


---------------  P R O C E S S  ---------------

Threads class SMR info:
_java_thread_list=0x000001d05e5f0730, length=50, elements={
0x000001d043f0b220, 0x000001d05b05c400, 0x000001d05b05d250, 0x000001d05b060ad0,
0x000001d05b061f30, 0x000001d05b062b80, 0x000001d05b0655e0, 0x000001d05b066410,
0x000001d05c5bb700, 0x000001d05c6448c0, 0x000001d05e17b160, 0x000001d06328a710,
0x000001d05e20ea90, 0x000001d05c655e70, 0x000001d05c7fc9a0, 0x000001d05c609b20,
0x000001d05e7d9cd0, 0x000001d05e84d630, 0x000001d05c6b0f80, 0x000001d05e213430,
0x000001d05e213ac0, 0x000001d05c724770, 0x000001d05e583760, 0x000001d06380c530,
0x000001d0631e6e10, 0x000001d064dd3020, 0x000001d05e215500, 0x000001d05e2147e0,
0x000001d05e215b90, 0x000001d05e214e70, 0x000001d05e214150, 0x000001d05e216220,
0x000001d05e2168b0, 0x000001d064d5cf40, 0x000001d064d5ae70, 0x000001d064d5c8b0,
0x000001d064d5a7e0, 0x000001d064d5b500, 0x000001d064d5d5d0, 0x000001d064d5dc60,
0x000001d064d5bb90, 0x000001d064d5c220, 0x000001d065182720, 0x000001d065182db0,
0x000001d0651847f0, 0x000001d065181a00, 0x000001d065183440, 0x000001d065185510,
0x000001d06393a730, 0x000001d063aaaf10
}

Java Threads: ( => current thread )
  0x000001d043f0b220 JavaThread "main"                              [_thread_blocked, id=39036, stack(0x0000000f59500000,0x0000000f59600000) (1024K)]
  0x000001d05b05c400 JavaThread "Reference Handler"          daemon [_thread_blocked, id=32288, stack(0x0000000f59900000,0x0000000f59a00000) (1024K)]
  0x000001d05b05d250 JavaThread "Finalizer"                  daemon [_thread_blocked, id=19700, stack(0x0000000f59a00000,0x0000000f59b00000) (1024K)]
  0x000001d05b060ad0 JavaThread "Signal Dispatcher"          daemon [_thread_blocked, id=34532, stack(0x0000000f59b00000,0x0000000f59c00000) (1024K)]
  0x000001d05b061f30 JavaThread "Attach Listener"            daemon [_thread_blocked, id=36776, stack(0x0000000f59c00000,0x0000000f59d00000) (1024K)]
  0x000001d05b062b80 JavaThread "Service Thread"             daemon [_thread_blocked, id=38996, stack(0x0000000f59d00000,0x0000000f59e00000) (1024K)]
  0x000001d05b0655e0 JavaThread "Monitor Deflation Thread"   daemon [_thread_blocked, id=34992, stack(0x0000000f59e00000,0x0000000f59f00000) (1024K)]
=>0x000001d05b066410 JavaThread "C2 CompilerThread0"         daemon [_thread_in_native, id=38180, stack(0x0000000f59f00000,0x0000000f5a000000) (1024K)]
  0x000001d05c5bb700 JavaThread "C1 CompilerThread0"         daemon [_thread_blocked, id=3540, stack(0x0000000f5a000000,0x0000000f5a100000) (1024K)]
  0x000001d05c6448c0 JavaThread "Common-Cleaner"             daemon [_thread_blocked, id=34944, stack(0x0000000f5a100000,0x0000000f5a200000) (1024K)]
  0x000001d05e17b160 JavaThread "Notification Thread"        daemon [_thread_blocked, id=22180, stack(0x0000000f5a600000,0x0000000f5a700000) (1024K)]
  0x000001d06328a710 JavaThread "Active Thread: Equinox Container: 0ef7ed59-411a-4dc8-a918-13de914e29a9"        [_thread_blocked, id=37796, stack(0x0000000f5af00000,0x0000000f5b000000) (1024K)]
  0x000001d05e20ea90 JavaThread "C2 CompilerThread1"         daemon [_thread_in_native, id=21132, stack(0x0000000f5a200000,0x0000000f5a300000) (1024K)]
  0x000001d05c655e70 JavaThread "Framework Event Dispatcher: Equinox Container: 0ef7ed59-411a-4dc8-a918-13de914e29a9" daemon [_thread_blocked, id=18200, stack(0x0000000f5a400000,0x0000000f5a500000) (1024K)]
  0x000001d05c7fc9a0 JavaThread "Start Level: Equinox Container: 0ef7ed59-411a-4dc8-a918-13de914e29a9" daemon [_thread_blocked, id=20312, stack(0x0000000f5a500000,0x0000000f5a600000) (1024K)]
  0x000001d05c609b20 JavaThread "SCR Component Actor"        daemon [_thread_blocked, id=19684, stack(0x0000000f5a700000,0x0000000f5a800000) (1024K)]
  0x000001d05e7d9cd0 JavaThread "Worker-JM"                         [_thread_blocked, id=26980, stack(0x0000000f5b100000,0x0000000f5b200000) (1024K)]
  0x000001d05e84d630 JavaThread "JNA Cleaner"                daemon [_thread_blocked, id=38140, stack(0x0000000f5b400000,0x0000000f5b500000) (1024K)]
  0x000001d05c6b0f80 JavaThread "Worker-0"                          [_thread_blocked, id=26680, stack(0x0000000f5b000000,0x0000000f5b100000) (1024K)]
  0x000001d05e213430 JavaThread "Worker-1"                          [_thread_blocked, id=37124, stack(0x0000000f5b500000,0x0000000f5b600000) (1024K)]
  0x000001d05e213ac0 JavaThread "Worker-2"                          [_thread_blocked, id=10780, stack(0x0000000f5b600000,0x0000000f5b700000) (1024K)]
  0x000001d05c724770 JavaThread "C2 CompilerThread2"         daemon [_thread_blocked, id=7208, stack(0x0000000f5bc00000,0x0000000f5bd00000) (1024K)]
  0x000001d05e583760 JavaThread "C2 CompilerThread3"         daemon [_thread_in_native, id=17448, stack(0x0000000f5be00000,0x0000000f5bf00000) (1024K)]
  0x000001d06380c530 JavaThread "C2 CompilerThread4"         daemon [_thread_blocked, id=29844, stack(0x0000000f5bf00000,0x0000000f5c000000) (1024K)]
  0x000001d0631e6e10 JavaThread "C1 CompilerThread1"         daemon [_thread_blocked, id=38820, stack(0x0000000f5bb00000,0x0000000f5bc00000) (1024K)]
  0x000001d064dd3020 JavaThread "C1 CompilerThread2"         daemon [_thread_blocked, id=20796, stack(0x0000000f5bd00000,0x0000000f5be00000) (1024K)]
  0x000001d05e215500 JavaThread "Thread-2"                   daemon [_thread_in_native, id=13760, stack(0x0000000f5c300000,0x0000000f5c400000) (1024K)]
  0x000001d05e2147e0 JavaThread "Thread-3"                   daemon [_thread_in_native, id=30512, stack(0x0000000f5c400000,0x0000000f5c500000) (1024K)]
  0x000001d05e215b90 JavaThread "Thread-4"                   daemon [_thread_in_native, id=39192, stack(0x0000000f5c500000,0x0000000f5c600000) (1024K)]
  0x000001d05e214e70 JavaThread "Thread-5"                   daemon [_thread_in_native, id=12576, stack(0x0000000f5c600000,0x0000000f5c700000) (1024K)]
  0x000001d05e214150 JavaThread "Thread-6"                   daemon [_thread_in_native, id=38160, stack(0x0000000f5c700000,0x0000000f5c800000) (1024K)]
  0x000001d05e216220 JavaThread "Thread-7"                   daemon [_thread_in_native, id=8956, stack(0x0000000f5c800000,0x0000000f5c900000) (1024K)]
  0x000001d05e2168b0 JavaThread "Thread-8"                   daemon [_thread_in_native, id=16396, stack(0x0000000f5c900000,0x0000000f5ca00000) (1024K)]
  0x000001d064d5cf40 JavaThread "Thread-9"                   daemon [_thread_in_native, id=21772, stack(0x0000000f5ca00000,0x0000000f5cb00000) (1024K)]
  0x000001d064d5ae70 JavaThread "Thread-10"                  daemon [_thread_in_native, id=30184, stack(0x0000000f5cb00000,0x0000000f5cc00000) (1024K)]
  0x000001d064d5c8b0 JavaThread "Thread-11"                  daemon [_thread_in_native, id=27496, stack(0x0000000f5cc00000,0x0000000f5cd00000) (1024K)]
  0x000001d064d5a7e0 JavaThread "Thread-12"                  daemon [_thread_in_native, id=22744, stack(0x0000000f5cd00000,0x0000000f5ce00000) (1024K)]
  0x000001d064d5b500 JavaThread "Thread-13"                  daemon [_thread_in_native, id=29584, stack(0x0000000f5ce00000,0x0000000f5cf00000) (1024K)]
  0x000001d064d5d5d0 JavaThread "Thread-14"                  daemon [_thread_in_native, id=20920, stack(0x0000000f5cf00000,0x0000000f5d000000) (1024K)]
  0x000001d064d5dc60 JavaThread "Thread-15"                  daemon [_thread_in_native, id=39396, stack(0x0000000f5d000000,0x0000000f5d100000) (1024K)]
  0x000001d064d5bb90 JavaThread "Thread-16"                  daemon [_thread_in_native, id=21248, stack(0x0000000f5d100000,0x0000000f5d200000) (1024K)]
  0x000001d064d5c220 JavaThread "Thread-17"                  daemon [_thread_in_native, id=37992, stack(0x0000000f5d200000,0x0000000f5d300000) (1024K)]
  0x000001d065182720 JavaThread "Thread-18"                  daemon [_thread_in_native, id=19880, stack(0x0000000f5d300000,0x0000000f5d400000) (1024K)]
  0x000001d065182db0 JavaThread "Thread-19"                  daemon [_thread_in_native, id=37236, stack(0x0000000f5d400000,0x0000000f5d500000) (1024K)]
  0x000001d0651847f0 JavaThread "Thread-20"                  daemon [_thread_in_native, id=33864, stack(0x0000000f5d500000,0x0000000f5d600000) (1024K)]
  0x000001d065181a00 JavaThread "pool-2-thread-1"                   [_thread_blocked, id=39460, stack(0x0000000f5d600000,0x0000000f5d700000) (1024K)]
  0x000001d065183440 JavaThread "WorkspaceEventsHandler"            [_thread_blocked, id=39044, stack(0x0000000f5d700000,0x0000000f5d800000) (1024K)]
  0x000001d065185510 JavaThread "pool-1-thread-1"                   [_thread_in_Java, id=24212, stack(0x0000000f5d800000,0x0000000f5d900000) (1024K)]
  0x000001d06393a730 JavaThread "C2 CompilerThread5"         daemon [_thread_blocked, id=37812, stack(0x0000000f5d900000,0x0000000f5da00000) (1024K)]
  0x000001d063aaaf10 JavaThread "C2 CompilerThread6"         daemon [_thread_blocked, id=23624, stack(0x0000000f5da00000,0x0000000f5db00000) (1024K)]
Total: 50

Other Threads:
  0x000001d05c5455b0 VMThread "VM Thread"                           [id=27412, stack(0x0000000f59800000,0x0000000f59900000) (1024K)]
  0x000001d05af4c8d0 WatcherThread "VM Periodic Task Thread"        [id=27520, stack(0x0000000f59700000,0x0000000f59800000) (1024K)]
  0x000001d043f28570 WorkerThread "GC Thread#0"                     [id=10856, stack(0x0000000f59600000,0x0000000f59700000) (1024K)]
  0x000001d05e906b30 WorkerThread "GC Thread#1"                     [id=2932, stack(0x0000000f5a800000,0x0000000f5a900000) (1024K)]
  0x000001d05e7ce5b0 WorkerThread "GC Thread#2"                     [id=39092, stack(0x0000000f5a900000,0x0000000f5aa00000) (1024K)]
  0x000001d05e4517f0 WorkerThread "GC Thread#3"                     [id=30576, stack(0x0000000f5aa00000,0x0000000f5ab00000) (1024K)]
  0x000001d05e451b90 WorkerThread "GC Thread#4"                     [id=33408, stack(0x0000000f5ab00000,0x0000000f5ac00000) (1024K)]
  0x000001d05e6ef600 WorkerThread "GC Thread#5"                     [id=19900, stack(0x0000000f5ac00000,0x0000000f5ad00000) (1024K)]
  0x000001d05e5d41c0 WorkerThread "GC Thread#6"                     [id=33952, stack(0x0000000f5ad00000,0x0000000f5ae00000) (1024K)]
  0x000001d063247690 WorkerThread "GC Thread#7"                     [id=22108, stack(0x0000000f5a300000,0x0000000f5a400000) (1024K)]
  0x000001d0631fb5c0 WorkerThread "GC Thread#8"                     [id=34908, stack(0x0000000f5b200000,0x0000000f5b300000) (1024K)]
  0x000001d0631fb220 WorkerThread "GC Thread#9"                     [id=35148, stack(0x0000000f5b300000,0x0000000f5b400000) (1024K)]
  0x000001d0631fc7e0 WorkerThread "GC Thread#10"                    [id=39076, stack(0x0000000f5b700000,0x0000000f5b800000) (1024K)]
  0x000001d0631fb960 WorkerThread "GC Thread#11"                    [id=38960, stack(0x0000000f5b800000,0x0000000f5b900000) (1024K)]
  0x000001d0631fae80 WorkerThread "GC Thread#12"                    [id=32928, stack(0x0000000f5b900000,0x0000000f5ba00000) (1024K)]
  0x000001d0631fbd00 WorkerThread "GC Thread#13"                    [id=38732, stack(0x0000000f5ba00000,0x0000000f5bb00000) (1024K)]
Total: 16

Threads with active compile tasks:
C2 CompilerThread0  18198 5089 %     4       org.lombokweb.asm.SymbolTable::<init> @ 98 (554 bytes)
C2 CompilerThread1  18198 5126 %     4       org.lombokweb.asm.ClassReader::readCode @ 92 (5117 bytes)
C2 CompilerThread3  18198 5133       4       org.lombokweb.asm.ClassReader::readMethod (1070 bytes)
Total: 3

VM state: not at safepoint (normal execution)

VM Mutex/Monitor currently owned by a thread:  ([mutex/lock_event])
[0x00007ff879c33fd8] MethodCompileQueue_lock - owner thread: 0x000001d065185510

Heap address: 0x0000000080000000, size: 2048 MB, Compressed Oops mode: 32-bit

CDS archive(s) mapped at: [0x000001d000000000-0x000001d000ba0000-0x000001d000ba0000), size 12189696, SharedBaseAddress: 0x000001d000000000, ArchiveRelocationMode: 1.
Compressed class space mapped at: 0x000001d001000000-0x000001d041000000, reserved size: 1073741824
Narrow klass base: 0x000001d000000000, Narrow klass shift: 0, Narrow klass range: 0x100000000

GC Precious Log:
 CardTable entry size: 512
 CPUs: 18 total, 18 available
 Memory: 16053M
 Large Page Support: Disabled
 NUMA Support: Disabled
 Compressed Oops: Enabled (32-bit)
 Alignments: Space 512K, Generation 512K, Heap 2M
 Heap Min Capacity: 100M
 Heap Initial Capacity: 100M
 Heap Max Capacity: 2G
 Pre-touch: Disabled
 Parallel Workers: 14

Heap:
 PSYoungGen      total 23040K, used 15496K [0x00000000d5580000, 0x00000000d6e00000, 0x0000000100000000)
  eden space 22016K, 67% used [0x00000000d5580000,0x00000000d63efce0,0x00000000d6b00000)
  from space 1024K, 69% used [0x00000000d6b00000,0x00000000d6bb2548,0x00000000d6c00000)
  to   space 1536K, 0% used [0x00000000d6c80000,0x00000000d6c80000,0x00000000d6e00000)
 ParOldGen       total 68608K, used 30342K [0x0000000080000000, 0x0000000084300000, 0x00000000d5580000)
  object space 68608K, 44% used [0x0000000080000000,0x0000000081da1a20,0x0000000084300000)
 Metaspace       used 37567K, committed 38464K, reserved 1114112K
  class space    used 3766K, committed 4160K, reserved 1048576K

Card table byte_map: [0x000001d0563b0000,0x000001d0567c0000] _byte_map_base: 0x000001d055fb0000

Marking Bits: (ParMarkBitMap*) 0x00007ff879c3a340
 Begin Bits: [0x000001d056a70000, 0x000001d058a70000)
 End Bits:   [0x000001d058a70000, 0x000001d05aa70000)

Polling page: 0x000001d0424c0000

Metaspace:

Usage:
  Non-class:     33.01 MB used.
      Class:      3.68 MB used.
       Both:     36.69 MB used.

Virtual space:
  Non-class space:       64.00 MB reserved,      33.50 MB ( 52%) committed,  1 nodes.
      Class space:        1.00 GB reserved,       4.06 MB ( <1%) committed,  1 nodes.
             Both:        1.06 GB reserved,      37.56 MB (  3%) committed. 

Chunk freelists:
   Non-Class:  14.20 MB
       Class:  11.88 MB
        Both:  26.08 MB

MaxMetaspaceSize: unlimited
CompressedClassSpaceSize: 1.00 GB
Initial GC threshold: 21.00 MB
Current GC threshold: 58.38 MB
CDS: on
 - commit_granule_bytes: 65536.
 - commit_granule_words: 8192.
 - virtual_space_node_default_size: 8388608.
 - enlarge_chunks_in_place: 1.
 - use_allocation_guard: 0.


Internal statistics:

num_allocs_failed_limit: 6.
num_arena_births: 674.
num_arena_deaths: 14.
num_vsnodes_births: 2.
num_vsnodes_deaths: 0.
num_space_committed: 601.
num_space_uncommitted: 0.
num_chunks_returned_to_freelist: 20.
num_chunks_taken_from_freelist: 2173.
num_chunk_merges: 12.
num_chunk_splits: 1411.
num_chunks_enlarged: 922.
num_inconsistent_stats: 0.

CodeHeap 'non-profiled nmethods': size=119168Kb used=2870Kb max_used=2883Kb free=116297Kb
 bounds [0x000001d04ed70000, 0x000001d04f050000, 0x000001d0561d0000]
CodeHeap 'profiled nmethods': size=119104Kb used=9834Kb max_used=10551Kb free=109269Kb
 bounds [0x000001d0471d0000, 0x000001d047c30000, 0x000001d04e620000]
CodeHeap 'non-nmethods': size=7488Kb used=2502Kb max_used=3130Kb free=4985Kb
 bounds [0x000001d04e620000, 0x000001d04e990000, 0x000001d04ed70000]
CodeCache: size=245760Kb, used=15206Kb, max_used=16564Kb, free=230551Kb
 total_blobs=5419, nmethods=4742, adapters=581, full_count=0
Compilation: enabled, stopped_count=0, restarted_count=0

Compilation events (20 events):
Event: 17.106 Thread 0x000001d05c724770 nmethod 5143 0x000001d04ee3d010 code [0x000001d04ee3d2e0, 0x000001d04ee3ef30]
Event: 17.107 Thread 0x000001d05e20ea90 nmethod 5166 0x000001d04ee8f510 code [0x000001d04ee8f6c0, 0x000001d04ee8fa58]
Event: 17.107 Thread 0x000001d06393a730 5162       4       java.util.regex.Pattern$Branch::match (66 bytes)
Event: 17.108 Thread 0x000001d05e20ea90 5173       4       java.util.ArrayDeque::pollFirst (36 bytes)
Event: 17.110 Thread 0x000001d05e20ea90 nmethod 5173 0x000001d04ede0090 code [0x000001d04ede0220, 0x000001d04ede0318]
Event: 17.111 Thread 0x000001d05c724770 5154       4       java.util.regex.Pattern$LastNode::match (45 bytes)
Event: 17.111 Thread 0x000001d05e20ea90 5167       4       java.util.regex.Pattern$BranchConn::match (11 bytes)
Event: 17.113 Thread 0x000001d05c724770 nmethod 5154 0x000001d04edf7890 code [0x000001d04edf7a20, 0x000001d04edf7b38]
Event: 17.113 Thread 0x000001d05c724770 5168       4       java.util.regex.Matcher::find (69 bytes)
Event: 17.116 Thread 0x000001d06393a730 nmethod 5162 0x000001d04ee3c490 code [0x000001d04ee3c680, 0x000001d04ee3cb60]
Event: 17.118 Thread 0x000001d06393a730 5159       4       org.lombokweb.asm.MethodVisitor::visitInsn (16 bytes)
Event: 17.123 Thread 0x000001d06393a730 nmethod 5159 0x000001d04edcf410 code [0x000001d04edcf5e0, 0x000001d04edcf8c8]
Event: 17.124 Thread 0x000001d06393a730 5161       4       org.lombokweb.asm.MethodWriter::visitMethodInsn (191 bytes)
Event: 17.126 Thread 0x000001d05e20ea90 nmethod 5167 0x000001d04ee4e290 code [0x000001d04ee4e4c0, 0x000001d04ee4eca8]
Event: 17.127 Thread 0x000001d05e20ea90 5126 %     4       org.lombokweb.asm.ClassReader::readCode @ 92 (5117 bytes)
Event: 17.132 Thread 0x000001d06380c530 nmethod 5172 0x000001d04ee61310 code [0x000001d04ee61540, 0x000001d04ee62248]
Event: 17.135 Thread 0x000001d06380c530 5122       4       org.lombokweb.asm.MethodWriter::setMethodAttributesSource (17 bytes)
Event: 17.135 Thread 0x000001d06380c530 nmethod 5122 0x000001d04ee20e10 code [0x000001d04ee20fa0, 0x000001d04ee21038]
Event: 17.140 Thread 0x000001d05c724770 nmethod 5168 0x000001d04edc7090 code [0x000001d04edc72e0, 0x000001d04edc7fa8]
Event: 18.168 Thread 0x000001d063aaaf10 nmethod 5142 0x000001d04f049510 code [0x000001d04f049900, 0x000001d04f04c8b0]

GC Heap History (20 events):
Event: 16.334 GC heap before
{Heap before GC invocations=12 (full 1):
 PSYoungGen      total 26112K, used 25694K [0x00000000d5580000, 0x00000000d7480000, 0x0000000100000000)
  eden space 23040K, 100% used [0x00000000d5580000,0x00000000d6c00000,0x00000000d6c00000)
  from space 3072K, 86% used [0x00000000d7180000,0x00000000d7417b38,0x00000000d7480000)
  to   space 3584K, 0% used [0x00000000d6d80000,0x00000000d6d80000,0x00000000d7100000)
 ParOldGen       total 68608K, used 14714K [0x0000000080000000, 0x0000000084300000, 0x00000000d5580000)
  object space 68608K, 21% used [0x0000000080000000,0x0000000080e5eba0,0x0000000084300000)
 Metaspace       used 31824K, committed 32768K, reserved 1114112K
  class space    used 3163K, committed 3584K, reserved 1048576K
}
Event: 16.336 GC heap after
{Heap after GC invocations=12 (full 1):
 PSYoungGen      total 25600K, used 2624K [0x00000000d5580000, 0x00000000d7200000, 0x0000000100000000)
  eden space 22528K, 0% used [0x00000000d5580000,0x00000000d5580000,0x00000000d6b80000)
  from space 3072K, 85% used [0x00000000d6d80000,0x00000000d7010010,0x00000000d7080000)
  to   space 1536K, 0% used [0x00000000d7080000,0x00000000d7080000,0x00000000d7200000)
 ParOldGen       total 68608K, used 17185K [0x0000000080000000, 0x0000000084300000, 0x00000000d5580000)
  object space 68608K, 25% used [0x0000000080000000,0x00000000810c8508,0x0000000084300000)
 Metaspace       used 31824K, committed 32768K, reserved 1114112K
  class space    used 3163K, committed 3584K, reserved 1048576K
}
Event: 16.413 GC heap before
{Heap before GC invocations=13 (full 1):
 PSYoungGen      total 25600K, used 25152K [0x00000000d5580000, 0x00000000d7200000, 0x0000000100000000)
  eden space 22528K, 100% used [0x00000000d5580000,0x00000000d6b80000,0x00000000d6b80000)
  from space 3072K, 85% used [0x00000000d6d80000,0x00000000d7010010,0x00000000d7080000)
  to   space 1536K, 0% used [0x00000000d7080000,0x00000000d7080000,0x00000000d7200000)
 ParOldGen       total 68608K, used 17185K [0x0000000080000000, 0x0000000084300000, 0x00000000d5580000)
  object space 68608K, 25% used [0x0000000080000000,0x00000000810c8508,0x0000000084300000)
 Metaspace       used 32203K, committed 33088K, reserved 1114112K
  class space    used 3219K, committed 3648K, reserved 1048576K
}
Event: 16.416 GC heap after
{Heap after GC invocations=13 (full 1):
 PSYoungGen      total 23552K, used 1521K [0x00000000d5580000, 0x00000000d7600000, 0x0000000100000000)
  eden space 22016K, 0% used [0x00000000d5580000,0x00000000d5580000,0x00000000d6b00000)
  from space 1536K, 99% used [0x00000000d7080000,0x00000000d71fc420,0x00000000d7200000)
  to   space 5632K, 0% used [0x00000000d6b00000,0x00000000d6b00000,0x00000000d7080000)
 ParOldGen       total 68608K, used 20553K [0x0000000080000000, 0x0000000084300000, 0x00000000d5580000)
  object space 68608K, 29% used [0x0000000080000000,0x0000000081412518,0x0000000084300000)
 Metaspace       used 32203K, committed 33088K, reserved 1114112K
  class space    used 3219K, committed 3648K, reserved 1048576K
}
Event: 16.459 GC heap before
{Heap before GC invocations=14 (full 1):
 PSYoungGen      total 23552K, used 23537K [0x00000000d5580000, 0x00000000d7600000, 0x0000000100000000)
  eden space 22016K, 100% used [0x00000000d5580000,0x00000000d6b00000,0x00000000d6b00000)
  from space 1536K, 99% used [0x00000000d7080000,0x00000000d71fc420,0x00000000d7200000)
  to   space 5632K, 0% used [0x00000000d6b00000,0x00000000d6b00000,0x00000000d7080000)
 ParOldGen       total 68608K, used 20553K [0x0000000080000000, 0x0000000084300000, 0x00000000d5580000)
  object space 68608K, 29% used [0x0000000080000000,0x0000000081412518,0x0000000084300000)
 Metaspace       used 32221K, committed 33152K, reserved 1114112K
  class space    used 3219K, committed 3648K, reserved 1048576K
}
Event: 16.461 GC heap after
{Heap after GC invocations=14 (full 1):
 PSYoungGen      total 25088K, used 2724K [0x00000000d5580000, 0x00000000d7200000, 0x0000000100000000)
  eden space 22016K, 0% used [0x00000000d5580000,0x00000000d5580000,0x00000000d6b00000)
  from space 3072K, 88% used [0x00000000d6b00000,0x00000000d6da9000,0x00000000d6e00000)
  to   space 3584K, 0% used [0x00000000d6e80000,0x00000000d6e80000,0x00000000d7200000)
 ParOldGen       total 68608K, used 21996K [0x0000000080000000, 0x0000000084300000, 0x00000000d5580000)
  object space 68608K, 32% used [0x0000000080000000,0x000000008157b220,0x0000000084300000)
 Metaspace       used 32221K, committed 33152K, reserved 1114112K
  class space    used 3219K, committed 3648K, reserved 1048576K
}
Event: 16.491 GC heap before
{Heap before GC invocations=15 (full 1):
 PSYoungGen      total 25088K, used 24740K [0x00000000d5580000, 0x00000000d7200000, 0x0000000100000000)
  eden space 22016K, 100% used [0x00000000d5580000,0x00000000d6b00000,0x00000000d6b00000)
  from space 3072K, 88% used [0x00000000d6b00000,0x00000000d6da9000,0x00000000d6e00000)
  to   space 3584K, 0% used [0x00000000d6e80000,0x00000000d6e80000,0x00000000d7200000)
 ParOldGen       total 68608K, used 21996K [0x0000000080000000, 0x0000000084300000, 0x00000000d5580000)
  object space 68608K, 32% used [0x0000000080000000,0x000000008157b220,0x0000000084300000)
 Metaspace       used 32240K, committed 33152K, reserved 1114112K
  class space    used 3220K, committed 3648K, reserved 1048576K
}
Event: 16.494 GC heap after
{Heap after GC invocations=15 (full 1):
 PSYoungGen      total 25088K, used 2592K [0x00000000d5580000, 0x00000000d7180000, 0x0000000100000000)
  eden space 22016K, 0% used [0x00000000d5580000,0x00000000d5580000,0x00000000d6b00000)
  from space 3072K, 84% used [0x00000000d6e80000,0x00000000d7108010,0x00000000d7180000)
  to   space 3072K, 0% used [0x00000000d6b00000,0x00000000d6b00000,0x00000000d6e00000)
 ParOldGen       total 68608K, used 24458K [0x0000000080000000, 0x0000000084300000, 0x00000000d5580000)
  object space 68608K, 35% used [0x0000000080000000,0x00000000817e2848,0x0000000084300000)
 Metaspace       used 32240K, committed 33152K, reserved 1114112K
  class space    used 3220K, committed 3648K, reserved 1048576K
}
Event: 16.525 GC heap before
{Heap before GC invocations=16 (full 1):
 PSYoungGen      total 25088K, used 24608K [0x00000000d5580000, 0x00000000d7180000, 0x0000000100000000)
  eden space 22016K, 100% used [0x00000000d5580000,0x00000000d6b00000,0x00000000d6b00000)
  from space 3072K, 84% used [0x00000000d6e80000,0x00000000d7108010,0x00000000d7180000)
  to   space 3072K, 0% used [0x00000000d6b00000,0x00000000d6b00000,0x00000000d6e00000)
 ParOldGen       total 68608K, used 24458K [0x0000000080000000, 0x0000000084300000, 0x00000000d5580000)
  object space 68608K, 35% used [0x0000000080000000,0x00000000817e2848,0x0000000084300000)
 Metaspace       used 32280K, committed 33152K, reserved 1114112K
  class space    used 3220K, committed 3648K, reserved 1048576K
}
Event: 16.528 GC heap after
{Heap after GC invocations=16 (full 1):
 PSYoungGen      total 24576K, used 2328K [0x00000000d5580000, 0x00000000d7000000, 0x0000000100000000)
  eden space 22016K, 0% used [0x00000000d5580000,0x00000000d5580000,0x00000000d6b00000)
  from space 2560K, 90% used [0x00000000d6b00000,0x00000000d6d46200,0x00000000d6d80000)
  to   space 2560K, 0% used [0x00000000d6d80000,0x00000000d6d80000,0x00000000d7000000)
 ParOldGen       total 68608K, used 26842K [0x0000000080000000, 0x0000000084300000, 0x00000000d5580000)
  object space 68608K, 39% used [0x0000000080000000,0x0000000081a36858,0x0000000084300000)
 Metaspace       used 32280K, committed 33152K, reserved 1114112K
  class space    used 3220K, committed 3648K, reserved 1048576K
}
Event: 16.785 GC heap before
{Heap before GC invocations=17 (full 1):
 PSYoungGen      total 24576K, used 24344K [0x00000000d5580000, 0x00000000d7000000, 0x0000000100000000)
  eden space 22016K, 100% used [0x00000000d5580000,0x00000000d6b00000,0x00000000d6b00000)
  from space 2560K, 90% used [0x00000000d6b00000,0x00000000d6d46200,0x00000000d6d80000)
  to   space 2560K, 0% used [0x00000000d6d80000,0x00000000d6d80000,0x00000000d7000000)
 ParOldGen       total 68608K, used 26842K [0x0000000080000000, 0x0000000084300000, 0x00000000d5580000)
  object space 68608K, 39% used [0x0000000080000000,0x0000000081a36858,0x0000000084300000)
 Metaspace       used 34695K, committed 35648K, reserved 1114112K
  class space    used 3492K, committed 3904K, reserved 1048576K
}
Event: 16.787 GC heap after
{Heap after GC invocations=17 (full 1):
 PSYoungGen      total 23552K, used 1226K [0x00000000d5580000, 0x00000000d6f00000, 0x0000000100000000)
  eden space 22016K, 0% used [0x00000000d5580000,0x00000000d5580000,0x00000000d6b00000)
  from space 1536K, 79% used [0x00000000d6d80000,0x00000000d6eb2988,0x00000000d6f00000)
  to   space 2048K, 0% used [0x00000000d6b00000,0x00000000d6b00000,0x00000000d6d00000)
 ParOldGen       total 68608K, used 28986K [0x0000000080000000, 0x0000000084300000, 0x00000000d5580000)
  object space 68608K, 42% used [0x0000000080000000,0x0000000081c4ea58,0x0000000084300000)
 Metaspace       used 34695K, committed 35648K, reserved 1114112K
  class space    used 3492K, committed 3904K, reserved 1048576K
}
Event: 16.839 GC heap before
{Heap before GC invocations=18 (full 1):
 PSYoungGen      total 23552K, used 8866K [0x00000000d5580000, 0x00000000d6f00000, 0x0000000100000000)
  eden space 22016K, 34% used [0x00000000d5580000,0x00000000d5cf6048,0x00000000d6b00000)
  from space 1536K, 79% used [0x00000000d6d80000,0x00000000d6eb2988,0x00000000d6f00000)
  to   space 2048K, 0% used [0x00000000d6b00000,0x00000000d6b00000,0x00000000d6d00000)
 ParOldGen       total 68608K, used 28986K [0x0000000080000000, 0x0000000084300000, 0x00000000d5580000)
  object space 68608K, 42% used [0x0000000080000000,0x0000000081c4ea58,0x0000000084300000)
 Metaspace       used 34935K, committed 35840K, reserved 1114112K
  class space    used 3532K, committed 3968K, reserved 1048576K
}
Event: 16.841 GC heap after
{Heap after GC invocations=18 (full 1):
 PSYoungGen      total 24064K, used 384K [0x00000000d5580000, 0x00000000d6e00000, 0x0000000100000000)
  eden space 22016K, 0% used [0x00000000d5580000,0x00000000d5580000,0x00000000d6b00000)
  from space 2048K, 18% used [0x00000000d6b00000,0x00000000d6b60000,0x00000000d6d00000)
  to   space 1024K, 0% used [0x00000000d6d00000,0x00000000d6d00000,0x00000000d6e00000)
 ParOldGen       total 68608K, used 29967K [0x0000000080000000, 0x0000000084300000, 0x00000000d5580000)
  object space 68608K, 43% used [0x0000000080000000,0x0000000081d43f58,0x0000000084300000)
 Metaspace       used 34935K, committed 35840K, reserved 1114112K
  class space    used 3532K, committed 3968K, reserved 1048576K
}
Event: 16.841 GC heap before
{Heap before GC invocations=19 (full 2):
 PSYoungGen      total 24064K, used 384K [0x00000000d5580000, 0x00000000d6e00000, 0x0000000100000000)
  eden space 22016K, 0% used [0x00000000d5580000,0x00000000d5580000,0x00000000d6b00000)
  from space 2048K, 18% used [0x00000000d6b00000,0x00000000d6b60000,0x00000000d6d00000)
  to   space 1024K, 0% used [0x00000000d6d00000,0x00000000d6d00000,0x00000000d6e00000)
 ParOldGen       total 68608K, used 29967K [0x0000000080000000, 0x0000000084300000, 0x00000000d5580000)
  object space 68608K, 43% used [0x0000000080000000,0x0000000081d43f58,0x0000000084300000)
 Metaspace       used 34935K, committed 35840K, reserved 1114112K
  class space    used 3532K, committed 3968K, reserved 1048576K
}
Event: 16.870 GC heap after
{Heap after GC invocations=19 (full 2):
 PSYoungGen      total 24064K, used 0K [0x00000000d5580000, 0x00000000d6e00000, 0x0000000100000000)
  eden space 22016K, 0% used [0x00000000d5580000,0x00000000d5580000,0x00000000d6b00000)
  from space 2048K, 0% used [0x00000000d6b00000,0x00000000d6b00000,0x00000000d6d00000)
  to   space 1024K, 0% used [0x00000000d6d00000,0x00000000d6d00000,0x00000000d6e00000)
 ParOldGen       total 68608K, used 28872K [0x0000000080000000, 0x0000000084300000, 0x00000000d5580000)
  object space 68608K, 42% used [0x0000000080000000,0x0000000081c321d0,0x0000000084300000)
 Metaspace       used 34935K, committed 35840K, reserved 1114112K
  class space    used 3532K, committed 3968K, reserved 1048576K
}
Event: 17.031 GC heap before
{Heap before GC invocations=20 (full 2):
 PSYoungGen      total 24064K, used 22016K [0x00000000d5580000, 0x00000000d6e00000, 0x0000000100000000)
  eden space 22016K, 100% used [0x00000000d5580000,0x00000000d6b00000,0x00000000d6b00000)
  from space 2048K, 0% used [0x00000000d6b00000,0x00000000d6b00000,0x00000000d6d00000)
  to   space 1024K, 0% used [0x00000000d6d00000,0x00000000d6d00000,0x00000000d6e00000)
 ParOldGen       total 68608K, used 28872K [0x0000000080000000, 0x0000000084300000, 0x00000000d5580000)
  object space 68608K, 42% used [0x0000000080000000,0x0000000081c321d0,0x0000000084300000)
 Metaspace       used 36397K, committed 37312K, reserved 1114112K
  class space    used 3658K, committed 4096K, reserved 1048576K
}
Event: 17.032 GC heap after
{Heap after GC invocations=20 (full 2):
 PSYoungGen      total 23040K, used 996K [0x00000000d5580000, 0x00000000d6f00000, 0x0000000100000000)
  eden space 22016K, 0% used [0x00000000d5580000,0x00000000d5580000,0x00000000d6b00000)
  from space 1024K, 97% used [0x00000000d6d00000,0x00000000d6df91a8,0x00000000d6e00000)
  to   space 2048K, 0% used [0x00000000d6b00000,0x00000000d6b00000,0x00000000d6d00000)
 ParOldGen       total 68608K, used 29553K [0x0000000080000000, 0x0000000084300000, 0x00000000d5580000)
  object space 68608K, 43% used [0x0000000080000000,0x0000000081cdc6b0,0x0000000084300000)
 Metaspace       used 36397K, committed 37312K, reserved 1114112K
  class space    used 3658K, committed 4096K, reserved 1048576K
}
Event: 17.085 GC heap before
{Heap before GC invocations=21 (full 2):
 PSYoungGen      total 23040K, used 23012K [0x00000000d5580000, 0x00000000d6f00000, 0x0000000100000000)
  eden space 22016K, 100% used [0x00000000d5580000,0x00000000d6b00000,0x00000000d6b00000)
  from space 1024K, 97% used [0x00000000d6d00000,0x00000000d6df91a8,0x00000000d6e00000)
  to   space 2048K, 0% used [0x00000000d6b00000,0x00000000d6b00000,0x00000000d6d00000)
 ParOldGen       total 68608K, used 29553K [0x0000000080000000, 0x0000000084300000, 0x00000000d5580000)
  object space 68608K, 43% used [0x0000000080000000,0x0000000081cdc6b0,0x0000000084300000)
 Metaspace       used 36420K, committed 37376K, reserved 1114112K
  class space    used 3658K, committed 4096K, reserved 1048576K
}
Event: 17.086 GC heap after
{Heap after GC invocations=21 (full 2):
 PSYoungGen      total 23040K, used 713K [0x00000000d5580000, 0x00000000d6e00000, 0x0000000100000000)
  eden space 22016K, 0% used [0x00000000d5580000,0x00000000d5580000,0x00000000d6b00000)
  from space 1024K, 69% used [0x00000000d6b00000,0x00000000d6bb2548,0x00000000d6c00000)
  to   space 1536K, 0% used [0x00000000d6c80000,0x00000000d6c80000,0x00000000d6e00000)
 ParOldGen       total 68608K, used 30342K [0x0000000080000000, 0x0000000084300000, 0x00000000d5580000)
  object space 68608K, 44% used [0x0000000080000000,0x0000000081da1a20,0x0000000084300000)
 Metaspace       used 36420K, committed 37376K, reserved 1114112K
  class space    used 3658K, committed 4096K, reserved 1048576K
}

Dll operation events (10 events):
Event: 0.042 Loaded shared library c:\Users\Avishka\.vscode\extensions\redhat.java-1.44.0-win32-x64\jre\21.0.8-win32-x86_64\bin\java.dll
Event: 0.137 Loaded shared library c:\Users\Avishka\.vscode\extensions\redhat.java-1.44.0-win32-x64\jre\21.0.8-win32-x86_64\bin\zip.dll
Event: 0.159 Loaded shared library C:\Users\Avishka\.vscode\extensions\redhat.java-1.44.0-win32-x64\jre\21.0.8-win32-x86_64\bin\instrument.dll
Event: 0.164 Loaded shared library C:\Users\Avishka\.vscode\extensions\redhat.java-1.44.0-win32-x64\jre\21.0.8-win32-x86_64\bin\net.dll
Event: 0.166 Loaded shared library C:\Users\Avishka\.vscode\extensions\redhat.java-1.44.0-win32-x64\jre\21.0.8-win32-x86_64\bin\nio.dll
Event: 0.169 Loaded shared library C:\Users\Avishka\.vscode\extensions\redhat.java-1.44.0-win32-x64\jre\21.0.8-win32-x86_64\bin\zip.dll
Event: 0.188 Loaded shared library C:\Users\Avishka\.vscode\extensions\redhat.java-1.44.0-win32-x64\jre\21.0.8-win32-x86_64\bin\jimage.dll
Event: 0.276 Loaded shared library c:\Users\Avishka\.vscode\extensions\redhat.java-1.44.0-win32-x64\jre\21.0.8-win32-x86_64\bin\verify.dll
Event: 9.218 Loaded shared library C:\Users\Avishka\AppData\Roaming\Code\User\globalStorage\redhat.java\1.44.0\config_ss_win\org.eclipse.equinox.launcher\org.eclipse.equinox.launcher.win32.win32.x86_64_1.2.1400.v20250730-1736\eclipse_11913.dll
Event: 10.966 Loaded shared library C:\Users\Avishka\AppData\Local\Temp\jna-1036935967\jna16106799484586775657.dll

Deoptimization events (20 events):
Event: 17.043 Thread 0x000001d065185510 Uncommon trap: trap_request=0xffffffde fr.pc=0x000001d04ef13bec relative=0x00000000000083cc
Event: 17.043 Thread 0x000001d065185510 Uncommon trap: reason=class_check action=maybe_recompile pc=0x000001d04ef13bec method=lombok.patcher.PatchScript$MethodPatcher.visitMethod(ILjava/lang/String;Ljava/lang/String;Ljava/lang/String;[Ljava/lang/String;)Lorg/lombokweb/asm/MethodVisitor; @ 101 c
Event: 17.043 Thread 0x000001d065185510 DEOPT PACKING pc=0x000001d04ef13bec sp=0x0000000f5d8f9da0
Event: 17.043 Thread 0x000001d065185510 DEOPT UNPACKING pc=0x000001d04e673aa2 sp=0x0000000f5d8f9d48 mode 2
Event: 17.043 Thread 0x000001d065185510 Uncommon trap: trap_request=0xffffffde fr.pc=0x000001d04ef13bec relative=0x00000000000083cc
Event: 17.043 Thread 0x000001d065185510 Uncommon trap: reason=class_check action=maybe_recompile pc=0x000001d04ef13bec method=lombok.patcher.PatchScript$MethodPatcher.visitMethod(ILjava/lang/String;Ljava/lang/String;Ljava/lang/String;[Ljava/lang/String;)Lorg/lombokweb/asm/MethodVisitor; @ 101 c
Event: 17.043 Thread 0x000001d065185510 DEOPT PACKING pc=0x000001d04ef13bec sp=0x0000000f5d8f9da0
Event: 17.043 Thread 0x000001d065185510 DEOPT UNPACKING pc=0x000001d04e673aa2 sp=0x0000000f5d8f9d48 mode 2
Event: 17.043 Thread 0x000001d065185510 Uncommon trap: trap_request=0xffffffde fr.pc=0x000001d04eec0c58 relative=0x00000000000032f8
Event: 17.043 Thread 0x000001d065185510 Uncommon trap: reason=class_check action=maybe_recompile pc=0x000001d04eec0c58 method=lombok.patcher.PatchScript$MethodPatcher.visitMethod(ILjava/lang/String;Ljava/lang/String;Ljava/lang/String;[Ljava/lang/String;)Lorg/lombokweb/asm/MethodVisitor; @ 101 c
Event: 17.043 Thread 0x000001d065185510 DEOPT PACKING pc=0x000001d04eec0c58 sp=0x0000000f5d8f9cf0
Event: 17.043 Thread 0x000001d065185510 DEOPT UNPACKING pc=0x000001d04e673aa2 sp=0x0000000f5d8f9d48 mode 2
Event: 17.052 Thread 0x000001d065185510 DEOPT PACKING pc=0x000001d047758b33 sp=0x0000000f5d8f9f00
Event: 17.052 Thread 0x000001d065185510 DEOPT UNPACKING pc=0x000001d04e674242 sp=0x0000000f5d8f9430 mode 0
Event: 17.054 Thread 0x000001d065185510 DEOPT PACKING pc=0x000001d047758b33 sp=0x0000000f5d8f9f00
Event: 17.054 Thread 0x000001d065185510 DEOPT UNPACKING pc=0x000001d04e674242 sp=0x0000000f5d8f9430 mode 0
Event: 17.096 Thread 0x000001d065185510 Uncommon trap: trap_request=0xffffff6e fr.pc=0x000001d04ed9f738 relative=0x0000000000000978
Event: 17.096 Thread 0x000001d065185510 Uncommon trap: reason=loop_limit_check action=maybe_recompile pc=0x000001d04ed9f738 method=java.util.regex.Pattern$StartS.match(Ljava/util/regex/Matcher;ILjava/lang/CharSequence;)Z @ 34 c2
Event: 17.096 Thread 0x000001d065185510 DEOPT PACKING pc=0x000001d04ed9f738 sp=0x0000000f5d8f9b00
Event: 17.096 Thread 0x000001d065185510 DEOPT UNPACKING pc=0x000001d04e673aa2 sp=0x0000000f5d8f9a60 mode 2

Classes loaded (20 events):
Event: 16.298 Loading class java/lang/invoke/MethodHandleImpl$Makers$2
Event: 16.298 Loading class java/lang/invoke/MethodHandleImpl$Makers$2 done
Event: 16.298 Loading class java/lang/invoke/MethodHandleImpl$Makers$3
Event: 16.298 Loading class java/lang/invoke/MethodHandleImpl$Makers$3 done
Event: 16.300 Loading class java/lang/runtime/ObjectMethods$1
Event: 16.300 Loading class java/lang/runtime/ObjectMethods$1 done
Event: 16.364 Loading class java/util/AbstractList$ListItr
Event: 16.364 Loading class java/util/AbstractList$ListItr done
Event: 16.380 Loading class java/nio/channels/Channels$ReadableByteChannelImpl
Event: 16.380 Loading class java/nio/channels/Channels$ReadableByteChannelImpl done
Event: 16.381 Loading class java/nio/channels/NonWritableChannelException
Event: 16.382 Loading class java/nio/channels/NonWritableChannelException done
Event: 16.585 Loading class java/lang/ExceptionInInitializerError
Event: 16.585 Loading class java/lang/ExceptionInInitializerError done
Event: 16.696 Loading class sun/misc/Unsafe
Event: 16.696 Loading class sun/misc/Unsafe done
Event: 16.825 Loading class java/util/Vector$1
Event: 16.825 Loading class java/util/Vector$1 done
Event: 16.977 Loading class java/util/regex/Pattern$Caret
Event: 16.977 Loading class java/util/regex/Pattern$Caret done

Classes unloaded (7 events):
Event: 14.286 Thread 0x000001d05c5455b0 Unloading class 0x000001d00118cc00 'java/lang/invoke/LambdaForm$MH+0x000001d00118cc00'
Event: 14.286 Thread 0x000001d05c5455b0 Unloading class 0x000001d00118c800 'java/lang/invoke/LambdaForm$MH+0x000001d00118c800'
Event: 14.286 Thread 0x000001d05c5455b0 Unloading class 0x000001d00118c400 'java/lang/invoke/LambdaForm$MH+0x000001d00118c400'
Event: 14.286 Thread 0x000001d05c5455b0 Unloading class 0x000001d00118c000 'java/lang/invoke/LambdaForm$MH+0x000001d00118c000'
Event: 14.286 Thread 0x000001d05c5455b0 Unloading class 0x000001d00118bc00 'java/lang/invoke/LambdaForm$BMH+0x000001d00118bc00'
Event: 14.287 Thread 0x000001d05c5455b0 Unloading class 0x000001d00118b800 'java/lang/invoke/LambdaForm$DMH+0x000001d00118b800'
Event: 14.287 Thread 0x000001d05c5455b0 Unloading class 0x000001d00118a400 'java/lang/invoke/LambdaForm$DMH+0x000001d00118a400'

Classes redefined (0 events):
No events

Internal exceptions (20 events):
Event: 15.934 Thread 0x000001d05e213430 Exception <a 'java/lang/NoSuchMethodError'{0x00000000d686f970}: 'java.lang.Object java.lang.invoke.DirectMethodHandle$Holder.invokeSpecial(java.lang.Object, java.lang.Object, java.lang.Object, java.lang.Object, int)'> (0x00000000d686f970) 
thrown [s\src\hotspot\share\interpreter\linkResolver.cpp, line 773]
Event: 15.934 Thread 0x000001d05e213430 Exception <a 'java/lang/NoSuchMethodError'{0x00000000d6872e08}: 'java.lang.Object java.lang.invoke.Invokers$Holder.linkToTargetMethod(java.lang.Object, java.lang.Object, int, java.lang.Object)'> (0x00000000d6872e08) 
thrown [s\src\hotspot\share\interpreter\linkResolver.cpp, line 773]
Event: 15.936 Thread 0x000001d05e213430 Exception <a 'java/lang/NoSuchMethodError'{0x00000000d68def80}: 'void java.lang.invoke.DirectMethodHandle$Holder.invokeStaticInit(java.lang.Object, java.lang.Object, java.lang.Object)'> (0x00000000d68def80) 
thrown [s\src\hotspot\share\interpreter\linkResolver.cpp, line 773]
Event: 16.039 Thread 0x000001d065185510 Exception <a 'java/lang/NoSuchMethodError'{0x00000000d59fc258}: 'java.lang.Object java.lang.invoke.DirectMethodHandle$Holder.invokeInterface(java.lang.Object, java.lang.Object, java.lang.Object)'> (0x00000000d59fc258) 
thrown [s\src\hotspot\share\interpreter\linkResolver.cpp, line 773]
Event: 16.049 Thread 0x000001d065185510 Exception <a 'java/io/FileNotFoundException'{0x00000000d5a88cf8}> (0x00000000d5a88cf8) 
thrown [s\src\hotspot\share\prims\jni.cpp, line 520]
Event: 16.068 Thread 0x000001d065185510 Exception <a 'sun/nio/fs/WindowsException'{0x00000000d6068ef8}> (0x00000000d6068ef8) 
thrown [s\src\hotspot\share\prims\jni.cpp, line 520]
Event: 16.126 Thread 0x000001d065185510 Exception <a 'java/lang/IncompatibleClassChangeError'{0x00000000d63632d0}: Found class java.lang.Object, but interface was expected> (0x00000000d63632d0) 
thrown [s\src\hotspot\share\interpreter\linkResolver.cpp, line 840]
Event: 16.135 Thread 0x000001d065185510 Implicit null exception at 0x000001d04ef78c66 to 0x000001d04ef79de4
Event: 16.235 Thread 0x000001d065185510 Implicit null exception at 0x000001d04ef213f7 to 0x000001d04ef21668
Event: 16.235 Thread 0x000001d065185510 Exception <a 'java/lang/NoSuchMethodError'{0x00000000d67b69c0}: 'long java.lang.invoke.DirectMethodHandle$Holder.invokeStatic(java.lang.Object, java.lang.Object, int)'> (0x00000000d67b69c0) 
thrown [s\src\hotspot\share\interpreter\linkResolver.cpp, line 773]
Event: 16.236 Thread 0x000001d065185510 Exception <a 'java/lang/NoSuchMethodError'{0x00000000d67c1208}: 'java.lang.Object java.lang.invoke.DelegatingMethodHandle$Holder.reinvoke_L(java.lang.Object, int, long, java.lang.Object, java.lang.Object, int, java.lang.Object)'> (0x00000000d67c1208) 
thrown [s\src\hotspot\share\interpreter\linkResolver.cpp, line 773]
Event: 16.297 Thread 0x000001d065185510 Exception <a 'java/lang/NoSuchMethodError'{0x00000000d5664a48}: 'java.lang.Object java.lang.invoke.DirectMethodHandle$Holder.invokeStaticInit(java.lang.Object, java.lang.Object, java.lang.Object, java.lang.Object, java.lang.Object, java.lang.Object, java.lang.Object)'> (0x00000000d5664a48) 
thrown [s\src\hotspot\share\interpreter\linkResolver.cpp, line 773]
Event: 16.298 Thread 0x000001d065185510 Exception <a 'java/lang/NoSuchMethodError'{0x00000000d5669ba0}: 'java.lang.Object java.lang.invoke.Invokers$Holder.invoke_MT(java.lang.Object, java.lang.Object, java.lang.Object, java.lang.Object, java.lang.Object, java.lang.Object, java.lang.Object, java.lang.Object, java.lang.Object, java.lang.Object)'> (0x00000000d5669ba0) 
thrown [s\src\hotspot\share\interpreter\linkResolver.cpp, line 773]
Event: 16.300 Thread 0x000001d065185510 Exception <a 'java/lang/NoSuchMethodError'{0x00000000d56a9a88}: 'int java.lang.invoke.DirectMethodHandle$Holder.invokeVirtual(java.lang.Object, java.lang.Object, java.lang.Object)'> (0x00000000d56a9a88) 
thrown [s\src\hotspot\share\interpreter\linkResolver.cpp, line 773]
Event: 16.300 Thread 0x000001d065185510 Exception <a 'java/lang/NoSuchMethodError'{0x00000000d56ade30}: 'int java.lang.invoke.DirectMethodHandle$Holder.invokeStaticInit(java.lang.Object, int, int)'> (0x00000000d56ade30) 
thrown [s\src\hotspot\share\interpreter\linkResolver.cpp, line 773]
Event: 16.301 Thread 0x000001d065185510 Exception <a 'java/lang/NoSuchMethodError'{0x00000000d56b55d8}: 'int java.lang.invoke.DirectMethodHandle$Holder.invokeStaticInit(java.lang.Object, long, long)'> (0x00000000d56b55d8) 
thrown [s\src\hotspot\share\interpreter\linkResolver.cpp, line 773]
Event: 16.301 Thread 0x000001d065185510 Exception <a 'java/lang/NoSuchMethodError'{0x00000000d56bc320}: 'int java.lang.invoke.DirectMethodHandle$Holder.invokeStaticInit(java.lang.Object, float, float)'> (0x00000000d56bc320) 
thrown [s\src\hotspot\share\interpreter\linkResolver.cpp, line 773]
Event: 16.301 Thread 0x000001d065185510 Exception <a 'java/lang/NoSuchMethodError'{0x00000000d56c3060}: 'int java.lang.invoke.DirectMethodHandle$Holder.invokeStaticInit(java.lang.Object, double, double)'> (0x00000000d56c3060) 
thrown [s\src\hotspot\share\interpreter\linkResolver.cpp, line 773]
Event: 16.301 Thread 0x000001d065185510 Exception <a 'java/lang/NoSuchMethodError'{0x00000000d56d8260}: 'int java.lang.invoke.DirectMethodHandle$Holder.invokeStatic(java.lang.Object, long)'> (0x00000000d56d8260) 
thrown [s\src\hotspot\share\interpreter\linkResolver.cpp, line 773]
Event: 16.304 Thread 0x000001d065185510 Exception <a 'java/lang/NoSuchMethodError'{0x00000000d56f6f68}: 'int java.lang.invoke.Invokers$Holder.linkToTargetMethod(java.lang.Object, java.lang.Object)'> (0x00000000d56f6f68) 
thrown [s\src\hotspot\share\interpreter\linkResolver.cpp, line 773]

ZGC Phase Switch (0 events):
No events

VM Operations (20 events):
Event: 16.336 Executing VM operation: ParallelGCFailedAllocation (Allocation Failure) done
Event: 16.413 Executing VM operation: ParallelGCFailedAllocation (Allocation Failure)
Event: 16.416 Executing VM operation: ParallelGCFailedAllocation (Allocation Failure) done
Event: 16.459 Executing VM operation: ParallelGCFailedAllocation (Allocation Failure)
Event: 16.461 Executing VM operation: ParallelGCFailedAllocation (Allocation Failure) done
Event: 16.491 Executing VM operation: ParallelGCFailedAllocation (Allocation Failure)
Event: 16.494 Executing VM operation: ParallelGCFailedAllocation (Allocation Failure) done
Event: 16.525 Executing VM operation: ParallelGCFailedAllocation (Allocation Failure)
Event: 16.528 Executing VM operation: ParallelGCFailedAllocation (Allocation Failure) done
Event: 16.711 Executing VM operation: HandshakeAllThreads (Deoptimize)
Event: 16.711 Executing VM operation: HandshakeAllThreads (Deoptimize) done
Event: 16.785 Executing VM operation: ParallelGCFailedAllocation (Allocation Failure)
Event: 16.787 Executing VM operation: ParallelGCFailedAllocation (Allocation Failure) done
Event: 16.839 Executing VM operation: CollectForMetadataAllocation (Metadata GC Threshold)
Event: 16.871 Executing VM operation: CollectForMetadataAllocation (Metadata GC Threshold) done
Event: 17.031 Executing VM operation: ParallelGCFailedAllocation (Allocation Failure)
Event: 17.032 Executing VM operation: ParallelGCFailedAllocation (Allocation Failure) done
Event: 17.085 Executing VM operation: ParallelGCFailedAllocation (Allocation Failure)
Event: 17.086 Executing VM operation: ParallelGCFailedAllocation (Allocation Failure) done
Event: 18.089 Executing VM operation: Cleanup

Memory protections (0 events):
No events

Nmethod flushes (20 events):
Event: 16.855 Thread 0x000001d05c5455b0 flushing  nmethod 0x000001d04767d310
Event: 16.855 Thread 0x000001d05c5455b0 flushing  nmethod 0x000001d047681310
Event: 16.855 Thread 0x000001d05c5455b0 flushing  nmethod 0x000001d047695f10
Event: 16.855 Thread 0x000001d05c5455b0 flushing  nmethod 0x000001d047697a10
Event: 16.855 Thread 0x000001d05c5455b0 flushing  nmethod 0x000001d047698d90
Event: 16.855 Thread 0x000001d05c5455b0 flushing  nmethod 0x000001d047699110
Event: 16.855 Thread 0x000001d05c5455b0 flushing  nmethod 0x000001d047699a90
Event: 16.855 Thread 0x000001d05c5455b0 flushing  nmethod 0x000001d04769f310
Event: 16.855 Thread 0x000001d05c5455b0 flushing  nmethod 0x000001d0476a0390
Event: 16.855 Thread 0x000001d05c5455b0 flushing  nmethod 0x000001d0476c2d90
Event: 16.855 Thread 0x000001d05c5455b0 flushing  nmethod 0x000001d0476d4590
Event: 16.855 Thread 0x000001d05c5455b0 flushing  nmethod 0x000001d0476d4890
Event: 16.855 Thread 0x000001d05c5455b0 flushing  nmethod 0x000001d047714a10
Event: 16.855 Thread 0x000001d05c5455b0 flushing  nmethod 0x000001d04771d310
Event: 16.855 Thread 0x000001d05c5455b0 flushing  nmethod 0x000001d047723110
Event: 16.855 Thread 0x000001d05c5455b0 flushing  nmethod 0x000001d047724810
Event: 16.855 Thread 0x000001d05c5455b0 flushing  nmethod 0x000001d047724d10
Event: 16.855 Thread 0x000001d05c5455b0 flushing  nmethod 0x000001d047728290
Event: 16.855 Thread 0x000001d05c5455b0 flushing  nmethod 0x000001d04772cd90
Event: 16.855 Thread 0x000001d05c5455b0 flushing  nmethod 0x000001d04772db10

Events (20 events):
Event: 15.750 Thread 0x000001d043f0b220 Thread added: 0x000001d064d5cf40
Event: 15.750 Thread 0x000001d043f0b220 Thread added: 0x000001d064d5ae70
Event: 15.750 Thread 0x000001d043f0b220 Thread added: 0x000001d064d5c8b0
Event: 15.750 Thread 0x000001d043f0b220 Thread added: 0x000001d064d5a7e0
Event: 15.750 Thread 0x000001d043f0b220 Thread added: 0x000001d064d5b500
Event: 15.750 Thread 0x000001d043f0b220 Thread added: 0x000001d064d5d5d0
Event: 15.750 Thread 0x000001d043f0b220 Thread added: 0x000001d064d5dc60
Event: 15.750 Thread 0x000001d043f0b220 Thread added: 0x000001d064d5bb90
Event: 15.750 Thread 0x000001d043f0b220 Thread added: 0x000001d064d5c220
Event: 15.750 Thread 0x000001d043f0b220 Thread added: 0x000001d065182720
Event: 15.750 Thread 0x000001d043f0b220 Thread added: 0x000001d065182db0
Event: 15.750 Thread 0x000001d043f0b220 Thread added: 0x000001d0651847f0
Event: 15.775 Thread 0x000001d043f0b220 Thread added: 0x000001d065181a00
Event: 15.883 Thread 0x000001d043f0b220 Thread added: 0x000001d065183440
Event: 15.884 Thread 0x000001d043f0b220 Thread added: 0x000001d065185510
Event: 15.939 Thread 0x000001d05b066410 Thread added: 0x000001d06393a730
Event: 15.940 Thread 0x000001d064dd36c0 Thread added: 0x000001d063aaaf10
Event: 15.943 Thread 0x000001d064dd36c0 Thread added: 0x000001d05e7a3710
Event: 16.837 Thread 0x000001d05e7a3710 Thread exited: 0x000001d05e7a3710
Event: 17.033 Thread 0x000001d05e682850 Thread exited: 0x000001d05e682850


Dynamic libraries:
0x00007ff60b760000 - 0x00007ff60b76e000 	c:\Users\Avishka\.vscode\extensions\redhat.java-1.44.0-win32-x64\jre\21.0.8-win32-x86_64\bin\java.exe
0x00007ff911ae0000 - 0x00007ff911d47000 	C:\Windows\SYSTEM32\ntdll.dll
0x00007ff911110000 - 0x00007ff9111d9000 	C:\Windows\System32\KERNEL32.DLL
0x00007ff90f030000 - 0x00007ff90f420000 	C:\Windows\System32\KERNELBASE.dll
0x00007ff90f570000 - 0x00007ff90f6bb000 	C:\Windows\System32\ucrtbase.dll
0x00007ff907440000 - 0x00007ff907458000 	c:\Users\Avishka\.vscode\extensions\redhat.java-1.44.0-win32-x64\jre\21.0.8-win32-x86_64\bin\jli.dll
0x00007ff8ff360000 - 0x00007ff8ff37e000 	c:\Users\Avishka\.vscode\extensions\redhat.java-1.44.0-win32-x64\jre\21.0.8-win32-x86_64\bin\VCRUNTIME140.dll
0x00007ff910780000 - 0x00007ff910945000 	C:\Windows\System32\USER32.dll
0x00007ff90f6c0000 - 0x00007ff90f6e7000 	C:\Windows\System32\win32u.dll
0x00007ff8f7fe0000 - 0x00007ff8f827a000 	C:\Windows\WinSxS\amd64_microsoft.windows.common-controls_6595b64144ccf1df_6.0.26100.4768_none_3e0c112ce331287c\COMCTL32.dll
0x00007ff911330000 - 0x00007ff91135b000 	C:\Windows\System32\GDI32.dll
0x00007ff90f430000 - 0x00007ff90f568000 	C:\Windows\System32\gdi32full.dll
0x00007ff911900000 - 0x00007ff9119a9000 	C:\Windows\System32\msvcrt.dll
0x00007ff90ef80000 - 0x00007ff90f023000 	C:\Windows\System32\msvcp_win.dll
0x00007ff910950000 - 0x00007ff91097f000 	C:\Windows\System32\IMM32.DLL
0x00007ff8f5560000 - 0x00007ff8f5652000 	C:\Program Files\Windhawk\Engine\1.6.1\64\windhawk.dll
0x00007ff9111e0000 - 0x00007ff911294000 	C:\Windows\System32\ADVAPI32.dll
0x00007ff9102a0000 - 0x00007ff910346000 	C:\Windows\System32\sechost.dll
0x00007ff9104c0000 - 0x00007ff9105d8000 	C:\Windows\System32\RPCRT4.dll
0x00007ff907650000 - 0x00007ff90765c000 	c:\Users\Avishka\.vscode\extensions\redhat.java-1.44.0-win32-x64\jre\21.0.8-win32-x86_64\bin\vcruntime140_1.dll
0x00007ff8d42a0000 - 0x00007ff8d432d000 	c:\Users\Avishka\.vscode\extensions\redhat.java-1.44.0-win32-x64\jre\21.0.8-win32-x86_64\bin\msvcp140.dll
0x00007ff878f80000 - 0x00007ff879d17000 	c:\Users\Avishka\.vscode\extensions\redhat.java-1.44.0-win32-x64\jre\21.0.8-win32-x86_64\bin\server\jvm.dll
0x00007ff90fff0000 - 0x00007ff910064000 	C:\Windows\System32\WS2_32.dll
0x00007ff90ea90000 - 0x00007ff90eaee000 	C:\Windows\SYSTEM32\POWRPROF.dll
0x00007ff903d30000 - 0x00007ff903d3b000 	C:\Windows\SYSTEM32\VERSION.dll
0x00007ff8fc0d0000 - 0x00007ff8fc105000 	C:\Windows\SYSTEM32\WINMM.dll
0x00007ff90ea50000 - 0x00007ff90ea64000 	C:\Windows\SYSTEM32\UMPDC.dll
0x00007ff90d960000 - 0x00007ff90d97b000 	C:\Windows\SYSTEM32\kernel.appcore.dll
0x00007ff9060d0000 - 0x00007ff9060da000 	c:\Users\Avishka\.vscode\extensions\redhat.java-1.44.0-win32-x64\jre\21.0.8-win32-x86_64\bin\jimage.dll
0x00007ff90c3d0000 - 0x00007ff90c611000 	C:\Windows\SYSTEM32\DBGHELP.DLL
0x00007ff910c30000 - 0x00007ff910fb5000 	C:\Windows\System32\combase.dll
0x00007ff9119b0000 - 0x00007ff911a90000 	C:\Windows\System32\OLEAUT32.dll
0x00007ff8ff260000 - 0x00007ff8ff2a3000 	C:\Windows\SYSTEM32\dbgcore.DLL
0x00007ff90eca0000 - 0x00007ff90ed39000 	C:\Windows\System32\bcryptPrimitives.dll
0x00007ff904ed0000 - 0x00007ff904edf000 	c:\Users\Avishka\.vscode\extensions\redhat.java-1.44.0-win32-x64\jre\21.0.8-win32-x86_64\bin\instrument.dll
0x00007ff8f5680000 - 0x00007ff8f569f000 	c:\Users\Avishka\.vscode\extensions\redhat.java-1.44.0-win32-x64\jre\21.0.8-win32-x86_64\bin\java.dll
0x00007ff90f8a0000 - 0x00007ff90ffed000 	C:\Windows\System32\SHELL32.dll
0x00007ff90f6f0000 - 0x00007ff90f863000 	C:\Windows\System32\wintypes.dll
0x00007ff90c7b0000 - 0x00007ff90d010000 	C:\Windows\SYSTEM32\windows.storage.dll
0x00007ff9105e0000 - 0x00007ff9106d5000 	C:\Windows\System32\SHCORE.dll
0x00007ff9112a0000 - 0x00007ff91130a000 	C:\Windows\System32\shlwapi.dll
0x00007ff90eb30000 - 0x00007ff90eb59000 	C:\Windows\SYSTEM32\profapi.dll
0x00007ff8f5660000 - 0x00007ff8f5678000 	c:\Users\Avishka\.vscode\extensions\redhat.java-1.44.0-win32-x64\jre\21.0.8-win32-x86_64\bin\zip.dll
0x00007ff904ea0000 - 0x00007ff904eb0000 	C:\Users\Avishka\.vscode\extensions\redhat.java-1.44.0-win32-x64\jre\21.0.8-win32-x86_64\bin\net.dll
0x00007ff907e90000 - 0x00007ff907fae000 	C:\Windows\SYSTEM32\WINHTTP.dll
0x00007ff90ded0000 - 0x00007ff90df3b000 	C:\Windows\system32\mswsock.dll
0x00007ff8f4780000 - 0x00007ff8f4796000 	C:\Users\Avishka\.vscode\extensions\redhat.java-1.44.0-win32-x64\jre\21.0.8-win32-x86_64\bin\nio.dll
0x00007ff902300000 - 0x00007ff902310000 	c:\Users\Avishka\.vscode\extensions\redhat.java-1.44.0-win32-x64\jre\21.0.8-win32-x86_64\bin\verify.dll
0x00007ff8db8b0000 - 0x00007ff8db8f5000 	C:\Users\Avishka\AppData\Roaming\Code\User\globalStorage\redhat.java\1.44.0\config_ss_win\org.eclipse.equinox.launcher\org.eclipse.equinox.launcher.win32.win32.x86_64_1.2.1400.v20250730-1736\eclipse_11913.dll
0x00007ff9100d0000 - 0x00007ff910270000 	C:\Windows\System32\ole32.dll
0x00007ff90e160000 - 0x00007ff90e17b000 	C:\Windows\SYSTEM32\CRYPTSP.dll
0x00007ff90d8c0000 - 0x00007ff90d8fb000 	C:\Windows\system32\rsaenh.dll
0x00007ff90df70000 - 0x00007ff90df9b000 	C:\Windows\SYSTEM32\USERENV.dll
0x00007ff90eb00000 - 0x00007ff90eb26000 	C:\Windows\SYSTEM32\bcrypt.dll
0x00007ff90e150000 - 0x00007ff90e15c000 	C:\Windows\SYSTEM32\CRYPTBASE.dll
0x00007ff90d340000 - 0x00007ff90d373000 	C:\Windows\SYSTEM32\IPHLPAPI.DLL
0x00007ff910290000 - 0x00007ff91029a000 	C:\Windows\System32\NSI.dll
0x00007ff8db550000 - 0x00007ff8db599000 	C:\Users\Avishka\AppData\Local\Temp\jna-1036935967\jna16106799484586775657.dll
0x00007ff910280000 - 0x00007ff910288000 	C:\Windows\System32\PSAPI.DLL
0x00007ff908310000 - 0x00007ff90832f000 	C:\Windows\SYSTEM32\dhcpcsvc6.DLL
0x00007ff908280000 - 0x00007ff9082a5000 	C:\Windows\SYSTEM32\dhcpcsvc.DLL

JVMTI agents:
c:\Users\Avishka\.vscode\extensions\redhat.java-1.44.0-win32-x64\lombok\lombok-1.18.39-4050.jar path:c:\Users\Avishka\.vscode\extensions\redhat.java-1.44.0-win32-x64\jre\21.0.8-win32-x86_64\bin\instrument.dll, loaded, initialized, instrumentlib options:none

dbghelp: loaded successfully - version: 4.0.5 - missing functions: none
symbol engine: initialized successfully - sym options: 0x614 - pdb path: .;c:\Users\Avishka\.vscode\extensions\redhat.java-1.44.0-win32-x64\jre\21.0.8-win32-x86_64\bin;C:\Windows\SYSTEM32;C:\Windows\WinSxS\amd64_microsoft.windows.common-controls_6595b64144ccf1df_6.0.26100.4768_none_3e0c112ce331287c;C:\Program Files\Windhawk\Engine\1.6.1\64;c:\Users\Avishka\.vscode\extensions\redhat.java-1.44.0-win32-x64\jre\21.0.8-win32-x86_64\bin\server;C:\Users\Avishka\AppData\Roaming\Code\User\globalStorage\redhat.java\1.44.0\config_ss_win\org.eclipse.equinox.launcher\org.eclipse.equinox.launcher.win32.win32.x86_64_1.2.1400.v20250730-1736;C:\Users\Avishka\AppData\Local\Temp\jna-1036935967

VM Arguments:
jvm_args: --add-modules=ALL-SYSTEM --add-opens=java.base/java.util=ALL-UNNAMED --add-opens=java.base/java.lang=ALL-UNNAMED --add-opens=java.base/sun.nio.fs=ALL-UNNAMED -Declipse.application=org.eclipse.jdt.ls.core.id1 -Dosgi.bundles.defaultStartLevel=4 -Declipse.product=org.eclipse.jdt.ls.core.product -Djava.import.generatesMetadataFilesAtProjectRoot=false -DDetectVMInstallationsJob.disabled=true -Dfile.encoding=utf8 -XX:+UseParallelGC -XX:GCTimeRatio=4 -XX:AdaptiveSizePolicyWeight=90 -Dsun.zip.disableMemoryMapping=true -Xmx2G -Xms100m -Xlog:disable -javaagent:c:\Users\Avishka\.vscode\extensions\redhat.java-1.44.0-win32-x64\lombok\lombok-1.18.39-4050.jar 
java_command: c:\Users\Avishka\.vscode\extensions\redhat.java-1.44.0-win32-x64\server\plugins\org.eclipse.equinox.launcher_1.7.0.v20250519-0528.jar -configuration c:\Users\Avishka\AppData\Roaming\Code\User\globalStorage\redhat.java\1.44.0\config_ss_win -data c:\Users\Avishka\AppData\Roaming\Code\User\workspaceStorage\bc28ba390c83b240dd2435da20ed720d\redhat.java\ss_ws --pipe=\\.\pipe\lsp-088563182434d5982420c4a0a2efcb3d-sock
java_class_path (initial): c:\Users\Avishka\.vscode\extensions\redhat.java-1.44.0-win32-x64\server\plugins\org.eclipse.equinox.launcher_1.7.0.v20250519-0528.jar
Launcher Type: SUN_STANDARD

[Global flags]
    uintx AdaptiveSizePolicyWeight                 = 90                                        {product} {command line}
     intx CICompilerCount                          = 12                                        {product} {ergonomic}
    uintx GCTimeRatio                              = 4                                         {product} {command line}
   size_t InitialHeapSize                          = 104857600                                 {product} {command line}
   size_t MaxHeapSize                              = 2147483648                                {product} {command line}
   size_t MaxNewSize                               = 715653120                                 {product} {ergonomic}
   size_t MinHeapDeltaBytes                        = 524288                                    {product} {ergonomic}
   size_t MinHeapSize                              = 104857600                                 {product} {command line}
   size_t NewSize                                  = 34603008                                  {product} {ergonomic}
    uintx NonNMethodCodeHeapSize                   = 7602480                                {pd product} {ergonomic}
    uintx NonProfiledCodeHeapSize                  = 122027880                              {pd product} {ergonomic}
   size_t OldSize                                  = 70254592                                  {product} {ergonomic}
    uintx ProfiledCodeHeapSize                     = 122027880                              {pd product} {ergonomic}
    uintx ReservedCodeCacheSize                    = 251658240                              {pd product} {ergonomic}
     bool SegmentedCodeCache                       = true                                      {product} {ergonomic}
   size_t SoftMaxHeapSize                          = 2147483648                             {manageable} {ergonomic}
     bool UseCompressedOops                        = true                           {product lp64_product} {ergonomic}
     bool UseLargePagesIndividualAllocation        = false                                  {pd product} {ergonomic}
     bool UseParallelGC                            = true                                      {product} {command line}

Logging:
Log output configuration:
 #0: stdout all=off uptime,level,tags foldmultilines=false
 #1: stderr all=off uptime,level,tags foldmultilines=false

Environment Variables:
JAVA_HOME=C:\Program Files\Java\jdk-17
PATH=C:\Program Files\Common Files\Oracle\Java\javapath;C:\Windows\system32;C:\Windows;C:\Windows\System32\Wbem;C:\Windows\System32\WindowsPowerShell\v1.0\;C:\Windows\System32\OpenSSH\;C:\Program Files\nodejs\;C:\ProgramData\Microsoft\Windows\Start Menu\Programs\Node.js;C:\Program Files\dotnet\;C:\Users\Avishka\Downloads\jdk-17.0.12_windows-x64_bin.exe;C:\Program Files\Git\cmd;C:\Flutter\flutter\bin;C:\Program Files\MariaDB 11.7\bin;C:\Users\Avishka\Downloads\exiftool-13.30_64\exiftool-13.30_64;C:\Program Files\Docker\Docker\resources\bin;C:\Users\Avishka\Downloads\dotnet-sdk-8.0.411-win-x64.exe;C:\Users\Avishka\Desktop\apache-cassandra-4.0.18\bin;C:\Users\Avishka\Desktop\apache-cassandra-4.0.18\bin;C:\Users\Avishka\Desktop\mongosh-2.5.6-win32-x64\bin;C:\Program Files\MongoDB\Server\8.0\bin;C:\Users\Avishka\Documents\apache-maven-3.8.9\bin;C:\Users\Avishka\Documents\apache-maven-3.8.9\bin;C:\Program Files\Common Files\Oracle\Java\javapath;C:\Windows\system32;C:\Windows;C:\Windows\System32\Wbem;C:\Windows\System32\WindowsPowerShell\v1.0\;C:\Windows\System32\OpenSSH\;C:\Program Files\nodejs\;C:\ProgramData\Microsoft\Windows\Start Menu\Programs\Node.js;C:\Program Files\dotnet\;C:\Users\Avishka\Downloads\jdk-17.0.12_windows-x64_bin.exe;C:\Program Files\Git\cmd;C:\Flutter\flutter\bin;C:\Program Files\MariaDB 11.7\bin;C:\Users\Avishka\Downloads\exiftool-13.30_64\exiftool-13.30_64;C:\Program Files\Docker\Docker\resources\bin;C:\Users\Avishka\Downloads\dotnet-sdk-8.0.411-win-x64.exe;C:\Users\Avishka\Desktop\apache-cassandra-4.0.18\bin;C:\Users\Avishka\Desktop\apache-cassandra-4.0.18\bin;C:\Users\Avishka\Desktop\mongosh-2.5.6-win32-x64\bin;C:\Program Files\MongoDB\Server\8.0\bin;C:\Users\Avishka\Documents\apache-maven-3.8.9\bin;C:\Users\Avishka\Documents\apache-maven-3.8.9\bin;;C:\Program Files\Java\jdk-17\bin;C:\Users\Avishka\AppData\Local\Programs\Microsoft VS Code\bin;C:\Users\Avishka\.dotnet\tools
USERNAME=Avishka
OS=Windows_NT
PROCESSOR_IDENTIFIER=Intel64 Family 6 Model 170 Stepping 4, GenuineIntel
TMP=C:\Users\Avishka\AppData\Local\Temp
TEMP=C:\Users\Avishka\AppData\Local\Temp




Periodic native trim disabled

---------------  S Y S T E M  ---------------

OS:
 Windows 11 , 64 bit Build 26100 (10.0.26100.4768)
OS uptime: 6 days 8:51 hours
Hyper-V role detected

CPU: total 18 (initial active 18) (9 cores per cpu, 2 threads per core) family 6 model 170 stepping 4 microcode 0x24, cx8, cmov, fxsr, ht, mmx, 3dnowpref, sse, sse2, sse3, ssse3, sse4.1, sse4.2, popcnt, lzcnt, tsc, tscinvbit, avx, avx2, aes, erms, clmul, bmi1, bmi2, adx, sha, fma, vzeroupper, clflush, clflushopt, clwb, hv, serialize, rdtscp, rdpid, fsrm, f16c, cet_ibt, cet_ss
Processor Information for processor 0
  Max Mhz: 1200, Current Mhz: 1200, Mhz Limit: 1200
Processor Information for processor 1
  Max Mhz: 1200, Current Mhz: 1200, Mhz Limit: 1200
Processor Information for processor 2
  Max Mhz: 700, Current Mhz: 700, Mhz Limit: 700
Processor Information for processor 3
  Max Mhz: 700, Current Mhz: 700, Mhz Limit: 700
Processor Information for processor 4
  Max Mhz: 700, Current Mhz: 700, Mhz Limit: 700
Processor Information for processor 5
  Max Mhz: 700, Current Mhz: 700, Mhz Limit: 700
Processor Information for processor 6
  Max Mhz: 700, Current Mhz: 700, Mhz Limit: 700
Processor Information for processor 7
  Max Mhz: 700, Current Mhz: 700, Mhz Limit: 700
Processor Information for processor 8
  Max Mhz: 700, Current Mhz: 700, Mhz Limit: 700
Processor Information for processor 9
  Max Mhz: 700, Current Mhz: 700, Mhz Limit: 700
Processor Information for processor 10
  Max Mhz: 1200, Current Mhz: 1200, Mhz Limit: 1200
Processor Information for processor 11
  Max Mhz: 1200, Current Mhz: 1200, Mhz Limit: 1200
Processor Information for processor 12
  Max Mhz: 1200, Current Mhz: 1200, Mhz Limit: 1200
Processor Information for processor 13
  Max Mhz: 1200, Current Mhz: 1200, Mhz Limit: 1200
Processor Information for processor 14
  Max Mhz: 1200, Current Mhz: 1200, Mhz Limit: 1200
Processor Information for processor 15
  Max Mhz: 1200, Current Mhz: 1200, Mhz Limit: 1200
Processor Information for processor 16
  Max Mhz: 700, Current Mhz: 700, Mhz Limit: 700
Processor Information for processor 17
  Max Mhz: 700, Current Mhz: 700, Mhz Limit: 700

Memory: 4k page, system-wide physical 16053M (3312M free)
TotalPageFile size 20149M (AvailPageFile size 45M)
current process WorkingSet (physical memory assigned to process): 218M, peak: 223M
current process commit charge ("private bytes"): 348M, peak: 353M

vm_info: OpenJDK 64-Bit Server VM (21.0.8+9-LTS) for windows-amd64 JRE (21.0.8+9-LTS), built on 2025-07-15T00:00:00Z by "admin" with MS VC++ 17.7 (VS2022)

END.
