#
# There is insufficient memory for the Java Runtime Environment to continue.
# Native memory allocation (malloc) failed to allocate 1657232 bytes. Error detail: Chunk::new
# Possible reasons:
#   The system is out of physical RAM or swap space
#   This process is running with CompressedOops enabled, and the Java Heap may be blocking the growth of the native heap
# Possible solutions:
#   Reduce memory load on the system
#   Increase physical memory or swap space
#   Check if swap backing store is full
#   Decrease Java heap size (-Xmx/-Xms)
#   Decrease number of Java threads
#   Decrease Java thread stack sizes (-Xss)
#   Set larger code cache with -XX:ReservedCodeCacheSize=
#   JVM is running with Unscaled Compressed Oops mode in which the Java heap is
#     placed in the first 4GB address space. The Java Heap base address is the
#     maximum limit for the native heap growth. Please use -XX:HeapBaseMinAddress
#     to set the Java Heap base and to place the Java Heap above 4GB virtual address.
# This output file may be truncated or incomplete.
#
#  Out of Memory Error (arena.cpp:168), pid=35140, tid=37868
#
# JRE version: OpenJDK Runtime Environment Temurin-21.0.8+9 (21.0.8+9) (build 21.0.8+9-LTS)
# Java VM: OpenJDK 64-Bit Server VM Temurin-21.0.8+9 (21.0.8+9-LTS, mixed mode, sharing, tiered, compressed oops, compressed class ptrs, parallel gc, windows-amd64)
# No core dump will be written. Minidumps are not enabled by default on client versions of Windows
#

---------------  S U M M A R Y ------------

Command Line: --add-modules=ALL-SYSTEM --add-opens=java.base/java.util=ALL-UNNAMED --add-opens=java.base/java.lang=ALL-UNNAMED --add-opens=java.base/sun.nio.fs=ALL-UNNAMED -Declipse.application=org.eclipse.jdt.ls.core.id1 -Dosgi.bundles.defaultStartLevel=4 -Declipse.product=org.eclipse.jdt.ls.core.product -Djava.import.generatesMetadataFilesAtProjectRoot=false -DDetectVMInstallationsJob.disabled=true -Dfile.encoding=utf8 -XX:+UseParallelGC -XX:GCTimeRatio=4 -XX:AdaptiveSizePolicyWeight=90 -Dsun.zip.disableMemoryMapping=true -Xmx2G -Xms100m -Xlog:disable -javaagent:c:\Users\Avishka\.vscode\extensions\redhat.java-1.44.0-win32-x64\lombok\lombok-1.18.39-4050.jar -XX:+HeapDumpOnOutOfMemoryError -XX:HeapDumpPath=c:\Users\Avishka\AppData\Roaming\Code\User\workspaceStorage\bc28ba390c83b240dd2435da20ed720d\redhat.java -Daether.dependencyCollector.impl=bf c:\Users\Avishka\.vscode\extensions\redhat.java-1.44.0-win32-x64\server\plugins\org.eclipse.equinox.launcher_1.7.0.v20250519-0528.jar -configuration c:\Users\Avishka\AppData\Roaming\Code\User\globalStorage\redhat.java\1.44.0\config_win -data c:\Users\Avishka\AppData\Roaming\Code\User\workspaceStorage\bc28ba390c83b240dd2435da20ed720d\redhat.java\jdt_ws --pipe=\\.\pipe\lsp-b9521813dbb069754f2e5bf801bdd21f-sock

Host: Intel(R) Core(TM) Ultra 5 125H, 18 cores, 15G,  Windows 11 , 64 bit Build 26100 (10.0.26100.4768)
Time: Wed Aug 20 18:03:02 2025 Sri Lanka Standard Time elapsed time: 2.739338 seconds (0d 0h 0m 2s)

---------------  T H R E A D  ---------------

Current thread (0x00000246e60cf8c0):  JavaThread "C2 CompilerThread3" daemon [_thread_in_native, id=37868, stack(0x00000089aea00000,0x00000089aeb00000) (1024K)]


Current CompileTask:
C2:2739 3509       4       java.lang.invoke.MethodType::makeImpl (109 bytes)

Stack: [0x00000089aea00000,0x00000089aeb00000]
Native frames: (J=compiled Java code, j=interpreted, Vv=VM code, C=native code)
V  [jvm.dll+0x6d2449]
V  [jvm.dll+0x8ae341]
V  [jvm.dll+0x8b08be]
V  [jvm.dll+0x8b0fa3]
V  [jvm.dll+0x280c96]
V  [jvm.dll+0xc581d]
V  [jvm.dll+0xc5d53]
V  [jvm.dll+0x3b919c]
V  [jvm.dll+0x385315]
V  [jvm.dll+0x38477a]
V  [jvm.dll+0x248ed0]
V  [jvm.dll+0x2484af]
V  [jvm.dll+0x1c89ee]
V  [jvm.dll+0x257d4d]
V  [jvm.dll+0x2562ea]
V  [jvm.dll+0x3f2d16]
V  [jvm.dll+0x857e6b]
V  [jvm.dll+0x6d0b0d]
C  [ucrtbase.dll+0x37b0]
C  [KERNEL32.DLL+0x2e8d7]
C  [ntdll.dll+0x3c34c]


---------------  P R O C E S S  ---------------

Threads class SMR info:
_java_thread_list=0x00000246e6ec98e0, length=27, elements={
0x00000246c7f2b960, 0x00000246c7ebdc80, 0x00000246c7ebea90, 0x00000246c7ec4910,
0x00000246c7ec5490, 0x00000246c7ec5ee0, 0x00000246c7ec6930, 0x00000246c7ec76b0,
0x00000246dfccb3f0, 0x00000246dfdb29a0, 0x00000246dfdb6ae0, 0x00000246dfdf0c70,
0x00000246dff58200, 0x00000246e6090f00, 0x00000246e6131a30, 0x00000246e60cf8c0,
0x00000246e69cbf90, 0x00000246e6d16b30, 0x00000246e650e470, 0x00000246e650f190,
0x00000246e650dde0, 0x00000246e650ca30, 0x00000246e650eb00, 0x00000246e650f820,
0x00000246e650d0c0, 0x00000246e650d750, 0x00000246e738ef00
}

Java Threads: ( => current thread )
  0x00000246c7f2b960 JavaThread "main"                              [_thread_blocked, id=36640, stack(0x00000089ad700000,0x00000089ad800000) (1024K)]
  0x00000246c7ebdc80 JavaThread "Reference Handler"          daemon [_thread_blocked, id=38536, stack(0x00000089adb00000,0x00000089adc00000) (1024K)]
  0x00000246c7ebea90 JavaThread "Finalizer"                  daemon [_thread_blocked, id=13500, stack(0x00000089adc00000,0x00000089add00000) (1024K)]
  0x00000246c7ec4910 JavaThread "Signal Dispatcher"          daemon [_thread_blocked, id=30788, stack(0x00000089add00000,0x00000089ade00000) (1024K)]
  0x00000246c7ec5490 JavaThread "Attach Listener"            daemon [_thread_blocked, id=37912, stack(0x00000089ade00000,0x00000089adf00000) (1024K)]
  0x00000246c7ec5ee0 JavaThread "Service Thread"             daemon [_thread_blocked, id=3256, stack(0x00000089adf00000,0x00000089ae000000) (1024K)]
  0x00000246c7ec6930 JavaThread "Monitor Deflation Thread"   daemon [_thread_blocked, id=39436, stack(0x00000089ae000000,0x00000089ae100000) (1024K)]
  0x00000246c7ec76b0 JavaThread "C2 CompilerThread0"         daemon [_thread_blocked, id=33268, stack(0x00000089ae100000,0x00000089ae200000) (1024K)]
  0x00000246dfccb3f0 JavaThread "C1 CompilerThread0"         daemon [_thread_blocked, id=15652, stack(0x00000089ae200000,0x00000089ae300000) (1024K)]
  0x00000246dfdb29a0 JavaThread "Common-Cleaner"             daemon [_thread_blocked, id=37076, stack(0x00000089ae300000,0x00000089ae400000) (1024K)]
  0x00000246dfdb6ae0 JavaThread "C1 CompilerThread1"         daemon [_thread_blocked, id=35380, stack(0x00000089ae400000,0x00000089ae500000) (1024K)]
  0x00000246dfdf0c70 JavaThread "C2 CompilerThread1"         daemon [_thread_blocked, id=38976, stack(0x00000089ae500000,0x00000089ae600000) (1024K)]
  0x00000246dff58200 JavaThread "C1 CompilerThread2"         daemon [_thread_blocked, id=34700, stack(0x00000089ae600000,0x00000089ae700000) (1024K)]
  0x00000246e6090f00 JavaThread "Notification Thread"        daemon [_thread_blocked, id=15104, stack(0x00000089ae800000,0x00000089ae900000) (1024K)]
  0x00000246e6131a30 JavaThread "C2 CompilerThread2"         daemon [_thread_in_native, id=3328, stack(0x00000089ae900000,0x00000089aea00000) (1024K)]
=>0x00000246e60cf8c0 JavaThread "C2 CompilerThread3"         daemon [_thread_in_native, id=37868, stack(0x00000089aea00000,0x00000089aeb00000) (1024K)]
  0x00000246e69cbf90 JavaThread "Active Thread: Equinox Container: 2098e6f7-f893-4333-b590-9f47c9dd0e45"        [_thread_blocked, id=22892, stack(0x00000089af100000,0x00000089af200000) (1024K)]
  0x00000246e6d16b30 JavaThread "Refresh Thread: Equinox Container: 2098e6f7-f893-4333-b590-9f47c9dd0e45" daemon [_thread_blocked, id=26508, stack(0x00000089af300000,0x00000089af400000) (1024K)]
  0x00000246e650e470 JavaThread "Framework Event Dispatcher: Equinox Container: 2098e6f7-f893-4333-b590-9f47c9dd0e45" daemon [_thread_blocked, id=18308, stack(0x00000089af400000,0x00000089af500000) (1024K)]
  0x00000246e650f190 JavaThread "Start Level: Equinox Container: 2098e6f7-f893-4333-b590-9f47c9dd0e45" daemon [_thread_in_Java, id=18052, stack(0x00000089af500000,0x00000089af600000) (1024K)]
  0x00000246e650dde0 JavaThread "Bundle File Closer"         daemon [_thread_blocked, id=15024, stack(0x00000089af900000,0x00000089afa00000) (1024K)]
  0x00000246e650ca30 JavaThread "SCR Component Actor"        daemon [_thread_blocked, id=38668, stack(0x00000089afa00000,0x00000089afb00000) (1024K)]
  0x00000246e650eb00 JavaThread "SCR Component Registry"     daemon [_thread_blocked, id=38336, stack(0x00000089afb00000,0x00000089afc00000) (1024K)]
  0x00000246e650f820 JavaThread "Worker-JM"                         [_thread_blocked, id=37360, stack(0x00000089afd00000,0x00000089afe00000) (1024K)]
  0x00000246e650d0c0 JavaThread "JNA Cleaner"                daemon [_thread_blocked, id=32128, stack(0x00000089b0000000,0x00000089b0100000) (1024K)]
  0x00000246e650d750 JavaThread "Worker-0: Checking project encoding"        [_thread_blocked, id=37116, stack(0x00000089b0100000,0x00000089b0200000) (1024K)]
  0x00000246e738ef00 JavaThread "Worker-1"                          [_thread_blocked, id=37816, stack(0x00000089b0200000,0x00000089b0300000) (1024K)]
Total: 27

Other Threads:
  0x00000246c7eb4740 VMThread "VM Thread"                           [id=21620, stack(0x00000089ada00000,0x00000089adb00000) (1024K)]
  0x00000246c7daca00 WatcherThread "VM Periodic Task Thread"        [id=38004, stack(0x00000089ad900000,0x00000089ada00000) (1024K)]
  0x00000246c7f49940 WorkerThread "GC Thread#0"                     [id=34556, stack(0x00000089ad800000,0x00000089ad900000) (1024K)]
  0x00000246e68c6020 WorkerThread "GC Thread#1"                     [id=22832, stack(0x00000089aeb00000,0x00000089aec00000) (1024K)]
  0x00000246e6578c90 WorkerThread "GC Thread#2"                     [id=35704, stack(0x00000089aec00000,0x00000089aed00000) (1024K)]
  0x00000246e68c63c0 WorkerThread "GC Thread#3"                     [id=8816, stack(0x00000089aed00000,0x00000089aee00000) (1024K)]
  0x00000246e68c6760 WorkerThread "GC Thread#4"                     [id=28604, stack(0x00000089aee00000,0x00000089aef00000) (1024K)]
  0x00000246e68c6b00 WorkerThread "GC Thread#5"                     [id=38740, stack(0x00000089aef00000,0x00000089af000000) (1024K)]
  0x00000246e6927290 WorkerThread "GC Thread#6"                     [id=26396, stack(0x00000089af000000,0x00000089af100000) (1024K)]
  0x00000246e6a0aec0 WorkerThread "GC Thread#7"                     [id=10416, stack(0x00000089af200000,0x00000089af300000) (1024K)]
  0x00000246e6f29b60 WorkerThread "GC Thread#8"                     [id=35484, stack(0x00000089af600000,0x00000089af700000) (1024K)]
  0x00000246e6e2a860 WorkerThread "GC Thread#9"                     [id=32744, stack(0x00000089af700000,0x00000089af800000) (1024K)]
  0x00000246e6e29640 WorkerThread "GC Thread#10"                    [id=21364, stack(0x00000089af800000,0x00000089af900000) (1024K)]
  0x00000246e6e2ac00 WorkerThread "GC Thread#11"                    [id=27372, stack(0x00000089afc00000,0x00000089afd00000) (1024K)]
  0x00000246e6e299e0 WorkerThread "GC Thread#12"                    [id=12696, stack(0x00000089afe00000,0x00000089aff00000) (1024K)]
  0x00000246e6e2a4c0 WorkerThread "GC Thread#13"                    [id=17764, stack(0x00000089aff00000,0x00000089b0000000) (1024K)]
Total: 16

Threads with active compile tasks:
C1 CompilerThread0  2751 3604       3       org.objectweb.asm.ClassReader::readUtf (44 bytes)
C2 CompilerThread3  2751 3509       4       java.lang.invoke.MethodType::makeImpl (109 bytes)
Total: 2

VM state: not at safepoint (normal execution)

VM Mutex/Monitor currently owned by a thread: None

Heap address: 0x0000000080000000, size: 2048 MB, Compressed Oops mode: 32-bit

CDS archive(s) mapped at: [0x0000024680000000-0x0000024680ba0000-0x0000024680ba0000), size 12189696, SharedBaseAddress: 0x0000024680000000, ArchiveRelocationMode: 1.
Compressed class space mapped at: 0x0000024681000000-0x00000246c1000000, reserved size: 1073741824
Narrow klass base: 0x0000024680000000, Narrow klass shift: 0, Narrow klass range: 0x100000000

GC Precious Log:
 CardTable entry size: 512
 CPUs: 18 total, 18 available
 Memory: 16053M
 Large Page Support: Disabled
 NUMA Support: Disabled
 Compressed Oops: Enabled (32-bit)
 Alignments: Space 512K, Generation 512K, Heap 2M
 Heap Min Capacity: 100M
 Heap Initial Capacity: 100M
 Heap Max Capacity: 2G
 Pre-touch: Disabled
 Parallel Workers: 14

Heap:
 PSYoungGen      total 29184K, used 23042K [0x00000000d5580000, 0x00000000d7a00000, 0x0000000100000000)
  eden space 25088K, 75% used [0x00000000d5580000,0x00000000d6800e50,0x00000000d6e00000)
  from space 4096K, 99% used [0x00000000d6e80000,0x00000000d727fb28,0x00000000d7280000)
  to   space 6144K, 0% used [0x00000000d7400000,0x00000000d7400000,0x00000000d7a00000)
 ParOldGen       total 68608K, used 7593K [0x0000000080000000, 0x0000000084300000, 0x00000000d5580000)
  object space 68608K, 11% used [0x0000000080000000,0x000000008076a688,0x0000000084300000)
 Metaspace       used 17902K, committed 18560K, reserved 1114112K
  class space    used 1854K, committed 2112K, reserved 1048576K

Card table byte_map: [0x00000246c78c0000,0x00000246c7cd0000] _byte_map_base: 0x00000246c74c0000

Marking Bits: (ParMarkBitMap*) 0x00007ff879c3a340
 Begin Bits: [0x00000246da3c0000, 0x00000246dc3c0000)
 End Bits:   [0x00000246dc3c0000, 0x00000246de3c0000)

Polling page: 0x00000246c5a40000

Metaspace:

Usage:
  Non-class:     15.67 MB used.
      Class:      1.81 MB used.
       Both:     17.48 MB used.

Virtual space:
  Non-class space:       64.00 MB reserved,      16.06 MB ( 25%) committed,  1 nodes.
      Class space:        1.00 GB reserved,       2.06 MB ( <1%) committed,  1 nodes.
             Both:        1.06 GB reserved,      18.12 MB (  2%) committed. 

Chunk freelists:
   Non-Class:  15.52 MB
       Class:  13.89 MB
        Both:  29.41 MB

MaxMetaspaceSize: unlimited
CompressedClassSpaceSize: 1.00 GB
Initial GC threshold: 21.00 MB
Current GC threshold: 21.00 MB
CDS: on
 - commit_granule_bytes: 65536.
 - commit_granule_words: 8192.
 - virtual_space_node_default_size: 8388608.
 - enlarge_chunks_in_place: 1.
 - use_allocation_guard: 0.


Internal statistics:

num_allocs_failed_limit: 0.
num_arena_births: 532.
num_arena_deaths: 0.
num_vsnodes_births: 2.
num_vsnodes_deaths: 0.
num_space_committed: 290.
num_space_uncommitted: 0.
num_chunks_returned_to_freelist: 0.
num_chunks_taken_from_freelist: 1175.
num_chunk_merges: 0.
num_chunk_splits: 755.
num_chunks_enlarged: 502.
num_inconsistent_stats: 0.

CodeHeap 'non-profiled nmethods': size=119168Kb used=1506Kb max_used=1506Kb free=117661Kb
 bounds [0x00000246d2cb0000, 0x00000246d2f20000, 0x00000246da110000]
CodeHeap 'profiled nmethods': size=119104Kb used=7353Kb max_used=7353Kb free=111750Kb
 bounds [0x00000246cb110000, 0x00000246cb840000, 0x00000246d2560000]
CodeHeap 'non-nmethods': size=7488Kb used=2403Kb max_used=2984Kb free=5084Kb
 bounds [0x00000246d2560000, 0x00000246d2850000, 0x00000246d2cb0000]
CodeCache: size=245760Kb, used=11262Kb, max_used=11843Kb, free=234495Kb
 total_blobs=4156, nmethods=3603, adapters=457, full_count=0
Compilation: enabled, stopped_count=0, restarted_count=0

Compilation events (20 events):
Event: 1.710 Thread 0x00000246dff588a0 nmethod 3580 0x00000246cb838890 code [0x00000246cb838a60, 0x00000246cb838c60]
Event: 1.710 Thread 0x00000246dfccb3f0 nmethod 3581 0x00000246cb838d90 code [0x00000246cb838f40, 0x00000246cb839138]
Event: 1.710 Thread 0x00000246dfccb3f0 3582       3       org.apache.felix.scr.impl.manager.DependencyManager::cardinalitySatisfied (14 bytes)
Event: 1.710 Thread 0x00000246dfccb3f0 nmethod 3582 0x00000246cb839210 code [0x00000246cb8393a0, 0x00000246cb839500]
Event: 1.711 Thread 0x00000246c7ec76b0 3583       4       java.lang.ref.Reference::refersTo (6 bytes)
Event: 1.711 Thread 0x00000246c7ec76b0 nmethod 3583 0x00000246d2e26690 code [0x00000246d2e26820, 0x00000246d2e268d0]
Event: 1.712 Thread 0x00000246dff58200 3584       3       java.lang.ref.SoftReference::get (29 bytes)
Event: 1.712 Thread 0x00000246dff58200 nmethod 3584 0x00000246cb839590 code [0x00000246cb839740, 0x00000246cb8398d8]
Event: 1.713 Thread 0x00000246dfccb3f0 3585       3       jdk.internal.org.objectweb.asm.AnnotationWriter::putAnnotations (110 bytes)
Event: 1.713 Thread 0x00000246dfccb3f0 nmethod 3585 0x00000246cb839990 code [0x00000246cb839ba0, 0x00000246cb839fc0]
Event: 1.713 Thread 0x00000246c7ec76b0 3587       4       java.lang.invoke.MethodTypeForm::canonicalize (74 bytes)
Event: 1.713 Thread 0x00000246dff588a0 3589       3       java.lang.invoke.LambdaFormBuffer::insertName (106 bytes)
Event: 1.713 Thread 0x00000246dff588a0 nmethod 3589 0x00000246cb83a290 code [0x00000246cb83a460, 0x00000246cb83a688]
Event: 1.713 Thread 0x00000246c7ec76b0 nmethod 3587 0x00000246d2e27590 code [0x00000246d2e27720, 0x00000246d2e277f8]
Event: 1.714 Thread 0x00000246dff588a0 3592       3       java.lang.invoke.InvokerBytecodeGenerator::<init> (80 bytes)
Event: 1.714 Thread 0x00000246dff588a0 nmethod 3592 0x00000246cb83a790 code [0x00000246cb83a960, 0x00000246cb83acf8]
Event: 1.718 Thread 0x00000246dff588a0 3597       3       org.objectweb.asm.ClassReader::readUnsignedShort (26 bytes)
Event: 1.718 Thread 0x00000246dff588a0 nmethod 3597 0x00000246cb83af90 code [0x00000246cb83b140, 0x00000246cb83b2b0]
Event: 2.719 Thread 0x00000246dfccb3f0 3598       3       java.util.concurrent.Semaphore$NonfairSync::tryAcquireShared (6 bytes)
Event: 2.719 Thread 0x00000246dfccb3f0 nmethod 3598 0x00000246cb83b390 code [0x00000246cb83b540, 0x00000246cb83b678]

GC Heap History (10 events):
Event: 0.495 GC heap before
{Heap before GC invocations=1 (full 0):
 PSYoungGen      total 29696K, used 25600K [0x00000000d5580000, 0x00000000d7680000, 0x0000000100000000)
  eden space 25600K, 100% used [0x00000000d5580000,0x00000000d6e80000,0x00000000d6e80000)
  from space 4096K, 0% used [0x00000000d7280000,0x00000000d7280000,0x00000000d7680000)
  to   space 4096K, 0% used [0x00000000d6e80000,0x00000000d6e80000,0x00000000d7280000)
 ParOldGen       total 68608K, used 0K [0x0000000080000000, 0x0000000084300000, 0x00000000d5580000)
  object space 68608K, 0% used [0x0000000080000000,0x0000000080000000,0x0000000084300000)
 Metaspace       used 4128K, committed 4416K, reserved 1114112K
  class space    used 451K, committed 576K, reserved 1048576K
}
Event: 0.499 GC heap after
{Heap after GC invocations=1 (full 0):
 PSYoungGen      total 29696K, used 3681K [0x00000000d5580000, 0x00000000d7680000, 0x0000000100000000)
  eden space 25600K, 0% used [0x00000000d5580000,0x00000000d5580000,0x00000000d6e80000)
  from space 4096K, 89% used [0x00000000d6e80000,0x00000000d72184e8,0x00000000d7280000)
  to   space 4096K, 0% used [0x00000000d7280000,0x00000000d7280000,0x00000000d7680000)
 ParOldGen       total 68608K, used 16K [0x0000000080000000, 0x0000000084300000, 0x00000000d5580000)
  object space 68608K, 0% used [0x0000000080000000,0x0000000080004000,0x0000000084300000)
 Metaspace       used 4128K, committed 4416K, reserved 1114112K
  class space    used 451K, committed 576K, reserved 1048576K
}
Event: 0.767 GC heap before
{Heap before GC invocations=2 (full 0):
 PSYoungGen      total 29696K, used 29281K [0x00000000d5580000, 0x00000000d7680000, 0x0000000100000000)
  eden space 25600K, 100% used [0x00000000d5580000,0x00000000d6e80000,0x00000000d6e80000)
  from space 4096K, 89% used [0x00000000d6e80000,0x00000000d72184e8,0x00000000d7280000)
  to   space 4096K, 0% used [0x00000000d7280000,0x00000000d7280000,0x00000000d7680000)
 ParOldGen       total 68608K, used 16K [0x0000000080000000, 0x0000000084300000, 0x00000000d5580000)
  object space 68608K, 0% used [0x0000000080000000,0x0000000080004000,0x0000000084300000)
 Metaspace       used 7856K, committed 8128K, reserved 1114112K
  class space    used 811K, committed 960K, reserved 1048576K
}
Event: 0.771 GC heap after
{Heap after GC invocations=2 (full 0):
 PSYoungGen      total 29696K, used 4085K [0x00000000d5580000, 0x00000000d7680000, 0x0000000100000000)
  eden space 25600K, 0% used [0x00000000d5580000,0x00000000d5580000,0x00000000d6e80000)
  from space 4096K, 99% used [0x00000000d7280000,0x00000000d767d530,0x00000000d7680000)
  to   space 4096K, 0% used [0x00000000d6e80000,0x00000000d6e80000,0x00000000d7280000)
 ParOldGen       total 68608K, used 1633K [0x0000000080000000, 0x0000000084300000, 0x00000000d5580000)
  object space 68608K, 2% used [0x0000000080000000,0x00000000801986a8,0x0000000084300000)
 Metaspace       used 7856K, committed 8128K, reserved 1114112K
  class space    used 811K, committed 960K, reserved 1048576K
}
Event: 0.990 GC heap before
{Heap before GC invocations=3 (full 0):
 PSYoungGen      total 29696K, used 29685K [0x00000000d5580000, 0x00000000d7680000, 0x0000000100000000)
  eden space 25600K, 100% used [0x00000000d5580000,0x00000000d6e80000,0x00000000d6e80000)
  from space 4096K, 99% used [0x00000000d7280000,0x00000000d767d530,0x00000000d7680000)
  to   space 4096K, 0% used [0x00000000d6e80000,0x00000000d6e80000,0x00000000d7280000)
 ParOldGen       total 68608K, used 1633K [0x0000000080000000, 0x0000000084300000, 0x00000000d5580000)
  object space 68608K, 2% used [0x0000000080000000,0x00000000801986a8,0x0000000084300000)
 Metaspace       used 9331K, committed 9664K, reserved 1114112K
  class space    used 992K, committed 1152K, reserved 1048576K
}
Event: 0.994 GC heap after
{Heap after GC invocations=3 (full 0):
 PSYoungGen      total 29696K, used 4083K [0x00000000d5580000, 0x00000000d7680000, 0x0000000100000000)
  eden space 25600K, 0% used [0x00000000d5580000,0x00000000d5580000,0x00000000d6e80000)
  from space 4096K, 99% used [0x00000000d6e80000,0x00000000d727cf88,0x00000000d7280000)
  to   space 4096K, 0% used [0x00000000d7280000,0x00000000d7280000,0x00000000d7680000)
 ParOldGen       total 68608K, used 4100K [0x0000000080000000, 0x0000000084300000, 0x00000000d5580000)
  object space 68608K, 5% used [0x0000000080000000,0x0000000080401210,0x0000000084300000)
 Metaspace       used 9331K, committed 9664K, reserved 1114112K
  class space    used 992K, committed 1152K, reserved 1048576K
}
Event: 1.205 GC heap before
{Heap before GC invocations=4 (full 0):
 PSYoungGen      total 29696K, used 29683K [0x00000000d5580000, 0x00000000d7680000, 0x0000000100000000)
  eden space 25600K, 100% used [0x00000000d5580000,0x00000000d6e80000,0x00000000d6e80000)
  from space 4096K, 99% used [0x00000000d6e80000,0x00000000d727cf88,0x00000000d7280000)
  to   space 4096K, 0% used [0x00000000d7280000,0x00000000d7280000,0x00000000d7680000)
 ParOldGen       total 68608K, used 4100K [0x0000000080000000, 0x0000000084300000, 0x00000000d5580000)
  object space 68608K, 5% used [0x0000000080000000,0x0000000080401210,0x0000000084300000)
 Metaspace       used 11877K, committed 12224K, reserved 1114112K
  class space    used 1253K, committed 1408K, reserved 1048576K
}
Event: 1.208 GC heap after
{Heap after GC invocations=4 (full 0):
 PSYoungGen      total 29696K, used 4084K [0x00000000d5580000, 0x00000000d7680000, 0x0000000100000000)
  eden space 25600K, 0% used [0x00000000d5580000,0x00000000d5580000,0x00000000d6e80000)
  from space 4096K, 99% used [0x00000000d7280000,0x00000000d767d1c8,0x00000000d7680000)
  to   space 4096K, 0% used [0x00000000d6e80000,0x00000000d6e80000,0x00000000d7280000)
 ParOldGen       total 68608K, used 6071K [0x0000000080000000, 0x0000000084300000, 0x00000000d5580000)
  object space 68608K, 8% used [0x0000000080000000,0x00000000805edd48,0x0000000084300000)
 Metaspace       used 11877K, committed 12224K, reserved 1114112K
  class space    used 1253K, committed 1408K, reserved 1048576K
}
Event: 1.476 GC heap before
{Heap before GC invocations=5 (full 0):
 PSYoungGen      total 29696K, used 29684K [0x00000000d5580000, 0x00000000d7680000, 0x0000000100000000)
  eden space 25600K, 100% used [0x00000000d5580000,0x00000000d6e80000,0x00000000d6e80000)
  from space 4096K, 99% used [0x00000000d7280000,0x00000000d767d1c8,0x00000000d7680000)
  to   space 4096K, 0% used [0x00000000d6e80000,0x00000000d6e80000,0x00000000d7280000)
 ParOldGen       total 68608K, used 6071K [0x0000000080000000, 0x0000000084300000, 0x00000000d5580000)
  object space 68608K, 8% used [0x0000000080000000,0x00000000805edd48,0x0000000084300000)
 Metaspace       used 15024K, committed 15616K, reserved 1114112K
  class space    used 1527K, committed 1792K, reserved 1048576K
}
Event: 1.478 GC heap after
{Heap after GC invocations=5 (full 0):
 PSYoungGen      total 29184K, used 4094K [0x00000000d5580000, 0x00000000d7a00000, 0x0000000100000000)
  eden space 25088K, 0% used [0x00000000d5580000,0x00000000d5580000,0x00000000d6e00000)
  from space 4096K, 99% used [0x00000000d6e80000,0x00000000d727fb28,0x00000000d7280000)
  to   space 6144K, 0% used [0x00000000d7400000,0x00000000d7400000,0x00000000d7a00000)
 ParOldGen       total 68608K, used 7593K [0x0000000080000000, 0x0000000084300000, 0x00000000d5580000)
  object space 68608K, 11% used [0x0000000080000000,0x000000008076a688,0x0000000084300000)
 Metaspace       used 15024K, committed 15616K, reserved 1114112K
  class space    used 1527K, committed 1792K, reserved 1048576K
}

Dll operation events (10 events):
Event: 0.005 Loaded shared library c:\Users\Avishka\.vscode\extensions\redhat.java-1.44.0-win32-x64\jre\21.0.8-win32-x86_64\bin\java.dll
Event: 0.089 Loaded shared library c:\Users\Avishka\.vscode\extensions\redhat.java-1.44.0-win32-x64\jre\21.0.8-win32-x86_64\bin\zip.dll
Event: 0.110 Loaded shared library C:\Users\Avishka\.vscode\extensions\redhat.java-1.44.0-win32-x64\jre\21.0.8-win32-x86_64\bin\instrument.dll
Event: 0.115 Loaded shared library C:\Users\Avishka\.vscode\extensions\redhat.java-1.44.0-win32-x64\jre\21.0.8-win32-x86_64\bin\net.dll
Event: 0.118 Loaded shared library C:\Users\Avishka\.vscode\extensions\redhat.java-1.44.0-win32-x64\jre\21.0.8-win32-x86_64\bin\nio.dll
Event: 0.120 Loaded shared library C:\Users\Avishka\.vscode\extensions\redhat.java-1.44.0-win32-x64\jre\21.0.8-win32-x86_64\bin\zip.dll
Event: 0.137 Loaded shared library C:\Users\Avishka\.vscode\extensions\redhat.java-1.44.0-win32-x64\jre\21.0.8-win32-x86_64\bin\jimage.dll
Event: 0.195 Loaded shared library c:\Users\Avishka\.vscode\extensions\redhat.java-1.44.0-win32-x64\jre\21.0.8-win32-x86_64\bin\verify.dll
Event: 0.820 Loaded shared library C:\Users\Avishka\AppData\Roaming\Code\User\globalStorage\redhat.java\1.44.0\config_win\org.eclipse.equinox.launcher\org.eclipse.equinox.launcher.win32.win32.x86_64_1.2.1400.v20250730-1736\eclipse_11913.dll
Event: 1.655 Loaded shared library C:\Users\Avishka\AppData\Local\Temp\jna-1036935967\jna8444759995815941861.dll

Deoptimization events (20 events):
Event: 1.492 Thread 0x00000246e650f190 Uncommon trap: trap_request=0xffffffde fr.pc=0x00000246d2e0e4cc relative=0x000000000000012c
Event: 1.492 Thread 0x00000246e650f190 Uncommon trap: reason=class_check action=maybe_recompile pc=0x00000246d2e0e4cc method=jdk.internal.misc.Unsafe.allocateUninitializedArray(Ljava/lang/Class;I)Ljava/lang/Object; @ 51 c2
Event: 1.492 Thread 0x00000246e650f190 DEOPT PACKING pc=0x00000246d2e0e4cc sp=0x00000089af5f9850
Event: 1.492 Thread 0x00000246e650f190 DEOPT UNPACKING pc=0x00000246d25b3aa2 sp=0x00000089af5f97c8 mode 2
Event: 1.509 Thread 0x00000246e650f190 Uncommon trap: trap_request=0xffffff45 fr.pc=0x00000246d2e10a28 relative=0x0000000000000168
Event: 1.509 Thread 0x00000246e650f190 Uncommon trap: reason=unstable_if action=reinterpret pc=0x00000246d2e10a28 method=java.io.DataInputStream.readFully([BII)V @ 37 c2
Event: 1.509 Thread 0x00000246e650f190 DEOPT PACKING pc=0x00000246d2e10a28 sp=0x00000089af5f9790
Event: 1.509 Thread 0x00000246e650f190 DEOPT UNPACKING pc=0x00000246d25b3aa2 sp=0x00000089af5f9720 mode 2
Event: 1.538 Thread 0x00000246e650f190 Uncommon trap: trap_request=0xffffff45 fr.pc=0x00000246d2ce701c relative=0x000000000000067c
Event: 1.538 Thread 0x00000246e650f190 Uncommon trap: reason=unstable_if action=reinterpret pc=0x00000246d2ce701c method=java.lang.String.replace(Ljava/lang/CharSequence;Ljava/lang/CharSequence;)Ljava/lang/String; @ 42 c2
Event: 1.538 Thread 0x00000246e650f190 DEOPT PACKING pc=0x00000246d2ce701c sp=0x00000089af5f7890
Event: 1.538 Thread 0x00000246e650f190 DEOPT UNPACKING pc=0x00000246d25b3aa2 sp=0x00000089af5f7810 mode 2
Event: 1.676 Thread 0x00000246e650f190 Uncommon trap: trap_request=0xffffffc6 fr.pc=0x00000246d2d6b910 relative=0x0000000000000b90
Event: 1.676 Thread 0x00000246e650f190 Uncommon trap: reason=bimorphic_or_optimized_type_check action=maybe_recompile pc=0x00000246d2d6b910 method=java.util.HashMap.putVal(ILjava/lang/Object;Ljava/lang/Object;ZZ)Ljava/lang/Object; @ 91 c2
Event: 1.676 Thread 0x00000246e650f190 DEOPT PACKING pc=0x00000246d2d6b910 sp=0x00000089af5f7f50
Event: 1.676 Thread 0x00000246e650f190 DEOPT UNPACKING pc=0x00000246d25b3aa2 sp=0x00000089af5f7e78 mode 2
Event: 1.690 Thread 0x00000246e650f190 Uncommon trap: trap_request=0xffffff45 fr.pc=0x00000246d2e0ab24 relative=0x0000000000000084
Event: 1.690 Thread 0x00000246e650f190 Uncommon trap: reason=unstable_if action=reinterpret pc=0x00000246d2e0ab24 method=java.lang.ref.SoftReference.get()Ljava/lang/Object; @ 6 c2
Event: 1.690 Thread 0x00000246e650f190 DEOPT PACKING pc=0x00000246d2e0ab24 sp=0x00000089af5f9a10
Event: 1.690 Thread 0x00000246e650f190 DEOPT UNPACKING pc=0x00000246d25b3aa2 sp=0x00000089af5f99a8 mode 2

Classes loaded (20 events):
Event: 1.667 Loading class java/lang/Class$AnnotationData
Event: 1.667 Loading class java/lang/Class$AnnotationData done
Event: 1.667 Loading class jdk/internal/reflect/MethodHandleIntegerFieldAccessorImpl
Event: 1.667 Loading class jdk/internal/reflect/MethodHandleIntegerFieldAccessorImpl done
Event: 1.672 Loading class java/io/PrintWriter
Event: 1.672 Loading class java/io/PrintWriter done
Event: 1.676 Loading class jdk/internal/reflect/MethodHandleShortFieldAccessorImpl
Event: 1.676 Loading class jdk/internal/reflect/MethodHandleShortFieldAccessorImpl done
Event: 1.676 Loading class java/lang/Short$ShortCache
Event: 1.676 Loading class java/lang/Short$ShortCache done
Event: 1.687 Loading class java/util/function/LongUnaryOperator
Event: 1.687 Loading class java/util/function/LongUnaryOperator done
Event: 1.687 Loading class java/lang/ThreadDeath
Event: 1.687 Loading class java/lang/ThreadDeath done
Event: 1.691 Loading class java/io/DataOutputStream
Event: 1.691 Loading class java/io/DataOutputStream done
Event: 1.693 Loading class java/util/stream/SortedOps$SizedRefSortingSink
Event: 1.693 Loading class java/util/stream/SortedOps$SizedRefSortingSink done
Event: 1.707 Loading class java/util/concurrent/atomic/Striped64$1
Event: 1.707 Loading class java/util/concurrent/atomic/Striped64$1 done

Classes unloaded (0 events):
No events

Classes redefined (0 events):
No events

Internal exceptions (20 events):
Event: 1.506 Thread 0x00000246e650f190 Exception <a 'java/lang/NoSuchMethodError'{0x00000000d5927af8}: 'java.lang.Object java.lang.invoke.DirectMethodHandle$Holder.newInvokeSpecial(java.lang.Object, java.lang.Object, java.lang.Object, java.lang.Object, java.lang.Object)'> (0x00000000d5927af8) 
thrown [s\src\hotspot\share\interpreter\linkResolver.cpp, line 773]
Event: 1.520 Thread 0x00000246e650f190 Exception <a 'java/lang/NoSuchMethodError'{0x00000000d5ab8648}: 'java.lang.Object java.lang.invoke.DirectMethodHandle$Holder.invokeStaticInit(java.lang.Object, int)'> (0x00000000d5ab8648) 
thrown [s\src\hotspot\share\interpreter\linkResolver.cpp, line 773]
Event: 1.540 Thread 0x00000246e650f190 Exception <a 'java/lang/NoSuchMethodError'{0x00000000d5d52568}: 'java.lang.Object java.lang.invoke.DirectMethodHandle$Holder.invokeStaticInit(java.lang.Object, int, int, int, int)'> (0x00000000d5d52568) 
thrown [s\src\hotspot\share\interpreter\linkResolver.cpp, line 773]
Event: 1.556 Thread 0x00000246e650f190 Exception <a 'java/lang/NoSuchMethodError'{0x00000000d5eb6a38}: 'java.lang.Object java.lang.invoke.DirectMethodHandle$Holder.invokeStaticInit(java.lang.Object, java.lang.Object, int, int, int, int)'> (0x00000000d5eb6a38) 
thrown [s\src\hotspot\share\interpreter\linkResolver.cpp, line 773]
Event: 1.668 Thread 0x00000246e650f190 Exception <a 'java/lang/NoSuchMethodError'{0x00000000d5fe3cf0}: 'void java.lang.invoke.DirectMethodHandle$Holder.invokeSpecial(java.lang.Object, java.lang.Object, java.lang.Object, int)'> (0x00000000d5fe3cf0) 
thrown [s\src\hotspot\share\interpreter\linkResolver.cpp, line 773]
Event: 1.668 Thread 0x00000246e650f190 Exception <a 'java/lang/NoSuchMethodError'{0x00000000d5fe7680}: 'void java.lang.invoke.DelegatingMethodHandle$Holder.reinvoke_L(java.lang.Object, java.lang.Object, int)'> (0x00000000d5fe7680) 
thrown [s\src\hotspot\share\interpreter\linkResolver.cpp, line 773]
Event: 1.668 Thread 0x00000246e650f190 Exception <a 'java/lang/NoSuchMethodError'{0x00000000d5fee368}: 'int java.lang.invoke.Invokers$Holder.invokeExact_MT(java.lang.Object, java.lang.Object, java.lang.Object)'> (0x00000000d5fee368) 
thrown [s\src\hotspot\share\interpreter\linkResolver.cpp, line 773]
Event: 1.677 Thread 0x00000246e650f190 Exception <a 'java/lang/NoSuchMethodError'{0x00000000d61841e0}: 'void java.lang.invoke.Invokers$Holder.invokeExact_MT(java.lang.Object, java.lang.Object, int, java.lang.Object)'> (0x00000000d61841e0) 
thrown [s\src\hotspot\share\interpreter\linkResolver.cpp, line 773]
Event: 1.686 Thread 0x00000246e650f190 Exception <a 'java/lang/NoSuchMethodError'{0x00000000d628bad8}: 'java.lang.Object java.lang.invoke.DirectMethodHandle$Holder.invokeSpecial(java.lang.Object, java.lang.Object, java.lang.Object, long, java.lang.Object)'> (0x00000000d628bad8) 
thrown [s\src\hotspot\share\interpreter\linkResolver.cpp, line 773]
Event: 1.686 Thread 0x00000246e650f190 Exception <a 'java/lang/NoSuchMethodError'{0x00000000d6293320}: 'java.lang.Object java.lang.invoke.DirectMethodHandle$Holder.newInvokeSpecial(java.lang.Object, java.lang.Object, java.lang.Object, long)'> (0x00000000d6293320) 
thrown [s\src\hotspot\share\interpreter\linkResolver.cpp, line 773]
Event: 1.687 Thread 0x00000246e650f190 Exception <a 'java/lang/NoSuchMethodError'{0x00000000d6297710}: 'java.lang.Object java.lang.invoke.DirectMethodHandle$Holder.invokeSpecial(java.lang.Object, java.lang.Object, java.lang.Object, java.lang.Object, long)'> (0x00000000d6297710) 
thrown [s\src\hotspot\share\interpreter\linkResolver.cpp, line 773]
Event: 1.687 Thread 0x00000246e650f190 Exception <a 'java/lang/NoSuchMethodError'{0x00000000d629b330}: 'java.lang.Object java.lang.invoke.Invokers$Holder.linkToTargetMethod(java.lang.Object, java.lang.Object, long, java.lang.Object)'> (0x00000000d629b330) 
thrown [s\src\hotspot\share\interpreter\linkResolver.cpp, line 773]
Event: 1.691 Thread 0x00000246e650f190 Exception <a 'java/lang/NoSuchMethodError'{0x00000000d630abc8}: 'int java.lang.invoke.DirectMethodHandle$Holder.invokeStaticInit(java.lang.Object, java.lang.Object, java.lang.Object)'> (0x00000000d630abc8) 
thrown [s\src\hotspot\share\interpreter\linkResolver.cpp, line 773]
Event: 1.697 Thread 0x00000246e650f190 Exception <a 'java/lang/IncompatibleClassChangeError'{0x00000000d63b1938}: Found class java.lang.Object, but interface was expected> (0x00000000d63b1938) 
thrown [s\src\hotspot\share\interpreter\linkResolver.cpp, line 840]
Event: 1.699 Thread 0x00000246e650f190 Exception <a 'java/lang/NoSuchMethodError'{0x00000000d63c17e8}: 'java.lang.Object java.lang.invoke.DirectMethodHandle$Holder.invokeSpecial(java.lang.Object, java.lang.Object, java.lang.Object, int, java.lang.Object, java.lang.Object)'> (0x00000000d63c17e8) 
thrown [s\src\hotspot\share\interpreter\linkResolver.cpp, line 773]
Event: 1.700 Thread 0x00000246e650f190 Exception <a 'java/lang/NoSuchMethodError'{0x00000000d63c9200}: 'java.lang.Object java.lang.invoke.DirectMethodHandle$Holder.newInvokeSpecial(java.lang.Object, java.lang.Object, java.lang.Object, int, java.lang.Object)'> (0x00000000d63c9200) 
thrown [s\src\hotspot\share\interpreter\linkResolver.cpp, line 773]
Event: 1.700 Thread 0x00000246e650f190 Exception <a 'java/lang/NoSuchMethodError'{0x00000000d63cd1c0}: 'java.lang.Object java.lang.invoke.DirectMethodHandle$Holder.invokeSpecial(java.lang.Object, java.lang.Object, java.lang.Object, java.lang.Object, int, java.lang.Object)'> (0x00000000d63cd1c0) 
thrown [s\src\hotspot\share\interpreter\linkResolver.cpp, line 773]
Event: 1.700 Thread 0x00000246e650f190 Exception <a 'java/lang/NoSuchMethodError'{0x00000000d63d0d00}: 'java.lang.Object java.lang.invoke.Invokers$Holder.linkToTargetMethod(java.lang.Object, java.lang.Object, int, java.lang.Object, java.lang.Object)'> (0x00000000d63d0d00) 
thrown [s\src\hotspot\share\interpreter\linkResolver.cpp, line 773]
Event: 1.700 Thread 0x00000246e650d750 Exception <a 'java/lang/NoSuchMethodError'{0x00000000d62e75a0}: 'java.lang.Object java.lang.invoke.DirectMethodHandle$Holder.invokeSpecial(java.lang.Object, java.lang.Object, int, java.lang.Object, java.lang.Object)'> (0x00000000d62e75a0) 
thrown [s\src\hotspot\share\interpreter\linkResolver.cpp, line 773]
Event: 1.709 Thread 0x00000246e650f190 Exception <a 'java/lang/NoSuchMethodError'{0x00000000d64dc7a0}: 'void java.lang.invoke.DirectMethodHandle$Holder.invokeSpecial(java.lang.Object, java.lang.Object, java.lang.Object, java.lang.Object, java.lang.Object)'> (0x00000000d64dc7a0) 
thrown [s\src\hotspot\share\interpreter\linkResolver.cpp, line 773]

ZGC Phase Switch (0 events):
No events

VM Operations (20 events):
Event: 0.990 Executing VM operation: ParallelGCFailedAllocation (Allocation Failure)
Event: 0.994 Executing VM operation: ParallelGCFailedAllocation (Allocation Failure) done
Event: 1.185 Executing VM operation: HandshakeAllThreads (Deoptimize)
Event: 1.185 Executing VM operation: HandshakeAllThreads (Deoptimize) done
Event: 1.205 Executing VM operation: ParallelGCFailedAllocation (Allocation Failure)
Event: 1.208 Executing VM operation: ParallelGCFailedAllocation (Allocation Failure) done
Event: 1.375 Executing VM operation: ICBufferFull
Event: 1.375 Executing VM operation: ICBufferFull done
Event: 1.476 Executing VM operation: ParallelGCFailedAllocation (Allocation Failure)
Event: 1.478 Executing VM operation: ParallelGCFailedAllocation (Allocation Failure) done
Event: 1.492 Executing VM operation: HandshakeAllThreads (Deoptimize)
Event: 1.492 Executing VM operation: HandshakeAllThreads (Deoptimize) done
Event: 1.525 Executing VM operation: HandshakeAllThreads (Deoptimize)
Event: 1.525 Executing VM operation: HandshakeAllThreads (Deoptimize) done
Event: 1.550 Executing VM operation: HandshakeAllThreads (Deoptimize)
Event: 1.550 Executing VM operation: HandshakeAllThreads (Deoptimize) done
Event: 1.662 Executing VM operation: HandshakeAllThreads (Deoptimize)
Event: 1.662 Executing VM operation: HandshakeAllThreads (Deoptimize) done
Event: 2.672 Executing VM operation: Cleanup
Event: 2.672 Executing VM operation: Cleanup done

Memory protections (0 events):
No events

Nmethod flushes (0 events):
No events

Events (20 events):
Event: 0.066 Thread 0x00000246c7f2b960 Thread added: 0x00000246dfdb29a0
Event: 0.087 Thread 0x00000246dfccb3f0 Thread added: 0x00000246dfdb6ae0
Event: 0.095 Thread 0x00000246dfccb3f0 Thread added: 0x00000246dfdf0c70
Event: 0.145 Thread 0x00000246dfdb6ae0 Thread added: 0x00000246dff58200
Event: 0.146 Thread 0x00000246dfdb6ae0 Thread added: 0x00000246dff588a0
Event: 0.246 Thread 0x00000246c7f2b960 Thread added: 0x00000246e6090f00
Event: 0.322 Thread 0x00000246dfccb3f0 Thread added: 0x00000246e6131a30
Event: 0.323 Thread 0x00000246dff58200 Thread added: 0x00000246e60cf8c0
Event: 0.715 Thread 0x00000246c7f2b960 Thread added: 0x00000246e69cbf90
Event: 0.817 Thread 0x00000246c7f2b960 Thread added: 0x00000246e6d16b30
Event: 0.831 Thread 0x00000246e6d16b30 Thread added: 0x00000246e650e470
Event: 0.833 Thread 0x00000246c7f2b960 Thread added: 0x00000246e650f190
Event: 1.035 Thread 0x00000246e650f190 Thread added: 0x00000246e650dde0
Event: 1.134 Thread 0x00000246e650f190 Thread added: 0x00000246e650ca30
Event: 1.179 Thread 0x00000246e650f190 Thread added: 0x00000246e650eb00
Event: 1.416 Thread 0x00000246e650f190 Thread added: 0x00000246e650f820
Event: 1.671 Thread 0x00000246e650f190 Thread added: 0x00000246e650d0c0
Event: 1.688 Thread 0x00000246e650f190 Thread added: 0x00000246e650d750
Event: 1.701 Thread 0x00000246e650f190 Thread added: 0x00000246e738ef00
Event: 2.719 Thread 0x00000246dff588a0 Thread exited: 0x00000246dff588a0


Dynamic libraries:
0x00007ff60b760000 - 0x00007ff60b76e000 	c:\Users\Avishka\.vscode\extensions\redhat.java-1.44.0-win32-x64\jre\21.0.8-win32-x86_64\bin\java.exe
0x00007ff911ae0000 - 0x00007ff911d47000 	C:\Windows\SYSTEM32\ntdll.dll
0x00007ff911110000 - 0x00007ff9111d9000 	C:\Windows\System32\KERNEL32.DLL
0x00007ff90f030000 - 0x00007ff90f420000 	C:\Windows\System32\KERNELBASE.dll
0x00007ff90f570000 - 0x00007ff90f6bb000 	C:\Windows\System32\ucrtbase.dll
0x00007ff907440000 - 0x00007ff907458000 	c:\Users\Avishka\.vscode\extensions\redhat.java-1.44.0-win32-x64\jre\21.0.8-win32-x86_64\bin\jli.dll
0x00007ff8ff360000 - 0x00007ff8ff37e000 	c:\Users\Avishka\.vscode\extensions\redhat.java-1.44.0-win32-x64\jre\21.0.8-win32-x86_64\bin\VCRUNTIME140.dll
0x00007ff910780000 - 0x00007ff910945000 	C:\Windows\System32\USER32.dll
0x00007ff90f6c0000 - 0x00007ff90f6e7000 	C:\Windows\System32\win32u.dll
0x00007ff8f7fe0000 - 0x00007ff8f827a000 	C:\Windows\WinSxS\amd64_microsoft.windows.common-controls_6595b64144ccf1df_6.0.26100.4768_none_3e0c112ce331287c\COMCTL32.dll
0x00007ff911330000 - 0x00007ff91135b000 	C:\Windows\System32\GDI32.dll
0x00007ff911900000 - 0x00007ff9119a9000 	C:\Windows\System32\msvcrt.dll
0x00007ff90f430000 - 0x00007ff90f568000 	C:\Windows\System32\gdi32full.dll
0x00007ff90ef80000 - 0x00007ff90f023000 	C:\Windows\System32\msvcp_win.dll
0x00007ff910950000 - 0x00007ff91097f000 	C:\Windows\System32\IMM32.DLL
0x00007ff8f5560000 - 0x00007ff8f5652000 	C:\Program Files\Windhawk\Engine\1.6.1\64\windhawk.dll
0x00007ff9111e0000 - 0x00007ff911294000 	C:\Windows\System32\ADVAPI32.dll
0x00007ff9102a0000 - 0x00007ff910346000 	C:\Windows\System32\sechost.dll
0x00007ff9104c0000 - 0x00007ff9105d8000 	C:\Windows\System32\RPCRT4.dll
0x00007ff907650000 - 0x00007ff90765c000 	c:\Users\Avishka\.vscode\extensions\redhat.java-1.44.0-win32-x64\jre\21.0.8-win32-x86_64\bin\vcruntime140_1.dll
0x00007ff8d42a0000 - 0x00007ff8d432d000 	c:\Users\Avishka\.vscode\extensions\redhat.java-1.44.0-win32-x64\jre\21.0.8-win32-x86_64\bin\msvcp140.dll
0x00007ff878f80000 - 0x00007ff879d17000 	c:\Users\Avishka\.vscode\extensions\redhat.java-1.44.0-win32-x64\jre\21.0.8-win32-x86_64\bin\server\jvm.dll
0x00007ff90fff0000 - 0x00007ff910064000 	C:\Windows\System32\WS2_32.dll
0x00007ff90ea90000 - 0x00007ff90eaee000 	C:\Windows\SYSTEM32\POWRPROF.dll
0x00007ff8fc0d0000 - 0x00007ff8fc105000 	C:\Windows\SYSTEM32\WINMM.dll
0x00007ff903d30000 - 0x00007ff903d3b000 	C:\Windows\SYSTEM32\VERSION.dll
0x00007ff90ea50000 - 0x00007ff90ea64000 	C:\Windows\SYSTEM32\UMPDC.dll
0x00007ff90d960000 - 0x00007ff90d97b000 	C:\Windows\SYSTEM32\kernel.appcore.dll
0x00007ff9060d0000 - 0x00007ff9060da000 	c:\Users\Avishka\.vscode\extensions\redhat.java-1.44.0-win32-x64\jre\21.0.8-win32-x86_64\bin\jimage.dll
0x00007ff90c3d0000 - 0x00007ff90c611000 	C:\Windows\SYSTEM32\DBGHELP.DLL
0x00007ff910c30000 - 0x00007ff910fb5000 	C:\Windows\System32\combase.dll
0x00007ff9119b0000 - 0x00007ff911a90000 	C:\Windows\System32\OLEAUT32.dll
0x00007ff8ff260000 - 0x00007ff8ff2a3000 	C:\Windows\SYSTEM32\dbgcore.DLL
0x00007ff90eca0000 - 0x00007ff90ed39000 	C:\Windows\System32\bcryptPrimitives.dll
0x00007ff904ed0000 - 0x00007ff904edf000 	c:\Users\Avishka\.vscode\extensions\redhat.java-1.44.0-win32-x64\jre\21.0.8-win32-x86_64\bin\instrument.dll
0x00007ff8f5680000 - 0x00007ff8f569f000 	c:\Users\Avishka\.vscode\extensions\redhat.java-1.44.0-win32-x64\jre\21.0.8-win32-x86_64\bin\java.dll
0x00007ff90f8a0000 - 0x00007ff90ffed000 	C:\Windows\System32\SHELL32.dll
0x00007ff90f6f0000 - 0x00007ff90f863000 	C:\Windows\System32\wintypes.dll
0x00007ff90c7b0000 - 0x00007ff90d010000 	C:\Windows\SYSTEM32\windows.storage.dll
0x00007ff9105e0000 - 0x00007ff9106d5000 	C:\Windows\System32\SHCORE.dll
0x00007ff9112a0000 - 0x00007ff91130a000 	C:\Windows\System32\shlwapi.dll
0x00007ff90eb30000 - 0x00007ff90eb59000 	C:\Windows\SYSTEM32\profapi.dll
0x00007ff8f5660000 - 0x00007ff8f5678000 	c:\Users\Avishka\.vscode\extensions\redhat.java-1.44.0-win32-x64\jre\21.0.8-win32-x86_64\bin\zip.dll
0x00007ff904ea0000 - 0x00007ff904eb0000 	C:\Users\Avishka\.vscode\extensions\redhat.java-1.44.0-win32-x64\jre\21.0.8-win32-x86_64\bin\net.dll
0x00007ff907e90000 - 0x00007ff907fae000 	C:\Windows\SYSTEM32\WINHTTP.dll
0x00007ff90ded0000 - 0x00007ff90df3b000 	C:\Windows\system32\mswsock.dll
0x00007ff8f4780000 - 0x00007ff8f4796000 	C:\Users\Avishka\.vscode\extensions\redhat.java-1.44.0-win32-x64\jre\21.0.8-win32-x86_64\bin\nio.dll
0x00007ff902300000 - 0x00007ff902310000 	c:\Users\Avishka\.vscode\extensions\redhat.java-1.44.0-win32-x64\jre\21.0.8-win32-x86_64\bin\verify.dll
0x00007ff8dc580000 - 0x00007ff8dc5c5000 	C:\Users\Avishka\AppData\Roaming\Code\User\globalStorage\redhat.java\1.44.0\config_win\org.eclipse.equinox.launcher\org.eclipse.equinox.launcher.win32.win32.x86_64_1.2.1400.v20250730-1736\eclipse_11913.dll
0x00007ff9100d0000 - 0x00007ff910270000 	C:\Windows\System32\ole32.dll
0x00007ff90e160000 - 0x00007ff90e17b000 	C:\Windows\SYSTEM32\CRYPTSP.dll
0x00007ff90d8c0000 - 0x00007ff90d8fb000 	C:\Windows\system32\rsaenh.dll
0x00007ff90df70000 - 0x00007ff90df9b000 	C:\Windows\SYSTEM32\USERENV.dll
0x00007ff90eb00000 - 0x00007ff90eb26000 	C:\Windows\SYSTEM32\bcrypt.dll
0x00007ff90e150000 - 0x00007ff90e15c000 	C:\Windows\SYSTEM32\CRYPTBASE.dll
0x00007ff90d340000 - 0x00007ff90d373000 	C:\Windows\SYSTEM32\IPHLPAPI.DLL
0x00007ff910290000 - 0x00007ff91029a000 	C:\Windows\System32\NSI.dll
0x00007ff8db8b0000 - 0x00007ff8db8f9000 	C:\Users\Avishka\AppData\Local\Temp\jna-1036935967\jna8444759995815941861.dll
0x00007ff910280000 - 0x00007ff910288000 	C:\Windows\System32\PSAPI.DLL

JVMTI agents:
c:\Users\Avishka\.vscode\extensions\redhat.java-1.44.0-win32-x64\lombok\lombok-1.18.39-4050.jar path:c:\Users\Avishka\.vscode\extensions\redhat.java-1.44.0-win32-x64\jre\21.0.8-win32-x86_64\bin\instrument.dll, loaded, initialized, instrumentlib options:none

dbghelp: loaded successfully - version: 4.0.5 - missing functions: none
symbol engine: initialized successfully - sym options: 0x614 - pdb path: .;c:\Users\Avishka\.vscode\extensions\redhat.java-1.44.0-win32-x64\jre\21.0.8-win32-x86_64\bin;C:\Windows\SYSTEM32;C:\Windows\WinSxS\amd64_microsoft.windows.common-controls_6595b64144ccf1df_6.0.26100.4768_none_3e0c112ce331287c;C:\Program Files\Windhawk\Engine\1.6.1\64;c:\Users\Avishka\.vscode\extensions\redhat.java-1.44.0-win32-x64\jre\21.0.8-win32-x86_64\bin\server;C:\Users\Avishka\AppData\Roaming\Code\User\globalStorage\redhat.java\1.44.0\config_win\org.eclipse.equinox.launcher\org.eclipse.equinox.launcher.win32.win32.x86_64_1.2.1400.v20250730-1736;C:\Users\Avishka\AppData\Local\Temp\jna-1036935967

VM Arguments:
jvm_args: --add-modules=ALL-SYSTEM --add-opens=java.base/java.util=ALL-UNNAMED --add-opens=java.base/java.lang=ALL-UNNAMED --add-opens=java.base/sun.nio.fs=ALL-UNNAMED -Declipse.application=org.eclipse.jdt.ls.core.id1 -Dosgi.bundles.defaultStartLevel=4 -Declipse.product=org.eclipse.jdt.ls.core.product -Djava.import.generatesMetadataFilesAtProjectRoot=false -DDetectVMInstallationsJob.disabled=true -Dfile.encoding=utf8 -XX:+UseParallelGC -XX:GCTimeRatio=4 -XX:AdaptiveSizePolicyWeight=90 -Dsun.zip.disableMemoryMapping=true -Xmx2G -Xms100m -Xlog:disable -javaagent:c:\Users\Avishka\.vscode\extensions\redhat.java-1.44.0-win32-x64\lombok\lombok-1.18.39-4050.jar -XX:+HeapDumpOnOutOfMemoryError -XX:HeapDumpPath=c:\Users\Avishka\AppData\Roaming\Code\User\workspaceStorage\bc28ba390c83b240dd2435da20ed720d\redhat.java -Daether.dependencyCollector.impl=bf 
java_command: c:\Users\Avishka\.vscode\extensions\redhat.java-1.44.0-win32-x64\server\plugins\org.eclipse.equinox.launcher_1.7.0.v20250519-0528.jar -configuration c:\Users\Avishka\AppData\Roaming\Code\User\globalStorage\redhat.java\1.44.0\config_win -data c:\Users\Avishka\AppData\Roaming\Code\User\workspaceStorage\bc28ba390c83b240dd2435da20ed720d\redhat.java\jdt_ws --pipe=\\.\pipe\lsp-b9521813dbb069754f2e5bf801bdd21f-sock
java_class_path (initial): c:\Users\Avishka\.vscode\extensions\redhat.java-1.44.0-win32-x64\server\plugins\org.eclipse.equinox.launcher_1.7.0.v20250519-0528.jar
Launcher Type: SUN_STANDARD

[Global flags]
    uintx AdaptiveSizePolicyWeight                 = 90                                        {product} {command line}
     intx CICompilerCount                          = 12                                        {product} {ergonomic}
    uintx GCTimeRatio                              = 4                                         {product} {command line}
     bool HeapDumpOnOutOfMemoryError               = true                                   {manageable} {command line}
    ccstr HeapDumpPath                             = c:\Users\Avishka\AppData\Roaming\Code\User\workspaceStorage\bc28ba390c83b240dd2435da20ed720d\redhat.java         {manageable} {command line}
   size_t InitialHeapSize                          = 104857600                                 {product} {command line}
   size_t MaxHeapSize                              = 2147483648                                {product} {command line}
   size_t MaxNewSize                               = 715653120                                 {product} {ergonomic}
   size_t MinHeapDeltaBytes                        = 524288                                    {product} {ergonomic}
   size_t MinHeapSize                              = 104857600                                 {product} {command line}
   size_t NewSize                                  = 34603008                                  {product} {ergonomic}
    uintx NonNMethodCodeHeapSize                   = 7602480                                {pd product} {ergonomic}
    uintx NonProfiledCodeHeapSize                  = 122027880                              {pd product} {ergonomic}
   size_t OldSize                                  = 70254592                                  {product} {ergonomic}
    uintx ProfiledCodeHeapSize                     = 122027880                              {pd product} {ergonomic}
    uintx ReservedCodeCacheSize                    = 251658240                              {pd product} {ergonomic}
     bool SegmentedCodeCache                       = true                                      {product} {ergonomic}
   size_t SoftMaxHeapSize                          = 2147483648                             {manageable} {ergonomic}
     bool UseCompressedOops                        = true                           {product lp64_product} {ergonomic}
     bool UseLargePagesIndividualAllocation        = false                                  {pd product} {ergonomic}
     bool UseParallelGC                            = true                                      {product} {command line}

Logging:
Log output configuration:
 #0: stdout all=off uptime,level,tags foldmultilines=false
 #1: stderr all=off uptime,level,tags foldmultilines=false

Environment Variables:
JAVA_HOME=C:\Program Files\Java\jdk-17
PATH=C:\Program Files\Common Files\Oracle\Java\javapath;C:\Windows\system32;C:\Windows;C:\Windows\System32\Wbem;C:\Windows\System32\WindowsPowerShell\v1.0\;C:\Windows\System32\OpenSSH\;C:\Program Files\nodejs\;C:\ProgramData\Microsoft\Windows\Start Menu\Programs\Node.js;C:\Program Files\dotnet\;C:\Users\Avishka\Downloads\jdk-17.0.12_windows-x64_bin.exe;C:\Program Files\Git\cmd;C:\Flutter\flutter\bin;C:\Program Files\MariaDB 11.7\bin;C:\Users\Avishka\Downloads\exiftool-13.30_64\exiftool-13.30_64;C:\Program Files\Docker\Docker\resources\bin;C:\Users\Avishka\Downloads\dotnet-sdk-8.0.411-win-x64.exe;C:\Users\Avishka\Desktop\apache-cassandra-4.0.18\bin;C:\Users\Avishka\Desktop\apache-cassandra-4.0.18\bin;C:\Users\Avishka\Desktop\mongosh-2.5.6-win32-x64\bin;C:\Program Files\MongoDB\Server\8.0\bin;C:\Users\Avishka\Documents\apache-maven-3.8.9\bin;C:\Users\Avishka\Documents\apache-maven-3.8.9\bin;C:\Program Files\Common Files\Oracle\Java\javapath;C:\Windows\system32;C:\Windows;C:\Windows\System32\Wbem;C:\Windows\System32\WindowsPowerShell\v1.0\;C:\Windows\System32\OpenSSH\;C:\Program Files\nodejs\;C:\ProgramData\Microsoft\Windows\Start Menu\Programs\Node.js;C:\Program Files\dotnet\;C:\Users\Avishka\Downloads\jdk-17.0.12_windows-x64_bin.exe;C:\Program Files\Git\cmd;C:\Flutter\flutter\bin;C:\Program Files\MariaDB 11.7\bin;C:\Users\Avishka\Downloads\exiftool-13.30_64\exiftool-13.30_64;C:\Program Files\Docker\Docker\resources\bin;C:\Users\Avishka\Downloads\dotnet-sdk-8.0.411-win-x64.exe;C:\Users\Avishka\Desktop\apache-cassandra-4.0.18\bin;C:\Users\Avishka\Desktop\apache-cassandra-4.0.18\bin;C:\Users\Avishka\Desktop\mongosh-2.5.6-win32-x64\bin;C:\Program Files\MongoDB\Server\8.0\bin;C:\Users\Avishka\Documents\apache-maven-3.8.9\bin;C:\Users\Avishka\Documents\apache-maven-3.8.9\bin;;C:\Program Files\Java\jdk-17\bin;C:\Users\Avishka\AppData\Local\Programs\Microsoft VS Code\bin;C:\Users\Avishka\.dotnet\tools
USERNAME=Avishka
OS=Windows_NT
PROCESSOR_IDENTIFIER=Intel64 Family 6 Model 170 Stepping 4, GenuineIntel
TMP=C:\Users\Avishka\AppData\Local\Temp
TEMP=C:\Users\Avishka\AppData\Local\Temp




Periodic native trim disabled

---------------  S Y S T E M  ---------------

OS:
 Windows 11 , 64 bit Build 26100 (10.0.26100.4768)
OS uptime: 6 days 8:51 hours
Hyper-V role detected

CPU: total 18 (initial active 18) (9 cores per cpu, 2 threads per core) family 6 model 170 stepping 4 microcode 0x24, cx8, cmov, fxsr, ht, mmx, 3dnowpref, sse, sse2, sse3, ssse3, sse4.1, sse4.2, popcnt, lzcnt, tsc, tscinvbit, avx, avx2, aes, erms, clmul, bmi1, bmi2, adx, sha, fma, vzeroupper, clflush, clflushopt, clwb, hv, serialize, rdtscp, rdpid, fsrm, f16c, cet_ibt, cet_ss
Processor Information for processor 0
  Max Mhz: 1200, Current Mhz: 1200, Mhz Limit: 1200
Processor Information for processor 1
  Max Mhz: 1200, Current Mhz: 1200, Mhz Limit: 1200
Processor Information for processor 2
  Max Mhz: 700, Current Mhz: 700, Mhz Limit: 700
Processor Information for processor 3
  Max Mhz: 700, Current Mhz: 700, Mhz Limit: 700
Processor Information for processor 4
  Max Mhz: 700, Current Mhz: 700, Mhz Limit: 700
Processor Information for processor 5
  Max Mhz: 700, Current Mhz: 700, Mhz Limit: 700
Processor Information for processor 6
  Max Mhz: 700, Current Mhz: 700, Mhz Limit: 700
Processor Information for processor 7
  Max Mhz: 700, Current Mhz: 700, Mhz Limit: 700
Processor Information for processor 8
  Max Mhz: 700, Current Mhz: 700, Mhz Limit: 700
Processor Information for processor 9
  Max Mhz: 700, Current Mhz: 700, Mhz Limit: 700
Processor Information for processor 10
  Max Mhz: 1200, Current Mhz: 1200, Mhz Limit: 1200
Processor Information for processor 11
  Max Mhz: 1200, Current Mhz: 1200, Mhz Limit: 1200
Processor Information for processor 12
  Max Mhz: 1200, Current Mhz: 1200, Mhz Limit: 1200
Processor Information for processor 13
  Max Mhz: 1200, Current Mhz: 1200, Mhz Limit: 1200
Processor Information for processor 14
  Max Mhz: 1200, Current Mhz: 1200, Mhz Limit: 1200
Processor Information for processor 15
  Max Mhz: 1200, Current Mhz: 1200, Mhz Limit: 1200
Processor Information for processor 16
  Max Mhz: 700, Current Mhz: 700, Mhz Limit: 700
Processor Information for processor 17
  Max Mhz: 700, Current Mhz: 700, Mhz Limit: 700

Memory: 4k page, system-wide physical 16053M (3251M free)
TotalPageFile size 20149M (AvailPageFile size 14M)
current process WorkingSet (physical memory assigned to process): 136M, peak: 136M
current process commit charge ("private bytes"): 296M, peak: 297M

vm_info: OpenJDK 64-Bit Server VM (21.0.8+9-LTS) for windows-amd64 JRE (21.0.8+9-LTS), built on 2025-07-15T00:00:00Z by "admin" with MS VC++ 17.7 (VS2022)

END.
